#
# There is insufficient memory for the Java Runtime Environment to continue.
# Native memory allocation (malloc) failed to allocate 2421776 bytes for Chunk::new
# Possible reasons:
#   The system is out of physical RAM or swap space
#   The process is running with CompressedOops enabled, and the Java Heap may be blocking the growth of the native heap
# Possible solutions:
#   Reduce memory load on the system
#   Increase physical memory or swap space
#   Check if swap backing store is full
#   Decrease Java heap size (-Xmx/-Xms)
#   Decrease number of Java threads
#   Decrease Java thread stack sizes (-Xss)
#   Set larger code cache with -XX:ReservedCodeCacheSize=
#   JVM is running with Zero Based Compressed Oops mode in which the Java heap is
#     placed in the first 32GB address space. The Java Heap base address is the
#     maximum limit for the native heap growth. Please use -XX:HeapBaseMinAddress
#     to set the Java Heap base and to place the Java Heap above 32GB virtual address.
# This output file may be truncated or incomplete.
#
#  Out of Memory Error (allocation.cpp:389), pid=21460, tid=0x0000000000000d68
#
# JRE version: OpenJDK Runtime Environment (8.0_312-b07) (build 1.8.0_312-b07)
# Java VM: OpenJDK 64-Bit Server VM (25.312-b07 mixed mode windows-amd64 compressed oops)
# Failed to write core dump. Minidumps are not enabled by default on client versions of Windows
#

---------------  T H R E A D  ---------------

Current thread (0x0000021b31006800):  JavaThread "C2 CompilerThread1" daemon [_thread_in_native, id=3432, stack(0x000000f887600000,0x000000f887700000)]

Stack: [0x000000f887600000,0x000000f887700000]
[error occurred during error reporting (printing stack bounds), id 0xc0000005]

Native frames: (J=compiled Java code, j=interpreted, Vv=VM code, C=native code)


Current CompileTask:
C2:   8484 4753       4       com.sun.beans.TypeResolver::resolve (37 bytes)


---------------  P R O C E S S  ---------------

Java Threads: ( => current thread )
  0x0000021b37fb1800 JavaThread "lettuce-timer-3-1" daemon [_thread_blocked, id=5756, stack(0x000000f889000000,0x000000f889100000)]
  0x0000021b33c20000 JavaThread "DefaultQuartzScheduler_QuartzSchedulerThread" [_thread_blocked, id=1964, stack(0x000000f888f00000,0x000000f889000000)]
  0x0000021b33c1f000 JavaThread "DefaultQuartzScheduler_Worker-10" [_thread_blocked, id=6064, stack(0x000000f888e00000,0x000000f888f00000)]
  0x0000021b33c1e800 JavaThread "DefaultQuartzScheduler_Worker-9" [_thread_blocked, id=4200, stack(0x000000f888d00000,0x000000f888e00000)]
  0x0000021b33c24000 JavaThread "DefaultQuartzScheduler_Worker-8" [_thread_blocked, id=21256, stack(0x000000f888c00000,0x000000f888d00000)]
  0x0000021b33c22000 JavaThread "DefaultQuartzScheduler_Worker-7" [_thread_blocked, id=11228, stack(0x000000f888b00000,0x000000f888c00000)]
  0x0000021b33c1d800 JavaThread "DefaultQuartzScheduler_Worker-6" [_thread_blocked, id=10192, stack(0x000000f888a00000,0x000000f888b00000)]
  0x0000021b33c21800 JavaThread "DefaultQuartzScheduler_Worker-5" [_thread_blocked, id=4852, stack(0x000000f888900000,0x000000f888a00000)]
  0x0000021b33c20800 JavaThread "DefaultQuartzScheduler_Worker-4" [_thread_blocked, id=25176, stack(0x000000f888800000,0x000000f888900000)]
  0x0000021b33c23000 JavaThread "DefaultQuartzScheduler_Worker-3" [_thread_blocked, id=23596, stack(0x000000f888700000,0x000000f888800000)]
  0x0000021b33c24800 JavaThread "DefaultQuartzScheduler_Worker-2" [_thread_blocked, id=16956, stack(0x000000f888600000,0x000000f888700000)]
  0x0000021b3541c000 JavaThread "DefaultQuartzScheduler_Worker-1" [_thread_blocked, id=2000, stack(0x000000f888500000,0x000000f888600000)]
  0x0000021b35bb6000 JavaThread "mysql-cj-abandoned-connection-cleanup" daemon [_thread_blocked, id=6612, stack(0x000000f888400000,0x000000f888500000)]
  0x0000021b355de000 JavaThread "I/O dispatcher 8" [_thread_in_native, id=4496, stack(0x000000f888300000,0x000000f888400000)]
  0x0000021b31bec800 JavaThread "I/O dispatcher 7" [_thread_in_native, id=4036, stack(0x000000f888200000,0x000000f888300000)]
  0x0000021b31bea800 JavaThread "I/O dispatcher 6" [_thread_in_native, id=15468, stack(0x000000f888100000,0x000000f888200000)]
  0x0000021b31bea000 JavaThread "I/O dispatcher 5" [_thread_in_native, id=2320, stack(0x000000f888000000,0x000000f888100000)]
  0x0000021b31be9000 JavaThread "I/O dispatcher 4" [_thread_in_native, id=20900, stack(0x000000f887f00000,0x000000f888000000)]
  0x0000021b31b0c800 JavaThread "I/O dispatcher 3" [_thread_in_native, id=3492, stack(0x000000f887e00000,0x000000f887f00000)]
  0x0000021b33c09800 JavaThread "I/O dispatcher 2" [_thread_in_native, id=19504, stack(0x000000f887d00000,0x000000f887e00000)]
  0x0000021b341c7800 JavaThread "I/O dispatcher 1" [_thread_in_native, id=16652, stack(0x000000f887c00000,0x000000f887d00000)]
  0x0000021b311db800 JavaThread "pool-1-thread-1" [_thread_in_native, id=24832, stack(0x000000f887b00000,0x000000f887c00000)]
  0x0000021b2f3ce000 JavaThread "Service Thread" daemon [_thread_blocked, id=6724, stack(0x000000f887900000,0x000000f887a00000)]
  0x0000021b3100d000 JavaThread "C1 CompilerThread3" daemon [_thread_blocked, id=21844, stack(0x000000f887800000,0x000000f887900000)]
  0x0000021b31009800 JavaThread "C2 CompilerThread2" daemon [_thread_in_native, id=16100, stack(0x000000f887700000,0x000000f887800000)]
=>0x0000021b31006800 JavaThread "C2 CompilerThread1" daemon [_thread_in_native, id=3432, stack(0x000000f887600000,0x000000f887700000)]
  0x0000021b31001800 JavaThread "C2 CompilerThread0" daemon [_thread_blocked, id=22892, stack(0x000000f887500000,0x000000f887600000)]
  0x0000021b30ffb800 JavaThread "Monitor Ctrl-Break" daemon [_thread_in_native, id=5916, stack(0x000000f887400000,0x000000f887500000)]
  0x0000021b30fc3800 JavaThread "Attach Listener" daemon [_thread_blocked, id=5680, stack(0x000000f887300000,0x000000f887400000)]
  0x0000021b2f396800 JavaThread "Signal Dispatcher" daemon [_thread_blocked, id=1012, stack(0x000000f887200000,0x000000f887300000)]
  0x0000021b2efeb000 JavaThread "Finalizer" daemon [_thread_blocked, id=20872, stack(0x000000f887100000,0x000000f887200000)]
  0x0000021b2f367000 JavaThread "Reference Handler" daemon [_thread_blocked, id=10020, stack(0x000000f887000000,0x000000f887100000)]
  0x0000021b14313000 JavaThread "main" [_thread_in_vm, id=3088, stack(0x000000f886600000,0x000000f886700000)]

Other Threads:
  0x0000021b2f33f000 VMThread [stack: 0x000000f886f00000,0x000000f887000000] [id=23408]
  0x0000021b310c7800 WatcherThread [stack: 0x000000f887a00000,0x000000f887b00000] [id=14028]

VM state:not at safepoint (normal execution)

VM Mutex/Monitor currently owned by a thread: None

heap address: 0x00000006c2a00000, size: 4054 MB, Compressed Oops mode: Zero based, Oop shift amount: 3
Narrow klass base: 0x0000000000000000, Narrow klass shift: 3
Compressed class space size: 1073741824 Address: 0x00000007c0000000

Heap:
 PSYoungGen      total 154112K, used 111344K [0x000000076b900000, 0x0000000777280000, 0x00000007c0000000)
  eden space 143360K, 70% used [0x000000076b900000,0x0000000771b3f6f8,0x0000000774500000)
  from space 10752K, 99% used [0x0000000774500000,0x0000000774f7c9b0,0x0000000774f80000)
  to   space 12288K, 0% used [0x0000000776680000,0x0000000776680000,0x0000000777280000)
 ParOldGen       total 175616K, used 16955K [0x00000006c2a00000, 0x00000006cd580000, 0x000000076b900000)
  object space 175616K, 9% used [0x00000006c2a00000,0x00000006c3a8ed90,0x00000006cd580000)
 Metaspace       used 53515K, capacity 56876K, committed 57000K, reserved 1099776K
  class space    used 6907K, capacity 7580K, committed 7592K, reserved 1048576K

Card table byte_map: [0x0000021b25310000,0x0000021b25b00000] byte_map_base: 0x0000021b21cfb000

Marking Bits: (ParMarkBitMap*) 0x0000000070b61860
 Begin Bits: [0x0000021b26050000, 0x0000021b29fa8000)
 End Bits:   [0x0000021b29fa8000, 0x0000021b2df00000)

Polling page: 0x0000021b14290000

CodeCache: size=245760Kb used=15666Kb max_used=15677Kb free=230093Kb
 bounds [0x0000021b15f50000, 0x0000021b16eb0000, 0x0000021b24f50000]
 total_blobs=4824 nmethods=4292 adapters=444
 compilation: enabled

Compilation events (10 events):
Event: 8.403 Thread 0x0000021b31001800 4809       4       org.springframework.core.ResolvableType::<init> (39 bytes)
Event: 8.407 Thread 0x0000021b31001800 nmethod 4809 0x0000021b16eab450 code [0x0000021b16eab600, 0x0000021b16eaba30]
Event: 8.407 Thread 0x0000021b31001800 4846       4       org.springframework.cglib.core.TypeUtils::ICONST (63 bytes)
Event: 8.408 Thread 0x0000021b31001800 nmethod 4846 0x0000021b16ea5c50 code [0x0000021b16ea5d80, 0x0000021b16ea5e18]
Event: 8.412 Thread 0x0000021b31001800 4878  s    4       java.util.jar.JarFile::getInputStream (89 bytes)
Event: 8.423 Thread 0x0000021b31001800 nmethod 4878 0x0000021b16ea91d0 code [0x0000021b16ea9360, 0x0000021b16ea9ba8]
Event: 8.466 Thread 0x0000021b31001800 4879       4       java.lang.ClassLoader::addClass (9 bytes)
Event: 8.469 Thread 0x0000021b31001800 nmethod 4879 0x0000021b16ea61d0 code [0x0000021b16ea6320, 0x0000021b16ea6708]
Event: 8.482 Thread 0x0000021b3100d000 4880       1       okio.ByteString::getData$okio (5 bytes)
Event: 8.482 Thread 0x0000021b3100d000 nmethod 4880 0x0000021b16ea5e90 code [0x0000021b16ea5fe0, 0x0000021b16ea60f8]

GC Heap History (10 events):
Event: 3.994 GC heap before
{Heap before GC invocations=7 (full 1):
 PSYoungGen      total 75776K, used 71673K [0x000000076b900000, 0x0000000772a00000, 0x00000007c0000000)
  eden space 65024K, 100% used [0x000000076b900000,0x000000076f880000,0x000000076f880000)
  from space 10752K, 61% used [0x000000076f880000,0x000000076fefe668,0x0000000770300000)
  to   space 9728K, 0% used [0x0000000772080000,0x0000000772080000,0x0000000772a00000)
 ParOldGen       total 109568K, used 8784K [0x00000006c2a00000, 0x00000006c9500000, 0x000000076b900000)
  object space 109568K, 8% used [0x00000006c2a00000,0x00000006c3294200,0x00000006c9500000)
 Metaspace       used 29492K, capacity 31530K, committed 31616K, reserved 1077248K
  class space    used 3761K, capacity 4147K, committed 4224K, reserved 1048576K
Event: 3.999 GC heap after
Heap after GC invocations=7 (full 1):
 PSYoungGen      total 105984K, used 8127K [0x000000076b900000, 0x0000000772a00000, 0x00000007c0000000)
  eden space 96256K, 0% used [0x000000076b900000,0x000000076b900000,0x0000000771700000)
  from space 9728K, 83% used [0x0000000772080000,0x000000077286ff40,0x0000000772a00000)
  to   space 9728K, 0% used [0x0000000771700000,0x0000000771700000,0x0000000772080000)
 ParOldGen       total 109568K, used 8792K [0x00000006c2a00000, 0x00000006c9500000, 0x000000076b900000)
  object space 109568K, 8% used [0x00000006c2a00000,0x00000006c3296200,0x00000006c9500000)
 Metaspace       used 29492K, capacity 31530K, committed 31616K, reserved 1077248K
  class space    used 3761K, capacity 4147K, committed 4224K, reserved 1048576K
}
Event: 4.747 GC heap before
{Heap before GC invocations=8 (full 1):
 PSYoungGen      total 105984K, used 96669K [0x000000076b900000, 0x0000000772a00000, 0x00000007c0000000)
  eden space 96256K, 91% used [0x000000076b900000,0x0000000770f77558,0x0000000771700000)
  from space 9728K, 83% used [0x0000000772080000,0x000000077286ff40,0x0000000772a00000)
  to   space 9728K, 0% used [0x0000000771700000,0x0000000771700000,0x0000000772080000)
 ParOldGen       total 109568K, used 8792K [0x00000006c2a00000, 0x00000006c9500000, 0x000000076b900000)
  object space 109568K, 8% used [0x00000006c2a00000,0x00000006c3296200,0x00000006c9500000)
 Metaspace       used 33234K, capacity 35476K, committed 35496K, reserved 1079296K
  class space    used 4350K, capacity 4770K, committed 4776K, reserved 1048576K
Event: 4.756 GC heap after
Heap after GC invocations=8 (full 1):
 PSYoungGen      total 105984K, used 9700K [0x000000076b900000, 0x0000000775b00000, 0x00000007c0000000)
  eden space 96256K, 0% used [0x000000076b900000,0x000000076b900000,0x0000000771700000)
  from space 9728K, 99% used [0x0000000771700000,0x00000007720791e0,0x0000000772080000)
  to   space 10752K, 0% used [0x0000000775080000,0x0000000775080000,0x0000000775b00000)
 ParOldGen       total 109568K, used 9119K [0x00000006c2a00000, 0x00000006c9500000, 0x000000076b900000)
  object space 109568K, 8% used [0x00000006c2a00000,0x00000006c32e7de0,0x00000006c9500000)
 Metaspace       used 33234K, capacity 35476K, committed 35496K, reserved 1079296K
  class space    used 4350K, capacity 4770K, committed 4776K, reserved 1048576K
}
Event: 4.756 GC heap before
{Heap before GC invocations=9 (full 2):
 PSYoungGen      total 105984K, used 9700K [0x000000076b900000, 0x0000000775b00000, 0x00000007c0000000)
  eden space 96256K, 0% used [0x000000076b900000,0x000000076b900000,0x0000000771700000)
  from space 9728K, 99% used [0x0000000771700000,0x00000007720791e0,0x0000000772080000)
  to   space 10752K, 0% used [0x0000000775080000,0x0000000775080000,0x0000000775b00000)
 ParOldGen       total 109568K, used 9119K [0x00000006c2a00000, 0x00000006c9500000, 0x000000076b900000)
  object space 109568K, 8% used [0x00000006c2a00000,0x00000006c32e7de0,0x00000006c9500000)
 Metaspace       used 33234K, capacity 35476K, committed 35496K, reserved 1079296K
  class space    used 4350K, capacity 4770K, committed 4776K, reserved 1048576K
Event: 4.797 GC heap after
Heap after GC invocations=9 (full 2):
 PSYoungGen      total 105984K, used 0K [0x000000076b900000, 0x0000000775b00000, 0x00000007c0000000)
  eden space 96256K, 0% used [0x000000076b900000,0x000000076b900000,0x0000000771700000)
  from space 9728K, 0% used [0x0000000771700000,0x0000000771700000,0x0000000772080000)
  to   space 10752K, 0% used [0x0000000775080000,0x0000000775080000,0x0000000775b00000)
 ParOldGen       total 175616K, used 15475K [0x00000006c2a00000, 0x00000006cd580000, 0x000000076b900000)
  object space 175616K, 8% used [0x00000006c2a00000,0x00000006c391cfc8,0x00000006cd580000)
 Metaspace       used 33234K, capacity 35476K, committed 35496K, reserved 1079296K
  class space    used 4350K, capacity 4770K, committed 4776K, reserved 1048576K
}
Event: 5.905 GC heap before
{Heap before GC invocations=10 (full 2):
 PSYoungGen      total 105984K, used 96256K [0x000000076b900000, 0x0000000775b00000, 0x00000007c0000000)
  eden space 96256K, 100% used [0x000000076b900000,0x0000000771700000,0x0000000771700000)
  from space 9728K, 0% used [0x0000000771700000,0x0000000771700000,0x0000000772080000)
  to   space 10752K, 0% used [0x0000000775080000,0x0000000775080000,0x0000000775b00000)
 ParOldGen       total 175616K, used 15475K [0x00000006c2a00000, 0x00000006cd580000, 0x000000076b900000)
  object space 175616K, 8% used [0x00000006c2a00000,0x00000006c391cfc8,0x00000006cd580000)
 Metaspace       used 40005K, capacity 42618K, committed 42792K, reserved 1085440K
  class space    used 5308K, capacity 5881K, committed 5928K, reserved 1048576K
Event: 5.914 GC heap after
Heap after GC invocations=10 (full 2):
 PSYoungGen      total 144384K, used 9227K [0x000000076b900000, 0x0000000775a00000, 0x00000007c0000000)
  eden space 134656K, 0% used [0x000000076b900000,0x000000076b900000,0x0000000773c80000)
  from space 9728K, 94% used [0x0000000775080000,0x0000000775982e38,0x0000000775a00000)
  to   space 10752K, 0% used [0x0000000774500000,0x0000000774500000,0x0000000774f80000)
 ParOldGen       total 175616K, used 15483K [0x00000006c2a00000, 0x00000006cd580000, 0x000000076b900000)
  object space 175616K, 8% used [0x00000006c2a00000,0x00000006c391efc8,0x00000006cd580000)
 Metaspace       used 40005K, capacity 42618K, committed 42792K, reserved 1085440K
  class space    used 5308K, capacity 5881K, committed 5928K, reserved 1048576K
}
Event: 7.581 GC heap before
{Heap before GC invocations=11 (full 2):
 PSYoungGen      total 144384K, used 143883K [0x000000076b900000, 0x0000000775a00000, 0x00000007c0000000)
  eden space 134656K, 100% used [0x000000076b900000,0x0000000773c80000,0x0000000773c80000)
  from space 9728K, 94% used [0x0000000775080000,0x0000000775982e38,0x0000000775a00000)
  to   space 10752K, 0% used [0x0000000774500000,0x0000000774500000,0x0000000774f80000)
 ParOldGen       total 175616K, used 15483K [0x00000006c2a00000, 0x00000006cd580000, 0x000000076b900000)
  object space 175616K, 8% used [0x00000006c2a00000,0x00000006c391efc8,0x00000006cd580000)
 Metaspace       used 46882K, capacity 50030K, committed 50088K, reserved 1093632K
  class space    used 6159K, capacity 6797K, committed 6824K, reserved 1048576K
Event: 7.592 GC heap after
Heap after GC invocations=11 (full 2):
 PSYoungGen      total 154112K, used 10738K [0x000000076b900000, 0x0000000777280000, 0x00000007c0000000)
  eden space 143360K, 0% used [0x000000076b900000,0x000000076b900000,0x0000000774500000)
  from space 10752K, 99% used [0x0000000774500000,0x0000000774f7c9b0,0x0000000774f80000)
  to   space 12288K, 0% used [0x0000000776680000,0x0000000776680000,0x0000000777280000)
 ParOldGen       total 175616K, used 16955K [0x00000006c2a00000, 0x00000006cd580000, 0x000000076b900000)
  object space 175616K, 9% used [0x00000006c2a00000,0x00000006c3a8ed90,0x00000006cd580000)
 Metaspace       used 46882K, capacity 50030K, committed 50088K, reserved 1093632K
  class space    used 6159K, capacity 6797K, committed 6824K, reserved 1048576K
}

Deoptimization events (10 events):
Event: 7.303 Thread 0x0000021b14313000 Uncommon trap: reason=class_check action=maybe_recompile pc=0x0000021b16dd68e0 method=java.lang.reflect.Array.newInstance(Ljava/lang/Class;I)Ljava/lang/Object; @ 2
Event: 7.329 Thread 0x0000021b14313000 Uncommon trap: reason=unstable_if action=reinterpret pc=0x0000021b160a6118 method=org.springframework.core.BridgeMethodResolver.findBridgedMethod(Ljava/lang/reflect/Method;)Ljava/lang/reflect/Method; @ 4
Event: 7.337 Thread 0x0000021b14313000 Uncommon trap: reason=unstable_if action=reinterpret pc=0x0000021b16e04508 method=org.springframework.core.BridgeMethodResolver.findBridgedMethod(Ljava/lang/reflect/Method;)Ljava/lang/reflect/Method; @ 4
Event: 7.417 Thread 0x0000021b14313000 Uncommon trap: reason=unstable_if action=reinterpret pc=0x0000021b168bbe84 method=java.lang.invoke.MethodType.checkPtypes([Ljava/lang/Class;)I @ 40
Event: 7.592 Thread 0x0000021b2efeb000 Uncommon trap: reason=unstable_if action=reinterpret pc=0x0000021b167ab970 method=java.lang.ref.Finalizer.remove()V @ 10
Event: 7.668 Thread 0x0000021b14313000 Uncommon trap: reason=predicate action=maybe_recompile pc=0x0000021b163bdd9c method=java.lang.String.regionMatches(ZILjava/lang/String;II)Z @ 63
Event: 7.702 Thread 0x0000021b14313000 Uncommon trap: reason=unstable_if action=reinterpret pc=0x0000021b16a21c78 method=java.lang.Class.searchMethods([Ljava/lang/reflect/Method;Ljava/lang/String;[Ljava/lang/Class;)Ljava/lang/reflect/Method; @ 47
Event: 7.702 Thread 0x0000021b14313000 Uncommon trap: reason=unstable_if action=reinterpret pc=0x0000021b16cdc6d4 method=java.lang.Class.searchMethods([Ljava/lang/reflect/Method;Ljava/lang/String;[Ljava/lang/Class;)Ljava/lang/reflect/Method; @ 47
Event: 7.827 Thread 0x0000021b14313000 Uncommon trap: reason=unstable_if action=reinterpret pc=0x0000021b1655ba0c method=java.io.WinNTFileSystem.prefixLength(Ljava/lang/String;)I @ 42
Event: 8.253 Thread 0x0000021b14313000 Uncommon trap: reason=range_check action=make_not_entrant pc=0x0000021b16c71eac method=java.util.zip.ZipUtils.get16([BI)I @ 10

Classes redefined (0 events):
No events

Internal exceptions (10 events):
Event: 8.284 Thread 0x0000021b14313000 Exception <a 'java/lang/ClassNotFoundException': org/springframework/data/redis/core/RedisOperationsCustomizer> (0x000000077082abb8) thrown at [C:\wsjdk\Corretto8Src\installers\windows\zip\corretto-build\buildRoot\src\hotspot\src\share\vm\classfile\system
Event: 8.287 Thread 0x0000021b14313000 Exception <a 'java/lang/ClassNotFoundException': org/springframework/beans/factory/BeanClassLoaderAwareCustomizer> (0x00000007708b7470) thrown at [C:\wsjdk\Corretto8Src\installers\windows\zip\corretto-build\buildRoot\src\hotspot\src\share\vm\classfile\sys
Event: 8.288 Thread 0x0000021b14313000 Exception <a 'java/lang/ClassNotFoundException': org/springframework/beans/factory/AwareCustomizer> (0x00000007708e28b0) thrown at [C:\wsjdk\Corretto8Src\installers\windows\zip\corretto-build\buildRoot\src\hotspot\src\share\vm\classfile\systemDictionary.c
Event: 8.289 Thread 0x0000021b14313000 Exception <a 'java/lang/ClassNotFoundException': org/springframework/beans/factory/InitializingBeanCustomizer> (0x0000000770913848) thrown at [C:\wsjdk\Corretto8Src\installers\windows\zip\corretto-build\buildRoot\src\hotspot\src\share\vm\classfile\systemD
Event: 8.329 Thread 0x0000021b14313000 Exception <a 'java/lang/ClassNotFoundException': java/lang/ObjectCustomizer> (0x0000000770df54f8) thrown at [C:\wsjdk\Corretto8Src\installers\windows\zip\corretto-build\buildRoot\src\hotspot\src\share\vm\classfile\systemDictionary.cpp, line 217]
Event: 8.330 Thread 0x0000021b14313000 Exception <a 'java/lang/ClassNotFoundException': com/weblog/controller/PersonController/commentControllerCustomizer> (0x0000000770e2b990) thrown at [C:\wsjdk\Corretto8Src\installers\windows\zip\corretto-build\buildRoot\src\hotspot\src\share\vm\classfile\s
Event: 8.340 Thread 0x0000021b14313000 Exception <a 'java/lang/ClassNotFoundException': com/weblog/controller/PersonController/userControllerBeanInfo> (0x0000000770f435a8) thrown at [C:\wsjdk\Corretto8Src\installers\windows\zip\corretto-build\buildRoot\src\hotspot\src\share\vm\classfile\system
Event: 8.341 Thread 0x0000021b14313000 Exception <a 'java/lang/ClassNotFoundException': com/weblog/controller/PersonController/userControllerCustomizer> (0x0000000770f75058) thrown at [C:\wsjdk\Corretto8Src\installers\windows\zip\corretto-build\buildRoot\src\hotspot\src\share\vm\classfile\syst
Event: 8.347 Thread 0x0000021b14313000 Exception <a 'java/lang/ClassNotFoundException': java/lang/ObjectCustomizer> (0x0000000770fd6118) thrown at [C:\wsjdk\Corretto8Src\installers\windows\zip\corretto-build\buildRoot\src\hotspot\src\share\vm\classfile\systemDictionary.cpp, line 217]
Event: 8.347 Thread 0x0000021b14313000 Exception <a 'java/lang/ClassNotFoundException': com/weblog/utils/MinioUtilCustomizer> (0x0000000770ffc1c0) thrown at [C:\wsjdk\Corretto8Src\installers\windows\zip\corretto-build\buildRoot\src\hotspot\src\share\vm\classfile\systemDictionary.cpp, line 217]

Events (10 events):
Event: 8.481 loading class okio/Segment
Event: 8.481 loading class okio/Segment done
Event: 8.482 loading class okio/Segment$Companion
Event: 8.482 loading class okio/Segment$Companion done
Event: 8.482 loading class kotlin/text/Regex
Event: 8.482 loading class kotlin/text/Regex done
Event: 8.483 loading class kotlin/text/Regex$Companion
Event: 8.483 loading class kotlin/text/Regex$Companion done
Event: 8.483 loading class okhttp3/OkHttpClient
Event: 8.483 loading class okhttp3/OkHttpClient done


Dynamic libraries:
0x00007ff748540000 - 0x00007ff74857a000 	C:\Users\其然乐衣Letitbe\.jdks\corretto-1.8.0_312\bin\java.exe
0x00007ffc769d0000 - 0x00007ffc76bc8000 	C:\WINDOWS\SYSTEM32\ntdll.dll
0x00007ffc75f30000 - 0x00007ffc75fef000 	C:\WINDOWS\System32\KERNEL32.DLL
0x00007ffc740c0000 - 0x00007ffc74392000 	C:\WINDOWS\System32\KERNELBASE.dll
0x00007ffc76870000 - 0x00007ffc7691e000 	C:\WINDOWS\System32\ADVAPI32.dll
0x00007ffc75170000 - 0x00007ffc7520e000 	C:\WINDOWS\System32\msvcrt.dll
0x00007ffc76080000 - 0x00007ffc7611c000 	C:\WINDOWS\System32\sechost.dll
0x00007ffc75e00000 - 0x00007ffc75f25000 	C:\WINDOWS\System32\RPCRT4.dll
0x00007ffc757a0000 - 0x00007ffc75941000 	C:\WINDOWS\System32\USER32.dll
0x00007ffc74430000 - 0x00007ffc74452000 	C:\WINDOWS\System32\win32u.dll
0x00007ffc75630000 - 0x00007ffc7565b000 	C:\WINDOWS\System32\GDI32.dll
0x00007ffc74770000 - 0x00007ffc7487f000 	C:\WINDOWS\System32\gdi32full.dll
0x00007ffc748d0000 - 0x00007ffc7496d000 	C:\WINDOWS\System32\msvcp_win.dll
0x00007ffc74510000 - 0x00007ffc74610000 	C:\WINDOWS\System32\ucrtbase.dll
0x00007ffc618b0000 - 0x00007ffc61b4a000 	C:\WINDOWS\WinSxS\amd64_microsoft.windows.common-controls_6595b64144ccf1df_6.0.19041.1110_none_60b5254171f9507e\COMCTL32.dll
0x00007ffc75130000 - 0x00007ffc75162000 	C:\WINDOWS\System32\IMM32.DLL
0x00007ffc5c440000 - 0x00007ffc5c52f000 	C:\Users\其然乐衣Letitbe\.jdks\corretto-1.8.0_312\jre\bin\msvcr120.dll
0x00007ffc5beb0000 - 0x00007ffc5bf56000 	C:\Users\其然乐衣Letitbe\.jdks\corretto-1.8.0_312\jre\bin\msvcp120.dll
0x0000000070370000 - 0x0000000070be0000 	C:\Users\其然乐衣Letitbe\.jdks\corretto-1.8.0_312\jre\bin\server\jvm.dll
0x00007ffc76920000 - 0x00007ffc76928000 	C:\WINDOWS\System32\PSAPI.DLL
0x00007ffc713c0000 - 0x00007ffc713e7000 	C:\WINDOWS\SYSTEM32\WINMM.dll
0x00007ffc4aec0000 - 0x00007ffc4aec9000 	C:\WINDOWS\SYSTEM32\WSOCK32.dll
0x00007ffc6bf30000 - 0x00007ffc6bf3a000 	C:\WINDOWS\SYSTEM32\VERSION.dll
0x00007ffc752d0000 - 0x00007ffc7533b000 	C:\WINDOWS\System32\WS2_32.dll
0x00007ffc6dd20000 - 0x00007ffc6dd2f000 	C:\Users\其然乐衣Letitbe\.jdks\corretto-1.8.0_312\jre\bin\verify.dll
0x00007ffc6cd60000 - 0x00007ffc6cd89000 	C:\Users\其然乐衣Letitbe\.jdks\corretto-1.8.0_312\jre\bin\java.dll
0x00007ffc5be80000 - 0x00007ffc5beaa000 	C:\Users\其然乐衣Letitbe\.jdks\corretto-1.8.0_312\jre\bin\instrument.dll
0x00007ffc6cd40000 - 0x00007ffc6cd56000 	C:\Users\其然乐衣Letitbe\.jdks\corretto-1.8.0_312\jre\bin\zip.dll
0x00007ffc76120000 - 0x00007ffc76864000 	C:\WINDOWS\System32\SHELL32.dll
0x00007ffc71dc0000 - 0x00007ffc72552000 	C:\WINDOWS\SYSTEM32\windows.storage.dll
0x00007ffc759d0000 - 0x00007ffc75d25000 	C:\WINDOWS\System32\combase.dll
0x00007ffc73b20000 - 0x00007ffc73b50000 	C:\WINDOWS\SYSTEM32\Wldp.dll
0x00007ffc753a0000 - 0x00007ffc7544d000 	C:\WINDOWS\System32\SHCORE.dll
0x00007ffc75210000 - 0x00007ffc75265000 	C:\WINDOWS\System32\shlwapi.dll
0x00007ffc74000000 - 0x00007ffc7401f000 	C:\WINDOWS\SYSTEM32\profapi.dll
0x00007ffc5cba0000 - 0x00007ffc5cbba000 	D:\Program Files\JetBrains\IntelliJ IDEA 2021.3.3\bin\breakgen64.dll
0x00007ffc5cbe0000 - 0x00007ffc5cbfa000 	C:\Users\其然乐衣Letitbe\.jdks\corretto-1.8.0_312\jre\bin\net.dll
0x00007ffc73880000 - 0x00007ffc738ea000 	C:\WINDOWS\system32\mswsock.dll
0x00007ffc5cbc0000 - 0x00007ffc5cbd2000 	C:\Users\其然乐衣Letitbe\.jdks\corretto-1.8.0_312\jre\bin\nio.dll
0x00007ffc5c790000 - 0x00007ffc5c79d000 	C:\Users\其然乐衣Letitbe\.jdks\corretto-1.8.0_312\jre\bin\management.dll
0x00007ffc3a040000 - 0x00007ffc3a057000 	C:\WINDOWS\system32\napinsp.dll
0x00007ffc3a020000 - 0x00007ffc3a03b000 	C:\WINDOWS\system32\pnrpnsp.dll
0x00007ffc6d570000 - 0x00007ffc6d585000 	C:\WINDOWS\system32\wshbth.dll
0x00007ffc6d6e0000 - 0x00007ffc6d6fd000 	C:\WINDOWS\system32\NLAapi.dll
0x00007ffc73520000 - 0x00007ffc7355b000 	C:\WINDOWS\SYSTEM32\IPHLPAPI.DLL
0x00007ffc73560000 - 0x00007ffc7362a000 	C:\WINDOWS\SYSTEM32\DNSAPI.dll
0x00007ffc75660000 - 0x00007ffc75668000 	C:\WINDOWS\System32\NSI.dll
0x00007ffc3a000000 - 0x00007ffc3a012000 	C:\WINDOWS\System32\winrnr.dll
0x0000000070ff0000 - 0x0000000071016000 	C:\Program Files\Bonjour\mdnsNSP.dll
0x00007ffc66510000 - 0x00007ffc6651a000 	C:\Windows\System32\rasadhlp.dll
0x00007ffc66430000 - 0x00007ffc664b0000 	C:\WINDOWS\System32\fwpuclnt.dll
0x00007ffc74970000 - 0x00007ffc74997000 	C:\WINDOWS\System32\bcrypt.dll
0x00007ffc5bcf0000 - 0x00007ffc5bd13000 	C:\Users\其然乐衣Letitbe\.jdks\corretto-1.8.0_312\jre\bin\sunec.dll
0x00007ffc73a80000 - 0x00007ffc73a98000 	C:\WINDOWS\SYSTEM32\CRYPTSP.dll
0x00007ffc73130000 - 0x00007ffc73164000 	C:\WINDOWS\system32\rsaenh.dll
0x00007ffc73fc0000 - 0x00007ffc73fee000 	C:\WINDOWS\SYSTEM32\USERENV.dll
0x00007ffc743a0000 - 0x00007ffc74422000 	C:\WINDOWS\System32\bcryptprimitives.dll
0x00007ffc73a70000 - 0x00007ffc73a7c000 	C:\WINDOWS\SYSTEM32\CRYPTBASE.dll
0x00007ffc69ef0000 - 0x00007ffc69f07000 	C:\WINDOWS\SYSTEM32\dhcpcsvc6.DLL
0x00007ffc69ed0000 - 0x00007ffc69eed000 	C:\WINDOWS\SYSTEM32\dhcpcsvc.DLL

VM Arguments:
jvm_args: -Dvisualvm.id=14533646687900 -ea -Didea.test.cyclic.buffer.size=1048576 -javaagent:D:\Program Files\JetBrains\IntelliJ IDEA 2021.3.3\lib\idea_rt.jar=56030:D:\Program Files\JetBrains\IntelliJ IDEA 2021.3.3\bin -Dfile.encoding=UTF-8 
java_command: com.intellij.rt.junit.JUnitStarter -ideVersion5 -junit5 com.weblog.esTest,testBulkRequest2
java_class_path (initial): C:\Users\其然乐衣Letitbe\.m2\repository\org\junit\platform\junit-platform-launcher\1.8.2\junit-platform-launcher-1.8.2.jar;D:\Program Files\JetBrains\IntelliJ IDEA 2021.3.3\lib\idea_rt.jar;D:\Program Files\JetBrains\IntelliJ IDEA 2021.3.3\plugins\junit\lib\junit5-rt.jar;D:\Program Files\JetBrains\IntelliJ IDEA 2021.3.3\plugins\junit\lib\junit-rt.jar;C:\Users\其然乐衣Letitbe\.jdks\corretto-1.8.0_312\jre\lib\charsets.jar;C:\Users\其然乐衣Letitbe\.jdks\corretto-1.8.0_312\jre\lib\ext\access-bridge-64.jar;C:\Users\其然乐衣Letitbe\.jdks\corretto-1.8.0_312\jre\lib\ext\cldrdata.jar;C:\Users\其然乐衣Letitbe\.jdks\corretto-1.8.0_312\jre\lib\ext\dnsns.jar;C:\Users\其然乐衣Letitbe\.jdks\corretto-1.8.0_312\jre\lib\ext\jaccess.jar;C:\Users\其然乐衣Letitbe\.jdks\corretto-1.8.0_312\jre\lib\ext\jfxrt.jar;C:\Users\其然乐衣Letitbe\.jdks\corretto-1.8.0_312\jre\lib\ext\localedata.jar;C:\Users\其然乐衣Letitbe\.jdks\corretto-1.8.0_312\jre\lib\ext\nashorn.jar;C:\Users\其然乐衣Letitbe\.jdks\corretto-1.8.0_312\jre\lib\ext\sunec.jar;C:\Users\其然乐衣Letitbe\.jdks\corretto-1.8.0_312\jre\lib\ext\sunjce_provider.jar;C:\Users\其然乐衣Letitbe\.jdks\corretto-1.8.0_312\jre\lib\ext\sunmscapi.jar;C:\Users\其然乐衣Letitbe\.jdks\corretto-1.8.0_312\jre\lib\ext\sunpkcs11.jar;C:\Users\其然乐衣Letitbe\.jdks\corretto-1.8.0_312\jre\lib\ext\zipfs.jar;C:\Users\其然乐衣Letitbe\.jdks\corretto-1.8.0_312\jre\lib\jce.jar;C:\Users\其然乐衣Letitbe\.jdks\corretto-1.8.0_312\jre\lib\jfr.jar;C:\Users\其然乐衣Letitbe\.jdks\corretto-1.8.0_312\jre\lib\jfxswt.jar;C:\Users\其然乐衣Letitbe\.jdks\corretto-1.8.0_312\jre\lib\jsse.jar;C:\Users\其然乐衣Letitbe\.jdks\corretto-1.8.0_312\jre\lib\management-agent.jar;C:\Users\其然乐衣Letitbe\.jdks\corretto-1.8.0_312\jre\lib\resources.jar;C:\Users\其然乐衣Letitbe\.jdks\corretto-1.8.0_312\jre\lib\rt.jar;D:\Java\idea\weblog\target\test-classes;D:\Java\idea\weblog\target\classes;C:\Users\其然乐衣Letitbe\.m2\repository\org\projectlombok\lombok\1.18.24\lombok-1.18
Launcher Type: SUN_STANDARD

Environment Variables:
JAVA_HOME=D:\Java
PATH=D:\Program Files (x86)\VMware\VMware Workstation\bin\;D:\Program Files\MySQL\MySQL Server 5.5\bin;C:\Program Files (x86)\Common Files\Oracle\Java\javapath;C:\Windows\system32;C:\Windows;C:\Windows\System32\Wbem;C:\Windows\System32\WindowsPowerShell\v1.0\;C:\Windows\System32\OpenSSH\;C:\Program Files (x86)\NVIDIA Corporation\PhysX\Common;C:\Program Files\NVIDIA Corporation\NVIDIA NvDLISR\;C:\Program Files (x86)\Yozosoft\Yozo_Office\Lib\xuggler\bin;D:\Java\bin;C:\WINDOWS\system32;C:\WINDOWS;C:\WINDOWS\System32\Wbem;C:\WINDOWS\System32\WindowsPowerShell\v1.0\;C:\WINDOWS\System32\OpenSSH\;D:\Users\其然乐衣Letitbe\Maven\apache-maven-3.6.0-bin\apache-maven-3.6.0\bin;C:\Program Files\PuTTY\;D:\texlive\texlive\2021\bin\win32;D:\Java\数据库MySQL\mysql-8.0.28-winx64\bin;C:\Program Files\MySQL\MySQL Server 8.0\bin;D:\Program Files\erl-24.2.1\bin;D:\Program Files (x86)\NetSarang\Xftp 7\;D:\Git\cmd;D:\Program Files (x86)\NetSarang\Xshell 7\;D:\nvm;D:\nodejs;"D:\nodejs;D:\nodejs\node_global;";C:\Program Files\MySQL\MySQL Shell 8.0\bin\;C:\Users\其然乐衣Letitbe\AppData\Local\Microsoft\WindowsApps;D:\Program Files\JetBrains\IntelliJ IDEA 2021.3.1\bin;;D:\altera\13.1\modelsim_ae\win32aloem;D:\altera\13.1\modelsim_ase\win32aloem;C:\Users\其然乐衣Letitbe\AppData\Local\GitHubDesktop\bin;D:\nodejs\node_global;D:\nvm;D:\nodejs;D:\APP\Vscode\Microsoft VS Code\bin;D:\nodejs\node_cache;
USERNAME=其然乐衣Letitbe
OS=Windows_NT
PROCESSOR_IDENTIFIER=Intel64 Family 6 Model 142 Stepping 12, GenuineIntel



---------------  S Y S T E M  ---------------

OS: Windows 10.0 , 64 bit Build 19041 (10.0.19041.2364)

CPU:total 8 (initial active 8) (4 cores per cpu, 2 threads per core) family 6 model 142 stepping 12, cmov, cx8, fxsr, mmx, sse, sse2, sse3, ssse3, sse4.1, sse4.2, popcnt, avx, avx2, aes, clmul, erms, 3dnowpref, lzcnt, ht, tsc, tscinvbit, bmi1, bmi2, adx

Memory: 4k page, physical 16601588k(3339796k free), swap 16601588k(5188k free)

vm_info: OpenJDK 64-Bit Server VM (25.312-b07) for windows-amd64 JRE (1.8.0_312-b07), built on Oct 14 2021 21:08:49 by "Administrator" with MS VC++ 12.0 (VS2013)

time: Thu Dec 22 13:14:56 2022
timezone: ?D1ú±ê×?ê±??
elapsed time: 8.489197 seconds (0d 0h 0m 8s)

