#
# There is insufficient memory for the Java Runtime Environment to continue.
# Native memory allocation (malloc) failed to allocate 936496 bytes for Chunk::new
# Possible reasons:
#   The system is out of physical RAM or swap space
#   The process is running with CompressedOops enabled, and the Java Heap may be blocking the growth of the native heap
# Possible solutions:
#   Reduce memory load on the system
#   Increase physical memory or swap space
#   Check if swap backing store is full
#   Decrease Java heap size (-Xmx/-Xms)
#   Decrease number of Java threads
#   Decrease Java thread stack sizes (-Xss)
#   Set larger code cache with -XX:ReservedCodeCacheSize=
#   JVM is running with Zero Based Compressed Oops mode in which the Java heap is
#     placed in the first 32GB address space. The Java Heap base address is the
#     maximum limit for the native heap growth. Please use -XX:HeapBaseMinAddress
#     to set the Java Heap base and to place the Java Heap above 32GB virtual address.
# This output file may be truncated or incomplete.
#
#  Out of Memory Error (allocation.cpp:389), pid=528, tid=0x0000000000005ae4
#
# JRE version: OpenJDK Runtime Environment (8.0_312-b07) (build 1.8.0_312-b07)
# Java VM: OpenJDK 64-Bit Server VM (25.312-b07 mixed mode windows-amd64 compressed oops)
# Failed to write core dump. Minidumps are not enabled by default on client versions of Windows
#

---------------  T H R E A D  ---------------

Current thread (0x000002308f2a1800):  JavaThread "C2 CompilerThread0" daemon [_thread_in_native, id=23268, stack(0x00000073d1700000,0x00000073d1800000)]

Stack: [0x00000073d1700000,0x00000073d1800000]
[error occurred during error reporting (printing stack bounds), id 0xc0000005]

Native frames: (J=compiled Java code, j=interpreted, Vv=VM code, C=native code)


Current CompileTask:
C2:   9133 5350       4       org.springframework.beans.factory.support.AbstractBeanFactory::isTypeMatch (607 bytes)


---------------  P R O C E S S  ---------------

Java Threads: ( => current thread )
  0x000002308fc58000 JavaThread "lettuce-timer-3-1" daemon [_thread_blocked, id=20304, stack(0x00000073d3200000,0x00000073d3300000)]
  0x000002308fc56000 JavaThread "DefaultQuartzScheduler_QuartzSchedulerThread" [_thread_blocked, id=17068, stack(0x00000073d3100000,0x00000073d3200000)]
  0x00000230931af800 JavaThread "DefaultQuartzScheduler_Worker-10" [_thread_blocked, id=23536, stack(0x00000073d3000000,0x00000073d3100000)]
  0x00000230931ac800 JavaThread "DefaultQuartzScheduler_Worker-9" [_thread_blocked, id=23876, stack(0x00000073d2f00000,0x00000073d3000000)]
  0x00000230931aa000 JavaThread "DefaultQuartzScheduler_Worker-8" [_thread_blocked, id=15368, stack(0x00000073d2e00000,0x00000073d2f00000)]
  0x00000230931ad000 JavaThread "DefaultQuartzScheduler_Worker-7" [_thread_blocked, id=8568, stack(0x00000073d2d00000,0x00000073d2e00000)]
  0x00000230931a9000 JavaThread "DefaultQuartzScheduler_Worker-6" [_thread_blocked, id=9968, stack(0x00000073d2c00000,0x00000073d2d00000)]
  0x00000230931ae800 JavaThread "DefaultQuartzScheduler_Worker-5" [_thread_blocked, id=7848, stack(0x00000073d2b00000,0x00000073d2c00000)]
  0x00000230931ab000 JavaThread "DefaultQuartzScheduler_Worker-4" [_thread_blocked, id=1968, stack(0x00000073d2a00000,0x00000073d2b00000)]
  0x00000230931ab800 JavaThread "DefaultQuartzScheduler_Worker-3" [_thread_blocked, id=12404, stack(0x00000073d2900000,0x00000073d2a00000)]
  0x00000230931a8800 JavaThread "DefaultQuartzScheduler_Worker-2" [_thread_blocked, id=23152, stack(0x00000073d2800000,0x00000073d2900000)]
  0x00000230931ae000 JavaThread "DefaultQuartzScheduler_Worker-1" [_thread_blocked, id=15768, stack(0x00000073d2700000,0x00000073d2800000)]
  0x000002308f2cb000 JavaThread "mysql-cj-abandoned-connection-cleanup" daemon [_thread_blocked, id=9504, stack(0x00000073d2600000,0x00000073d2700000)]
  0x0000023093a42800 JavaThread "I/O dispatcher 8" [_thread_in_native, id=4856, stack(0x00000073d2500000,0x00000073d2600000)]
  0x0000023094e08800 JavaThread "I/O dispatcher 7" [_thread_in_native, id=7512, stack(0x00000073d2400000,0x00000073d2500000)]
  0x0000023094e07800 JavaThread "I/O dispatcher 6" [_thread_in_native, id=22896, stack(0x00000073d2300000,0x00000073d2400000)]
  0x000002308f713800 JavaThread "I/O dispatcher 5" [_thread_in_native, id=24040, stack(0x00000073d2200000,0x00000073d2300000)]
  0x000002308f713000 JavaThread "I/O dispatcher 4" [_thread_in_native, id=16412, stack(0x00000073d2100000,0x00000073d2200000)]
  0x0000023091c1d000 JavaThread "I/O dispatcher 3" [_thread_in_native, id=16396, stack(0x00000073d2000000,0x00000073d2100000)]
  0x000002308f6e0000 JavaThread "I/O dispatcher 2" [_thread_in_native, id=23120, stack(0x00000073d1f00000,0x00000073d2000000)]
  0x0000023093df3800 JavaThread "I/O dispatcher 1" [_thread_in_native, id=22348, stack(0x00000073d1e00000,0x00000073d1f00000)]
  0x000002308f430800 JavaThread "pool-1-thread-1" [_thread_in_native, id=9152, stack(0x00000073d1d00000,0x00000073d1e00000)]
  0x000002308f2ff000 JavaThread "Service Thread" daemon [_thread_blocked, id=21844, stack(0x00000073d1b00000,0x00000073d1c00000)]
  0x000002308f2aa000 JavaThread "C1 CompilerThread3" daemon [_thread_blocked, id=23204, stack(0x00000073d1a00000,0x00000073d1b00000)]
  0x000002308f2a9000 JavaThread "C2 CompilerThread2" daemon [_thread_in_native, id=22500, stack(0x00000073d1900000,0x00000073d1a00000)]
  0x000002308f2a4800 JavaThread "C2 CompilerThread1" daemon [_thread_in_native, id=5952, stack(0x00000073d1800000,0x00000073d1900000)]
=>0x000002308f2a1800 JavaThread "C2 CompilerThread0" daemon [_thread_in_native, id=23268, stack(0x00000073d1700000,0x00000073d1800000)]
  0x000002308f29d000 JavaThread "Monitor Ctrl-Break" daemon [_thread_in_native, id=14240, stack(0x00000073d1600000,0x00000073d1700000)]
  0x000002308f263800 JavaThread "Attach Listener" daemon [_thread_blocked, id=23196, stack(0x00000073d1500000,0x00000073d1600000)]
  0x00000230fe62c800 JavaThread "Signal Dispatcher" daemon [_thread_blocked, id=3308, stack(0x00000073d1400000,0x00000073d1500000)]
  0x00000230fe27b000 JavaThread "Finalizer" daemon [_thread_blocked, id=9924, stack(0x00000073d1300000,0x00000073d1400000)]
  0x00000230fe5f7800 JavaThread "Reference Handler" daemon [_thread_blocked, id=7084, stack(0x00000073d1200000,0x00000073d1300000)]
  0x00000230f2449000 JavaThread "main" [_thread_in_native, id=8516, stack(0x00000073d0800000,0x00000073d0900000)]

Other Threads:
  0x00000230fe5d1000 VMThread [stack: 0x00000073d1100000,0x00000073d1200000] [id=10688]
  0x000002308f2ff800 WatcherThread [stack: 0x00000073d1c00000,0x00000073d1d00000] [id=24264]

VM state:not at safepoint (normal execution)

VM Mutex/Monitor currently owned by a thread: None

heap address: 0x00000006c2a00000, size: 4054 MB, Compressed Oops mode: Zero based, Oop shift amount: 3
Narrow klass base: 0x0000000000000000, Narrow klass shift: 3
Compressed class space size: 1073741824 Address: 0x00000007c0000000

Heap:
 PSYoungGen      total 220672K, used 178346K [0x000000076b900000, 0x000000077dc00000, 0x00000007c0000000)
  eden space 205824K, 86% used [0x000000076b900000,0x000000077672ab88,0x0000000778200000)
  from space 14848K, 0% used [0x0000000778200000,0x0000000778200000,0x0000000779080000)
  to   space 17920K, 0% used [0x000000077ca80000,0x000000077ca80000,0x000000077dc00000)
 ParOldGen       total 168960K, used 29455K [0x00000006c2a00000, 0x00000006ccf00000, 0x000000076b900000)
  object space 168960K, 17% used [0x00000006c2a00000,0x00000006c46c3ea8,0x00000006ccf00000)
 Metaspace       used 58506K, capacity 62754K, committed 63016K, reserved 1103872K
  class space    used 7568K, capacity 8371K, committed 8488K, reserved 1048576K

Card table byte_map: [0x00000230f4550000,0x00000230f4d40000] byte_map_base: 0x00000230f0f3b000

Marking Bits: (ParMarkBitMap*) 0x0000000058911860
 Begin Bits: [0x00000230f5290000, 0x00000230f91e8000)
 End Bits:   [0x00000230f91e8000, 0x00000230fd140000)

Polling page: 0x00000230f4160000

CodeCache: size=245760Kb used=18103Kb max_used=18103Kb free=227656Kb
 bounds [0x0000023080000000, 0x00000230811c0000, 0x000002308f000000]
 total_blobs=5332 nmethods=4784 adapters=460
 compilation: enabled

Compilation events (10 events):
Event: 9.126 Thread 0x000002308f2aa000 5379       2       org.springframework.boot.context.properties.ConfigurationPropertiesBinder$ConfigurationPropertiesBindHandler::isConfigurationProperties (24 bytes)
Event: 9.127 Thread 0x000002308f2aa000 nmethod 5379 0x00000230811b9390 code [0x00000230811b9520, 0x00000230811b97f0]
Event: 9.128 Thread 0x000002308f2aa000 5380       2       org.springframework.core.ResolvableType::forMethodParameter (59 bytes)
Event: 9.129 Thread 0x000002308f2aa000 nmethod 5380 0x00000230811b9a50 code [0x00000230811b9c20, 0x00000230811ba080]
Event: 9.129 Thread 0x000002308f2aa000 5381       2       org.springframework.boot.context.properties.bind.Binder$$Lambda$359/1593458942::bindProperty (22 bytes)
Event: 9.130 Thread 0x000002308f2aa000 nmethod 5381 0x00000230811ba3d0 code [0x00000230811ba560, 0x00000230811ba950]
Event: 9.130 Thread 0x000002308f2aa000 5382       2       org.springframework.boot.context.properties.bind.Binder::lambda$bindDataObject$4 (17 bytes)
Event: 9.130 Thread 0x000002308f2aa000 nmethod 5382 0x00000230811bad90 code [0x00000230811baf20, 0x00000230811bb2f0]
Event: 9.132 Thread 0x000002308f2aa000 5383       1       java.lang.reflect.Proxy$KeyX::hashCode (5 bytes)
Event: 9.132 Thread 0x000002308f2aa000 nmethod 5383 0x00000230811bb650 code [0x00000230811bb7a0, 0x00000230811bb8b8]

GC Heap History (10 events):
Event: 4.730 GC heap before
{Heap before GC invocations=8 (full 2):
 PSYoungGen      total 160256K, used 9711K [0x000000076b900000, 0x0000000778a80000, 0x00000007c0000000)
  eden space 150528K, 0% used [0x000000076b900000,0x000000076b900000,0x0000000774c00000)
  from space 9728K, 99% used [0x0000000775700000,0x000000077607bf50,0x0000000776080000)
  to   space 11264K, 0% used [0x0000000774c00000,0x0000000774c00000,0x0000000775700000)
 ParOldGen       total 104448K, used 10544K [0x00000006c2a00000, 0x00000006c9000000, 0x000000076b900000)
  object space 104448K, 10% used [0x00000006c2a00000,0x00000006c344c3c0,0x00000006c9000000)
 Metaspace       used 33150K, capacity 35444K, committed 35496K, reserved 1079296K
  class space    used 4326K, capacity 4738K, committed 4776K, reserved 1048576K
Event: 4.767 GC heap after
Heap after GC invocations=8 (full 2):
 PSYoungGen      total 160256K, used 0K [0x000000076b900000, 0x0000000778a80000, 0x00000007c0000000)
  eden space 150528K, 0% used [0x000000076b900000,0x000000076b900000,0x0000000774c00000)
  from space 9728K, 0% used [0x0000000775700000,0x0000000775700000,0x0000000776080000)
  to   space 11264K, 0% used [0x0000000774c00000,0x0000000774c00000,0x0000000775700000)
 ParOldGen       total 168960K, used 16863K [0x00000006c2a00000, 0x00000006ccf00000, 0x000000076b900000)
  object space 168960K, 9% used [0x00000006c2a00000,0x00000006c3a77da0,0x00000006ccf00000)
 Metaspace       used 33150K, capacity 35444K, committed 35496K, reserved 1079296K
  class space    used 4326K, capacity 4738K, committed 4776K, reserved 1048576K
}
Event: 6.450 GC heap before
{Heap before GC invocations=9 (full 2):
 PSYoungGen      total 160256K, used 150528K [0x000000076b900000, 0x0000000778a80000, 0x00000007c0000000)
  eden space 150528K, 100% used [0x000000076b900000,0x0000000774c00000,0x0000000774c00000)
  from space 9728K, 0% used [0x0000000775700000,0x0000000775700000,0x0000000776080000)
  to   space 11264K, 0% used [0x0000000774c00000,0x0000000774c00000,0x0000000775700000)
 ParOldGen       total 168960K, used 16863K [0x00000006c2a00000, 0x00000006ccf00000, 0x000000076b900000)
  object space 168960K, 9% used [0x00000006c2a00000,0x00000006c3a77da0,0x00000006ccf00000)
 Metaspace       used 41682K, capacity 44434K, committed 44584K, reserved 1087488K
  class space    used 5513K, capacity 6105K, committed 6184K, reserved 1048576K
Event: 6.458 GC heap after
Heap after GC invocations=9 (full 2):
 PSYoungGen      total 161792K, used 11258K [0x000000076b900000, 0x0000000779d00000, 0x00000007c0000000)
  eden space 150528K, 0% used [0x000000076b900000,0x000000076b900000,0x0000000774c00000)
  from space 11264K, 99% used [0x0000000774c00000,0x00000007756feb80,0x0000000775700000)
  to   space 12800K, 0% used [0x0000000779080000,0x0000000779080000,0x0000000779d00000)
 ParOldGen       total 168960K, used 17191K [0x00000006c2a00000, 0x00000006ccf00000, 0x000000076b900000)
  object space 168960K, 10% used [0x00000006c2a00000,0x00000006c3ac9c30,0x00000006ccf00000)
 Metaspace       used 41682K, capacity 44434K, committed 44584K, reserved 1087488K
  class space    used 5513K, capacity 6105K, committed 6184K, reserved 1048576K
}
Event: 7.420 GC heap before
{Heap before GC invocations=10 (full 2):
 PSYoungGen      total 161792K, used 161786K [0x000000076b900000, 0x0000000779d00000, 0x00000007c0000000)
  eden space 150528K, 100% used [0x000000076b900000,0x0000000774c00000,0x0000000774c00000)
  from space 11264K, 99% used [0x0000000774c00000,0x00000007756feb80,0x0000000775700000)
  to   space 12800K, 0% used [0x0000000779080000,0x0000000779080000,0x0000000779d00000)
 ParOldGen       total 168960K, used 17191K [0x00000006c2a00000, 0x00000006ccf00000, 0x000000076b900000)
  object space 168960K, 10% used [0x00000006c2a00000,0x00000006c3ac9c30,0x00000006ccf00000)
 Metaspace       used 50714K, capacity 54008K, committed 54312K, reserved 1095680K
  class space    used 6667K, capacity 7344K, committed 7464K, reserved 1048576K
Event: 7.431 GC heap after
Heap after GC invocations=10 (full 2):
 PSYoungGen      total 218624K, used 12770K [0x000000076b900000, 0x000000077a380000, 0x00000007c0000000)
  eden space 205824K, 0% used [0x000000076b900000,0x000000076b900000,0x0000000778200000)
  from space 12800K, 99% used [0x0000000779080000,0x0000000779cf8860,0x0000000779d00000)
  to   space 14848K, 0% used [0x0000000778200000,0x0000000778200000,0x0000000779080000)
 ParOldGen       total 168960K, used 19507K [0x00000006c2a00000, 0x00000006ccf00000, 0x000000076b900000)
  object space 168960K, 11% used [0x00000006c2a00000,0x00000006c3d0ced0,0x00000006ccf00000)
 Metaspace       used 50714K, capacity 54008K, committed 54312K, reserved 1095680K
  class space    used 6667K, capacity 7344K, committed 7464K, reserved 1048576K
}
Event: 8.073 GC heap before
{Heap before GC invocations=11 (full 2):
 PSYoungGen      total 218624K, used 105271K [0x000000076b900000, 0x000000077a380000, 0x00000007c0000000)
  eden space 205824K, 44% used [0x000000076b900000,0x00000007713553f0,0x0000000778200000)
  from space 12800K, 99% used [0x0000000779080000,0x0000000779cf8860,0x0000000779d00000)
  to   space 14848K, 0% used [0x0000000778200000,0x0000000778200000,0x0000000779080000)
 ParOldGen       total 168960K, used 19507K [0x00000006c2a00000, 0x00000006ccf00000, 0x000000076b900000)
  object space 168960K, 11% used [0x00000006c2a00000,0x00000006c3d0ced0,0x00000006ccf00000)
 Metaspace       used 55635K, capacity 59112K, committed 59160K, reserved 1101824K
  class space    used 7120K, capacity 7842K, committed 7848K, reserved 1048576K
Event: 8.086 GC heap after
Heap after GC invocations=11 (full 2):
 PSYoungGen      total 220672K, used 14820K [0x000000076b900000, 0x000000077dc00000, 0x00000007c0000000)
  eden space 205824K, 0% used [0x000000076b900000,0x000000076b900000,0x0000000778200000)
  from space 14848K, 99% used [0x0000000778200000,0x0000000779079088,0x0000000779080000)
  to   space 17920K, 0% used [0x000000077ca80000,0x000000077ca80000,0x000000077dc00000)
 ParOldGen       total 168960K, used 22456K [0x00000006c2a00000, 0x00000006ccf00000, 0x000000076b900000)
  object space 168960K, 13% used [0x00000006c2a00000,0x00000006c3fee1b0,0x00000006ccf00000)
 Metaspace       used 55635K, capacity 59112K, committed 59160K, reserved 1101824K
  class space    used 7120K, capacity 7842K, committed 7848K, reserved 1048576K
}
Event: 8.086 GC heap before
{Heap before GC invocations=12 (full 3):
 PSYoungGen      total 220672K, used 14820K [0x000000076b900000, 0x000000077dc00000, 0x00000007c0000000)
  eden space 205824K, 0% used [0x000000076b900000,0x000000076b900000,0x0000000778200000)
  from space 14848K, 99% used [0x0000000778200000,0x0000000779079088,0x0000000779080000)
  to   space 17920K, 0% used [0x000000077ca80000,0x000000077ca80000,0x000000077dc00000)
 ParOldGen       total 168960K, used 22456K [0x00000006c2a00000, 0x00000006ccf00000, 0x000000076b900000)
  object space 168960K, 13% used [0x00000006c2a00000,0x00000006c3fee1b0,0x00000006ccf00000)
 Metaspace       used 55635K, capacity 59112K, committed 59160K, reserved 1101824K
  class space    used 7120K, capacity 7842K, committed 7848K, reserved 1048576K
Event: 8.204 GC heap after
Heap after GC invocations=12 (full 3):
 PSYoungGen      total 220672K, used 0K [0x000000076b900000, 0x000000077dc00000, 0x00000007c0000000)
  eden space 205824K, 0% used [0x000000076b900000,0x000000076b900000,0x0000000778200000)
  from space 14848K, 0% used [0x0000000778200000,0x0000000778200000,0x0000000779080000)
  to   space 17920K, 0% used [0x000000077ca80000,0x000000077ca80000,0x000000077dc00000)
 ParOldGen       total 168960K, used 29455K [0x00000006c2a00000, 0x00000006ccf00000, 0x000000076b900000)
  object space 168960K, 17% used [0x00000006c2a00000,0x00000006c46c3ea8,0x00000006ccf00000)
 Metaspace       used 55635K, capacity 59112K, committed 59160K, reserved 1101824K
  class space    used 7120K, capacity 7842K, committed 7848K, reserved 1048576K
}

Deoptimization events (10 events):
Event: 7.778 Thread 0x00000230f2449000 Uncommon trap: reason=class_check action=maybe_recompile pc=0x00000230805e71dc method=java.lang.Character.toUpperCaseEx(I)I @ 26
Event: 7.779 Thread 0x00000230f2449000 Uncommon trap: reason=class_check action=maybe_recompile pc=0x00000230805e71dc method=java.lang.Character.toUpperCaseEx(I)I @ 26
Event: 8.271 Thread 0x00000230f2449000 Uncommon trap: reason=bimorphic action=maybe_recompile pc=0x000002308090b26c method=java.util.Collections$SetFromMap.contains(Ljava/lang/Object;)Z @ 5
Event: 8.806 Thread 0x00000230f2449000 Uncommon trap: reason=unstable_if action=reinterpret pc=0x0000023080e79b2c method=org.springframework.core.annotation.TypeMappedAnnotations$IsPresent.doWithAnnotations(Ljava/lang/Object;ILjava/lang/Object;[Ljava/lang/annotation/Annotation;)Ljava/lang/Bool
Event: 8.806 Thread 0x00000230f2449000 Uncommon trap: reason=unstable_if action=reinterpret pc=0x00000230805c4bcc method=org.springframework.core.annotation.AnnotationsScanner.processClassHierarchy(Ljava/lang/Object;[ILjava/lang/Class;Lorg/springframework/core/annotation/AnnotationsProcessor;Z
Event: 8.873 Thread 0x00000230f2449000 Uncommon trap: reason=class_check action=maybe_recompile pc=0x0000023080c4d158 method=org.springframework.core.annotation.AnnotatedElementUtils.hasAnnotation(Ljava/lang/reflect/AnnotatedElement;Ljava/lang/Class;)Z @ 21
Event: 8.873 Thread 0x00000230f2449000 Uncommon trap: reason=class_check action=maybe_recompile pc=0x0000023080c4d158 method=org.springframework.core.annotation.AnnotatedElementUtils.hasAnnotation(Ljava/lang/reflect/AnnotatedElement;Ljava/lang/Class;)Z @ 21
Event: 8.873 Thread 0x00000230f2449000 Uncommon trap: reason=class_check action=maybe_recompile pc=0x0000023080c4d158 method=org.springframework.core.annotation.AnnotatedElementUtils.hasAnnotation(Ljava/lang/reflect/AnnotatedElement;Ljava/lang/Class;)Z @ 21
Event: 8.873 Thread 0x00000230f2449000 Uncommon trap: reason=class_check action=maybe_recompile pc=0x0000023080c4d158 method=org.springframework.core.annotation.AnnotatedElementUtils.hasAnnotation(Ljava/lang/reflect/AnnotatedElement;Ljava/lang/Class;)Z @ 21
Event: 9.031 Thread 0x00000230f2449000 Uncommon trap: reason=null_check action=make_not_entrant pc=0x0000023080d562d0 method=org.springframework.beans.factory.support.DefaultSingletonBeanRegistry.getSingleton(Ljava/lang/String;Z)Ljava/lang/Object; @ 90

Classes redefined (0 events):
No events

Internal exceptions (10 events):
Event: 9.097 Thread 0x00000230f2449000 Exception <a 'java/lang/ClassNotFoundException': org/springframework/beans/factory/AwareCustomizer> (0x0000000775c8a140) thrown at [C:\wsjdk\Corretto8Src\installers\windows\zip\corretto-build\buildRoot\src\hotspot\src\share\vm\classfile\systemDictionary.c
Event: 9.098 Thread 0x00000230f2449000 Exception <a 'java/lang/ClassNotFoundException': org/springframework/beans/factory/InitializingBeanCustomizer> (0x0000000775cba6f8) thrown at [C:\wsjdk\Corretto8Src\installers\windows\zip\corretto-build\buildRoot\src\hotspot\src\share\vm\classfile\systemD
Event: 9.099 Thread 0x00000230f2449000 Exception <a 'java/lang/ClassNotFoundException': java/lang/ObjectCustomizer> (0x0000000775cd6250) thrown at [C:\wsjdk\Corretto8Src\installers\windows\zip\corretto-build\buildRoot\src\hotspot\src\share\vm\classfile\systemDictionary.cpp, line 217]
Event: 9.100 Thread 0x00000230f2449000 Exception <a 'java/lang/ClassNotFoundException': org/mybatis/spring/boot/autoconfigure/MybatisLanguageDriverAutoConfigurationCustomizer> (0x0000000775d188d0) thrown at [C:\wsjdk\Corretto8Src\installers\windows\zip\corretto-build\buildRoot\src\hotspot\src\
Event: 9.101 Thread 0x00000230f2449000 Exception <a 'java/lang/ClassNotFoundException': org/mybatis/spring/boot/autoconfigure/MybatisLanguageDriverAutoConfiguration$$EnhancerBySpringCGLIB$$7c6a30c6Customizer> (0x0000000775d6b8a0) thrown at [C:\wsjdk\Corretto8Src\installers\windows\zip\corretto
Event: 9.101 Thread 0x00000230f2449000 Exception <a 'java/lang/ClassNotFoundException': org/springframework/context/annotation/ConfigurationClassEnhancer$EnhancedConfigurationCustomizer> (0x0000000775db6310) thrown at [C:\wsjdk\Corretto8Src\installers\windows\zip\corretto-build\buildRoot\src\h
Event: 9.102 Thread 0x00000230f2449000 Exception <a 'java/lang/ClassNotFoundException': org/springframework/beans/factory/BeanFactoryAwareCustomizer> (0x0000000775de6a38) thrown at [C:\wsjdk\Corretto8Src\installers\windows\zip\corretto-build\buildRoot\src\hotspot\src\share\vm\classfile\systemD
Event: 9.103 Thread 0x00000230f2449000 Exception <a 'java/lang/ClassNotFoundException': org/springframework/beans/factory/AwareCustomizer> (0x0000000775e11928) thrown at [C:\wsjdk\Corretto8Src\installers\windows\zip\corretto-build\buildRoot\src\hotspot\src\share\vm\classfile\systemDictionary.c
Event: 9.108 Thread 0x00000230f2449000 Exception <a 'java/lang/ClassNotFoundException': java/lang/ObjectCustomizer> (0x0000000775e82588) thrown at [C:\wsjdk\Corretto8Src\installers\windows\zip\corretto-build\buildRoot\src\hotspot\src\share\vm\classfile\systemDictionary.cpp, line 217]
Event: 9.111 Thread 0x00000230f2449000 Exception <a 'java/lang/ClassNotFoundException': org/mybatis/spring/boot/autoconfigure/MybatisPropertiesCustomizer> (0x0000000775eb89f8) thrown at [C:\wsjdk\Corretto8Src\installers\windows\zip\corretto-build\buildRoot\src\hotspot\src\share\vm\classfile\sy

Events (10 events):
Event: 9.115 loading class org/apache/ibatis/builder/CacheRefResolver
Event: 9.115 loading class org/apache/ibatis/builder/CacheRefResolver done
Event: 9.115 loading class org/apache/ibatis/mapping/BoundSql
Event: 9.115 loading class org/apache/ibatis/mapping/BoundSql done
Event: 9.116 loading class org/apache/ibatis/executor/resultset/ResultSetHandler
Event: 9.116 loading class org/apache/ibatis/executor/resultset/ResultSetHandler done
Event: 9.116 loading class org/apache/ibatis/builder/ResultMapResolver
Event: 9.116 loading class org/apache/ibatis/builder/ResultMapResolver done
Event: 9.116 loading class org/apache/ibatis/executor/statement/StatementHandler
Event: 9.116 loading class org/apache/ibatis/executor/statement/StatementHandler done


Dynamic libraries:
0x00007ff676e30000 - 0x00007ff676e6a000 	C:\Users\其然乐衣Letitbe\.jdks\corretto-1.8.0_312\bin\java.exe
0x00007ffc60270000 - 0x00007ffc60468000 	C:\WINDOWS\SYSTEM32\ntdll.dll
0x00007ffc60040000 - 0x00007ffc600ff000 	C:\WINDOWS\System32\KERNEL32.DLL
0x00007ffc5da70000 - 0x00007ffc5dd42000 	C:\WINDOWS\System32\KERNELBASE.dll
0x00007ffc5f520000 - 0x00007ffc5f5ce000 	C:\WINDOWS\System32\ADVAPI32.dll
0x00007ffc5e310000 - 0x00007ffc5e3ae000 	C:\WINDOWS\System32\msvcrt.dll
0x00007ffc5eee0000 - 0x00007ffc5ef7c000 	C:\WINDOWS\System32\sechost.dll
0x00007ffc5f230000 - 0x00007ffc5f355000 	C:\WINDOWS\System32\RPCRT4.dll
0x00007ffc5e570000 - 0x00007ffc5e711000 	C:\WINDOWS\System32\USER32.dll
0x00007ffc5e1e0000 - 0x00007ffc5e202000 	C:\WINDOWS\System32\win32u.dll
0x00007ffc5ff00000 - 0x00007ffc5ff2b000 	C:\WINDOWS\System32\GDI32.dll
0x00007ffc5d960000 - 0x00007ffc5da6f000 	C:\WINDOWS\System32\gdi32full.dll
0x00007ffc5e210000 - 0x00007ffc5e2ad000 	C:\WINDOWS\System32\msvcp_win.dll
0x00007ffc5de70000 - 0x00007ffc5df70000 	C:\WINDOWS\System32\ucrtbase.dll
0x00007ffc4aa20000 - 0x00007ffc4acba000 	C:\WINDOWS\WinSxS\amd64_microsoft.windows.common-controls_6595b64144ccf1df_6.0.19041.1110_none_60b5254171f9507e\COMCTL32.dll
0x00007ffc5f360000 - 0x00007ffc5f392000 	C:\WINDOWS\System32\IMM32.DLL
0x00007ffc1df40000 - 0x00007ffc1e02f000 	C:\Users\其然乐衣Letitbe\.jdks\corretto-1.8.0_312\jre\bin\msvcr120.dll
0x00007ffc17010000 - 0x00007ffc170b6000 	C:\Users\其然乐衣Letitbe\.jdks\corretto-1.8.0_312\jre\bin\msvcp120.dll
0x0000000058120000 - 0x0000000058990000 	C:\Users\其然乐衣Letitbe\.jdks\corretto-1.8.0_312\jre\bin\server\jvm.dll
0x00007ffc60030000 - 0x00007ffc60038000 	C:\WINDOWS\System32\PSAPI.DLL
0x00007ffc33490000 - 0x00007ffc33499000 	C:\WINDOWS\SYSTEM32\WSOCK32.dll
0x00007ffc5acc0000 - 0x00007ffc5ace7000 	C:\WINDOWS\SYSTEM32\WINMM.dll
0x00007ffc557e0000 - 0x00007ffc557ea000 	C:\WINDOWS\SYSTEM32\VERSION.dll
0x00007ffc5ee70000 - 0x00007ffc5eedb000 	C:\WINDOWS\System32\WS2_32.dll
0x00007ffc56780000 - 0x00007ffc5678f000 	C:\Users\其然乐衣Letitbe\.jdks\corretto-1.8.0_312\jre\bin\verify.dll
0x00007ffc40a50000 - 0x00007ffc40a79000 	C:\Users\其然乐衣Letitbe\.jdks\corretto-1.8.0_312\jre\bin\java.dll
0x00007ffc2ec90000 - 0x00007ffc2ecba000 	C:\Users\其然乐衣Letitbe\.jdks\corretto-1.8.0_312\jre\bin\instrument.dll
0x00007ffc561e0000 - 0x00007ffc561f6000 	C:\Users\其然乐衣Letitbe\.jdks\corretto-1.8.0_312\jre\bin\zip.dll
0x00007ffc5e720000 - 0x00007ffc5ee64000 	C:\WINDOWS\System32\SHELL32.dll
0x00007ffc5b660000 - 0x00007ffc5bdf2000 	C:\WINDOWS\SYSTEM32\windows.storage.dll
0x00007ffc5fb20000 - 0x00007ffc5fe75000 	C:\WINDOWS\System32\combase.dll
0x00007ffc5d3c0000 - 0x00007ffc5d3f0000 	C:\WINDOWS\SYSTEM32\Wldp.dll
0x00007ffc60100000 - 0x00007ffc601ad000 	C:\WINDOWS\System32\SHCORE.dll
0x00007ffc5ff40000 - 0x00007ffc5ff95000 	C:\WINDOWS\System32\shlwapi.dll
0x00007ffc5d8a0000 - 0x00007ffc5d8bf000 	C:\WINDOWS\SYSTEM32\profapi.dll
0x00007ffc40a30000 - 0x00007ffc40a4a000 	D:\Program Files\JetBrains\IntelliJ IDEA 2021.3.3\bin\breakgen64.dll
0x00007ffc56160000 - 0x00007ffc5617a000 	C:\Users\其然乐衣Letitbe\.jdks\corretto-1.8.0_312\jre\bin\net.dll
0x00007ffc5d120000 - 0x00007ffc5d18a000 	C:\WINDOWS\system32\mswsock.dll
0x00007ffc53580000 - 0x00007ffc53592000 	C:\Users\其然乐衣Letitbe\.jdks\corretto-1.8.0_312\jre\bin\nio.dll
0x00007ffc40970000 - 0x00007ffc4097d000 	C:\Users\其然乐衣Letitbe\.jdks\corretto-1.8.0_312\jre\bin\management.dll
0x00007ffc23410000 - 0x00007ffc23427000 	C:\WINDOWS\system32\napinsp.dll
0x00007ffc233f0000 - 0x00007ffc2340b000 	C:\WINDOWS\system32\pnrpnsp.dll
0x00007ffc56d60000 - 0x00007ffc56d75000 	C:\WINDOWS\system32\wshbth.dll
0x00007ffc572e0000 - 0x00007ffc572fd000 	C:\WINDOWS\system32\NLAapi.dll
0x00007ffc5cdc0000 - 0x00007ffc5cdfb000 	C:\WINDOWS\SYSTEM32\IPHLPAPI.DLL
0x00007ffc5ce00000 - 0x00007ffc5ceca000 	C:\WINDOWS\SYSTEM32\DNSAPI.dll
0x00007ffc5e3b0000 - 0x00007ffc5e3b8000 	C:\WINDOWS\System32\NSI.dll
0x00007ffc23370000 - 0x00007ffc23382000 	C:\WINDOWS\System32\winrnr.dll
0x000000005a550000 - 0x000000005a576000 	C:\Program Files\Bonjour\mdnsNSP.dll
0x00007ffc4fdd0000 - 0x00007ffc4fdda000 	C:\Windows\System32\rasadhlp.dll
0x00007ffc517e0000 - 0x00007ffc51860000 	C:\WINDOWS\System32\fwpuclnt.dll
0x00007ffc5e000000 - 0x00007ffc5e027000 	C:\WINDOWS\System32\bcrypt.dll
0x00007ffc2de30000 - 0x00007ffc2de53000 	C:\Users\其然乐衣Letitbe\.jdks\corretto-1.8.0_312\jre\bin\sunec.dll
0x00007ffc5d320000 - 0x00007ffc5d338000 	C:\WINDOWS\SYSTEM32\CRYPTSP.dll
0x00007ffc5c9d0000 - 0x00007ffc5ca04000 	C:\WINDOWS\system32\rsaenh.dll
0x00007ffc5d860000 - 0x00007ffc5d88e000 	C:\WINDOWS\SYSTEM32\USERENV.dll
0x00007ffc5df70000 - 0x00007ffc5dff2000 	C:\WINDOWS\System32\bcryptprimitives.dll
0x00007ffc5d310000 - 0x00007ffc5d31c000 	C:\WINDOWS\SYSTEM32\CRYPTBASE.dll
0x00007ffc53870000 - 0x00007ffc53887000 	C:\WINDOWS\SYSTEM32\dhcpcsvc6.DLL
0x00007ffc53720000 - 0x00007ffc5373d000 	C:\WINDOWS\SYSTEM32\dhcpcsvc.DLL
0x00007ffc33380000 - 0x00007ffc3338c000 	C:\Users\其然乐衣Letitbe\.jdks\corretto-1.8.0_312\jre\bin\sunmscapi.dll
0x00007ffc5e080000 - 0x00007ffc5e1d6000 	C:\WINDOWS\System32\CRYPT32.dll
0x00007ffc5d430000 - 0x00007ffc5d457000 	C:\WINDOWS\SYSTEM32\ncrypt.dll
0x00007ffc5d3f0000 - 0x00007ffc5d42b000 	C:\WINDOWS\SYSTEM32\NTASN1.dll

VM Arguments:
jvm_args: -Dvisualvm.id=17276477447700 -ea -Didea.test.cyclic.buffer.size=1048576 -javaagent:D:\Program Files\JetBrains\IntelliJ IDEA 2021.3.3\lib\idea_rt.jar=50763:D:\Program Files\JetBrains\IntelliJ IDEA 2021.3.3\bin -Dfile.encoding=UTF-8 
java_command: com.intellij.rt.junit.JUnitStarter -ideVersion5 -junit5 com.weblog.esTest,testBulkRequest2
java_class_path (initial): C:\Users\其然乐衣Letitbe\.m2\repository\org\junit\platform\junit-platform-launcher\1.8.2\junit-platform-launcher-1.8.2.jar;D:\Program Files\JetBrains\IntelliJ IDEA 2021.3.3\lib\idea_rt.jar;D:\Program Files\JetBrains\IntelliJ IDEA 2021.3.3\plugins\junit\lib\junit5-rt.jar;D:\Program Files\JetBrains\IntelliJ IDEA 2021.3.3\plugins\junit\lib\junit-rt.jar;C:\Users\其然乐衣Letitbe\.jdks\corretto-1.8.0_312\jre\lib\charsets.jar;C:\Users\其然乐衣Letitbe\.jdks\corretto-1.8.0_312\jre\lib\ext\access-bridge-64.jar;C:\Users\其然乐衣Letitbe\.jdks\corretto-1.8.0_312\jre\lib\ext\cldrdata.jar;C:\Users\其然乐衣Letitbe\.jdks\corretto-1.8.0_312\jre\lib\ext\dnsns.jar;C:\Users\其然乐衣Letitbe\.jdks\corretto-1.8.0_312\jre\lib\ext\jaccess.jar;C:\Users\其然乐衣Letitbe\.jdks\corretto-1.8.0_312\jre\lib\ext\jfxrt.jar;C:\Users\其然乐衣Letitbe\.jdks\corretto-1.8.0_312\jre\lib\ext\localedata.jar;C:\Users\其然乐衣Letitbe\.jdks\corretto-1.8.0_312\jre\lib\ext\nashorn.jar;C:\Users\其然乐衣Letitbe\.jdks\corretto-1.8.0_312\jre\lib\ext\sunec.jar;C:\Users\其然乐衣Letitbe\.jdks\corretto-1.8.0_312\jre\lib\ext\sunjce_provider.jar;C:\Users\其然乐衣Letitbe\.jdks\corretto-1.8.0_312\jre\lib\ext\sunmscapi.jar;C:\Users\其然乐衣Letitbe\.jdks\corretto-1.8.0_312\jre\lib\ext\sunpkcs11.jar;C:\Users\其然乐衣Letitbe\.jdks\corretto-1.8.0_312\jre\lib\ext\zipfs.jar;C:\Users\其然乐衣Letitbe\.jdks\corretto-1.8.0_312\jre\lib\jce.jar;C:\Users\其然乐衣Letitbe\.jdks\corretto-1.8.0_312\jre\lib\jfr.jar;C:\Users\其然乐衣Letitbe\.jdks\corretto-1.8.0_312\jre\lib\jfxswt.jar;C:\Users\其然乐衣Letitbe\.jdks\corretto-1.8.0_312\jre\lib\jsse.jar;C:\Users\其然乐衣Letitbe\.jdks\corretto-1.8.0_312\jre\lib\management-agent.jar;C:\Users\其然乐衣Letitbe\.jdks\corretto-1.8.0_312\jre\lib\resources.jar;C:\Users\其然乐衣Letitbe\.jdks\corretto-1.8.0_312\jre\lib\rt.jar;D:\Java\idea\weblog\target\test-classes;D:\Java\idea\weblog\target\classes;C:\Users\其然乐衣Letitbe\.m2\repository\org\projectlombok\lombok\1.18.24\lombok-1.18
Launcher Type: SUN_STANDARD

Environment Variables:
JAVA_HOME=D:\Java
PATH=D:\Program Files (x86)\VMware\VMware Workstation\bin\;D:\Program Files\MySQL\MySQL Server 5.5\bin;C:\Program Files (x86)\Common Files\Oracle\Java\javapath;C:\Windows\system32;C:\Windows;C:\Windows\System32\Wbem;C:\Windows\System32\WindowsPowerShell\v1.0\;C:\Windows\System32\OpenSSH\;C:\Program Files (x86)\NVIDIA Corporation\PhysX\Common;C:\Program Files\NVIDIA Corporation\NVIDIA NvDLISR\;C:\Program Files (x86)\Yozosoft\Yozo_Office\Lib\xuggler\bin;D:\Java\bin;C:\WINDOWS\system32;C:\WINDOWS;C:\WINDOWS\System32\Wbem;C:\WINDOWS\System32\WindowsPowerShell\v1.0\;C:\WINDOWS\System32\OpenSSH\;D:\Users\其然乐衣Letitbe\Maven\apache-maven-3.6.0-bin\apache-maven-3.6.0\bin;C:\Program Files\PuTTY\;D:\texlive\texlive\2021\bin\win32;D:\Java\数据库MySQL\mysql-8.0.28-winx64\bin;C:\Program Files\MySQL\MySQL Server 8.0\bin;D:\Program Files\erl-24.2.1\bin;D:\Program Files (x86)\NetSarang\Xftp 7\;D:\Git\cmd;D:\Program Files (x86)\NetSarang\Xshell 7\;D:\nvm;D:\nodejs;C:\Program Files\MySQL\MySQL Shell 8.0\bin\;C:\Users\其然乐衣Letitbe\AppData\Local\Microsoft\WindowsApps;D:\Program Files\JetBrains\IntelliJ IDEA 2021.3.1\bin;;D:\altera\13.1\modelsim_ae\win32aloem;D:\altera\13.1\modelsim_ase\win32aloem;C:\Users\其然乐衣Letitbe\AppData\Local\GitHubDesktop\bin;D:\nodejs\node_global;D:\nvm;D:\nodejs;D:\APP\Vscode\Microsoft VS Code\bin;D:\nodejs\node_cache;
USERNAME=其然乐衣Letitbe
OS=Windows_NT
PROCESSOR_IDENTIFIER=Intel64 Family 6 Model 142 Stepping 12, GenuineIntel



---------------  S Y S T E M  ---------------

OS: Windows 10.0 , 64 bit Build 19041 (10.0.19041.2364)

CPU:total 8 (initial active 8) (4 cores per cpu, 2 threads per core) family 6 model 142 stepping 12, cmov, cx8, fxsr, mmx, sse, sse2, sse3, ssse3, sse4.1, sse4.2, popcnt, avx, avx2, aes, clmul, erms, 3dnowpref, lzcnt, ht, tsc, tscinvbit, bmi1, bmi2, adx

Memory: 4k page, physical 16601588k(3855100k free), swap 16601588k(5120k free)

vm_info: OpenJDK 64-Bit Server VM (25.312-b07) for windows-amd64 JRE (1.8.0_312-b07), built on Oct 14 2021 21:08:49 by "Administrator" with MS VC++ 12.0 (VS2013)

time: Wed Dec 21 14:57:51 2022
timezone: ?D1ú±ê×?ê±??
elapsed time: 9.139405 seconds (0d 0h 0m 9s)

