#
# There is insufficient memory for the Java Runtime Environment to continue.
# Native memory allocation (malloc) failed to allocate 1052032 bytes for Chunk::new
# Possible reasons:
#   The system is out of physical RAM or swap space
#   The process is running with CompressedOops enabled, and the Java Heap may be blocking the growth of the native heap
# Possible solutions:
#   Reduce memory load on the system
#   Increase physical memory or swap space
#   Check if swap backing store is full
#   Decrease Java heap size (-Xmx/-Xms)
#   Decrease number of Java threads
#   Decrease Java thread stack sizes (-Xss)
#   Set larger code cache with -XX:ReservedCodeCacheSize=
#   JVM is running with Zero Based Compressed Oops mode in which the Java heap is
#     placed in the first 32GB address space. The Java Heap base address is the
#     maximum limit for the native heap growth. Please use -XX:HeapBaseMinAddress
#     to set the Java Heap base and to place the Java Heap above 32GB virtual address.
# This output file may be truncated or incomplete.
#
#  Out of Memory Error (allocation.cpp:389), pid=13768, tid=0x00000000000019cc
#
# JRE version: OpenJDK Runtime Environment (8.0_312-b07) (build 1.8.0_312-b07)
# Java VM: OpenJDK 64-Bit Server VM (25.312-b07 mixed mode windows-amd64 compressed oops)
# Failed to write core dump. Minidumps are not enabled by default on client versions of Windows
#

---------------  T H R E A D  ---------------

Current thread (0x000001e288598000):  JavaThread "C2 CompilerThread0" daemon [_thread_in_native, id=6604, stack(0x0000003dc8800000,0x0000003dc8900000)]

Stack: [0x0000003dc8800000,0x0000003dc8900000]
[error occurred during error reporting (printing stack bounds), id 0xc0000005]

Native frames: (J=compiled Java code, j=interpreted, Vv=VM code, C=native code)


Current CompileTask:
C2:   9421 5276       4       org.springframework.beans.factory.support.AbstractBeanFactory::isTypeMatch (607 bytes)


---------------  P R O C E S S  ---------------

Java Threads: ( => current thread )
  0x000001e28f882000 JavaThread "pool-2-thread-2" [_thread_blocked, id=15648, stack(0x0000003dcb100000,0x0000003dcb200000)]
  0x000001e28f881000 JavaThread "AMQP Connection 175.178.37.103:5672" [_thread_in_native, id=23576, stack(0x0000003dcb000000,0x0000003dcb100000)]
  0x000001e28f880800 JavaThread "quartzScheduler_QuartzSchedulerThread" [_thread_blocked, id=2368, stack(0x0000003dcae00000,0x0000003dcaf00000)]
  0x000001e28f883800 JavaThread "quartzScheduler_Worker-10" [_thread_blocked, id=20988, stack(0x0000003dcad00000,0x0000003dcae00000)]
  0x000001e28f87f800 JavaThread "quartzScheduler_Worker-9" [_thread_blocked, id=8988, stack(0x0000003dcac00000,0x0000003dcad00000)]
  0x000001e28f877800 JavaThread "quartzScheduler_Worker-8" [_thread_blocked, id=23984, stack(0x0000003dcab00000,0x0000003dcac00000)]
  0x000001e28f87f000 JavaThread "quartzScheduler_Worker-7" [_thread_blocked, id=14104, stack(0x0000003dcaa00000,0x0000003dcab00000)]
  0x000001e28f87e000 JavaThread "quartzScheduler_Worker-6" [_thread_blocked, id=11372, stack(0x0000003dca900000,0x0000003dcaa00000)]
  0x000001e28f87d000 JavaThread "quartzScheduler_Worker-5" [_thread_blocked, id=3324, stack(0x0000003dca800000,0x0000003dca900000)]
  0x000001e28f875800 JavaThread "quartzScheduler_Worker-4" [_thread_blocked, id=6344, stack(0x0000003dca700000,0x0000003dca800000)]
  0x000001e28f87a000 JavaThread "quartzScheduler_Worker-3" [_thread_blocked, id=19776, stack(0x0000003dca600000,0x0000003dca700000)]
  0x000001e28f879800 JavaThread "quartzScheduler_Worker-2" [_thread_blocked, id=15536, stack(0x0000003dca500000,0x0000003dca600000)]
  0x000001e28f876000 JavaThread "quartzScheduler_Worker-1" [_thread_blocked, id=1304, stack(0x0000003dca400000,0x0000003dca500000)]
  0x000001e28f878800 JavaThread "lettuce-timer-3-1" daemon [_thread_blocked, id=13632, stack(0x0000003dca300000,0x0000003dca400000)]
  0x000001e28f877000 JavaThread "DefaultQuartzScheduler_QuartzSchedulerThread" [_thread_blocked, id=8, stack(0x0000003dca200000,0x0000003dca300000)]
  0x000001e28d069800 JavaThread "DefaultQuartzScheduler_Worker-10" [_thread_blocked, id=19860, stack(0x0000003dca100000,0x0000003dca200000)]
  0x000001e28d069000 JavaThread "DefaultQuartzScheduler_Worker-9" [_thread_blocked, id=5448, stack(0x0000003dca000000,0x0000003dca100000)]
  0x000001e28d068000 JavaThread "DefaultQuartzScheduler_Worker-8" [_thread_blocked, id=9648, stack(0x0000003dc9f00000,0x0000003dca000000)]
  0x000001e28d06d800 JavaThread "DefaultQuartzScheduler_Worker-7" [_thread_blocked, id=19956, stack(0x0000003dc9e00000,0x0000003dc9f00000)]
  0x000001e28d06f000 JavaThread "DefaultQuartzScheduler_Worker-6" [_thread_blocked, id=5444, stack(0x0000003dc9d00000,0x0000003dc9e00000)]
  0x000001e28d06c000 JavaThread "DefaultQuartzScheduler_Worker-5" [_thread_blocked, id=14532, stack(0x0000003dc9c00000,0x0000003dc9d00000)]
  0x000001e28d06b000 JavaThread "DefaultQuartzScheduler_Worker-4" [_thread_blocked, id=21808, stack(0x0000003dc9b00000,0x0000003dc9c00000)]
  0x000001e28d06a800 JavaThread "DefaultQuartzScheduler_Worker-3" [_thread_blocked, id=22068, stack(0x0000003dc9a00000,0x0000003dc9b00000)]
  0x000001e28d06e800 JavaThread "DefaultQuartzScheduler_Worker-2" [_thread_blocked, id=17172, stack(0x0000003dc9900000,0x0000003dc9a00000)]
  0x000001e28d06c800 JavaThread "DefaultQuartzScheduler_Worker-1" [_thread_blocked, id=22572, stack(0x0000003dc9800000,0x0000003dc9900000)]
  0x000001e28d7db800 JavaThread "mysql-cj-abandoned-connection-cleanup" daemon [_thread_blocked, id=14820, stack(0x0000003dc9700000,0x0000003dc9800000)]
  0x000001e28c205800 JavaThread "I/O dispatcher 8" [_thread_in_native, id=4588, stack(0x0000003dc9600000,0x0000003dc9700000)]
  0x000001e288926800 JavaThread "I/O dispatcher 7" [_thread_in_native, id=14592, stack(0x0000003dc9500000,0x0000003dc9600000)]
  0x000001e288925800 JavaThread "I/O dispatcher 6" [_thread_in_native, id=11148, stack(0x0000003dc9400000,0x0000003dc9500000)]
  0x000001e288925000 JavaThread "I/O dispatcher 5" [_thread_in_native, id=13808, stack(0x0000003dc9300000,0x0000003dc9400000)]
  0x000001e28d5f7800 JavaThread "I/O dispatcher 4" [_thread_in_native, id=15884, stack(0x0000003dc9200000,0x0000003dc9300000)]
  0x000001e28ae84000 JavaThread "I/O dispatcher 3" [_thread_in_native, id=11020, stack(0x0000003dc9100000,0x0000003dc9200000)]
  0x000001e28b0dd000 JavaThread "I/O dispatcher 2" [_thread_in_native, id=11256, stack(0x0000003dc9000000,0x0000003dc9100000)]
  0x000001e28d5fb800 JavaThread "I/O dispatcher 1" [_thread_in_native, id=5632, stack(0x0000003dc8f00000,0x0000003dc9000000)]
  0x000001e28f668000 JavaThread "pool-1-thread-1" [_thread_in_native, id=15112, stack(0x0000003dc8e00000,0x0000003dc8f00000)]
  0x000001e2885f4000 JavaThread "Service Thread" daemon [_thread_blocked, id=7744, stack(0x0000003dc8c00000,0x0000003dc8d00000)]
  0x000001e2885a8800 JavaThread "C1 CompilerThread3" daemon [_thread_blocked, id=11392, stack(0x0000003dc8b00000,0x0000003dc8c00000)]
  0x000001e28859d800 JavaThread "C2 CompilerThread2" daemon [_thread_in_native, id=24508, stack(0x0000003dc8a00000,0x0000003dc8b00000)]
  0x000001e28859a000 JavaThread "C2 CompilerThread1" daemon [_thread_blocked, id=14740, stack(0x0000003dc8900000,0x0000003dc8a00000)]
=>0x000001e288598000 JavaThread "C2 CompilerThread0" daemon [_thread_in_native, id=6604, stack(0x0000003dc8800000,0x0000003dc8900000)]
  0x000001e28858a800 JavaThread "Monitor Ctrl-Break" daemon [_thread_in_native, id=16436, stack(0x0000003dc8700000,0x0000003dc8800000)]
  0x000001e288553800 JavaThread "Attach Listener" daemon [_thread_blocked, id=24748, stack(0x0000003dc8600000,0x0000003dc8700000)]
  0x000001e2fe9d5000 JavaThread "Signal Dispatcher" daemon [_thread_blocked, id=21348, stack(0x0000003dc8500000,0x0000003dc8600000)]
  0x000001e2fe61d000 JavaThread "Finalizer" daemon [_thread_blocked, id=11960, stack(0x0000003dc8400000,0x0000003dc8500000)]
  0x000001e2fe616800 JavaThread "Reference Handler" daemon [_thread_blocked, id=24424, stack(0x0000003dc8300000,0x0000003dc8400000)]
  0x000001e2eb829800 JavaThread "main" [_thread_blocked, id=10528, stack(0x0000003dc7900000,0x0000003dc7a00000)]

Other Threads:
  0x000001e2fe971000 VMThread [stack: 0x0000003dc8200000,0x0000003dc8300000] [id=23696]
  0x000001e288657800 WatcherThread [stack: 0x0000003dc8d00000,0x0000003dc8e00000] [id=25316]

VM state:not at safepoint (normal execution)

VM Mutex/Monitor currently owned by a thread: None

heap address: 0x00000006c2a00000, size: 4054 MB, Compressed Oops mode: Zero based, Oop shift amount: 3
Narrow klass base: 0x0000000000000000, Narrow klass shift: 3
Compressed class space size: 1073741824 Address: 0x00000007c0000000

Heap:
 PSYoungGen      total 236544K, used 99683K [0x000000076b900000, 0x000000077bc80000, 0x00000007c0000000)
  eden space 228352K, 40% used [0x000000076b900000,0x0000000771273aa0,0x0000000779800000)
  from space 8192K, 98% used [0x000000077b480000,0x000000077bc65410,0x000000077bc80000)
  to   space 17408K, 0% used [0x0000000779a80000,0x0000000779a80000,0x000000077ab80000)
 ParOldGen       total 256000K, used 30262K [0x00000006c2a00000, 0x00000006d2400000, 0x000000076b900000)
  object space 256000K, 11% used [0x00000006c2a00000,0x00000006c478dab8,0x00000006d2400000)
 Metaspace       used 61040K, capacity 65549K, committed 65704K, reserved 1105920K
  class space    used 7929K, capacity 8763K, committed 8872K, reserved 1048576K

Card table byte_map: [0x000001e2fc7a0000,0x000001e2fcf90000] byte_map_base: 0x000001e2f918b000

Marking Bits: (ParMarkBitMap*) 0x0000000070b61860
 Begin Bits: [0x000001e280000000, 0x000001e283f58000)
 End Bits:   [0x000001e283f58000, 0x000001e287eb0000)

Polling page: 0x000001e2ed3b0000

CodeCache: size=245760Kb used=19017Kb max_used=19082Kb free=226742Kb
 bounds [0x000001e2ed3e0000, 0x000001e2ee6a0000, 0x000001e2fc3e0000]
 total_blobs=5564 nmethods=5008 adapters=468
 compilation: enabled

Compilation events (10 events):
Event: 9.347 Thread 0x000001e28859a000 5533       4       org.springframework.core.SimpleAliasRegistry::canonicalName (28 bytes)
Event: 9.355 Thread 0x000001e28859a000 nmethod 5533 0x000001e2ed984a50 code [0x000001e2ed984bc0, 0x000001e2ed985148]
Event: 9.355 Thread 0x000001e28859a000 5351       4       java.util.HashMap$HashIterator::<init> (79 bytes)
Event: 9.358 Thread 0x000001e28859a000 nmethod 5351 0x000001e2eda34390 code [0x000001e2eda344e0, 0x000001e2eda347b8]
Event: 9.359 Thread 0x000001e28859a000 5651       4       java.io.DataOutputStream::incCount (20 bytes)
Event: 9.359 Thread 0x000001e28859a000 nmethod 5651 0x000001e2ed984810 code [0x000001e2ed984940, 0x000001e2ed9849b8]
Event: 9.360 Thread 0x000001e28859a000 5282       4       java.util.AbstractSet::<init> (5 bytes)
Event: 9.360 Thread 0x000001e28859a000 nmethod 5282 0x000001e2ee57db90 code [0x000001e2ee57dcc0, 0x000001e2ee57dd18]
Event: 9.360 Thread 0x000001e28859a000 5254       4       org.springframework.core.BridgeMethodResolver::isVisibilityBridgeMethodPair (52 bytes)
Event: 9.363 Thread 0x000001e28859a000 nmethod 5254 0x000001e2edd26bd0 code [0x000001e2edd26d40, 0x000001e2edd27008]

GC Heap History (10 events):
Event: 5.697 GC heap before
{Heap before GC invocations=9 (full 2):
 PSYoungGen      total 152576K, used 142848K [0x000000076b900000, 0x0000000778780000, 0x00000007c0000000)
  eden space 142848K, 100% used [0x000000076b900000,0x0000000774480000,0x0000000774480000)
  from space 9728K, 0% used [0x0000000775000000,0x0000000775000000,0x0000000775980000)
  to   space 11776K, 0% used [0x0000000774480000,0x0000000774480000,0x0000000775000000)
 ParOldGen       total 176640K, used 17010K [0x00000006c2a00000, 0x00000006cd680000, 0x000000076b900000)
  object space 176640K, 9% used [0x00000006c2a00000,0x00000006c3a9ca18,0x00000006cd680000)
 Metaspace       used 41536K, capacity 44304K, committed 44584K, reserved 1087488K
  class space    used 5503K, capacity 6104K, committed 6184K, reserved 1048576K
Event: 5.704 GC heap after
Heap after GC invocations=9 (full 2):
 PSYoungGen      total 154624K, used 11308K [0x000000076b900000, 0x0000000778f80000, 0x00000007c0000000)
  eden space 142848K, 0% used [0x000000076b900000,0x000000076b900000,0x0000000774480000)
  from space 11776K, 96% used [0x0000000774480000,0x0000000774f8b068,0x0000000775000000)
  to   space 12800K, 0% used [0x0000000778300000,0x0000000778300000,0x0000000778f80000)
 ParOldGen       total 176640K, used 17018K [0x00000006c2a00000, 0x00000006cd680000, 0x000000076b900000)
  object space 176640K, 9% used [0x00000006c2a00000,0x00000006c3a9ea18,0x00000006cd680000)
 Metaspace       used 41536K, capacity 44304K, committed 44584K, reserved 1087488K
  class space    used 5503K, capacity 6104K, committed 6184K, reserved 1048576K
}
Event: 6.744 GC heap before
{Heap before GC invocations=10 (full 2):
 PSYoungGen      total 154624K, used 154156K [0x000000076b900000, 0x0000000778f80000, 0x00000007c0000000)
  eden space 142848K, 100% used [0x000000076b900000,0x0000000774480000,0x0000000774480000)
  from space 11776K, 96% used [0x0000000774480000,0x0000000774f8b068,0x0000000775000000)
  to   space 12800K, 0% used [0x0000000778300000,0x0000000778300000,0x0000000778f80000)
 ParOldGen       total 176640K, used 17018K [0x00000006c2a00000, 0x00000006cd680000, 0x000000076b900000)
  object space 176640K, 9% used [0x00000006c2a00000,0x00000006c3a9ea18,0x00000006cd680000)
 Metaspace       used 49848K, capacity 53110K, committed 53416K, reserved 1095680K
  class space    used 6588K, capacity 7243K, committed 7336K, reserved 1048576K
Event: 6.754 GC heap after
Heap after GC invocations=10 (full 2):
 PSYoungGen      total 204800K, used 12785K [0x000000076b900000, 0x0000000779500000, 0x00000007c0000000)
  eden space 192000K, 0% used [0x000000076b900000,0x000000076b900000,0x0000000777480000)
  from space 12800K, 99% used [0x0000000778300000,0x0000000778f7c660,0x0000000778f80000)
  to   space 14848K, 0% used [0x0000000777480000,0x0000000777480000,0x0000000778300000)
 ParOldGen       total 176640K, used 18602K [0x00000006c2a00000, 0x00000006cd680000, 0x000000076b900000)
  object space 176640K, 10% used [0x00000006c2a00000,0x00000006c3c2a980,0x00000006cd680000)
 Metaspace       used 49848K, capacity 53110K, committed 53416K, reserved 1095680K
  class space    used 6588K, capacity 7243K, committed 7336K, reserved 1048576K
}
Event: 7.546 GC heap before
{Heap before GC invocations=11 (full 2):
 PSYoungGen      total 204800K, used 114170K [0x000000076b900000, 0x0000000779500000, 0x00000007c0000000)
  eden space 192000K, 52% used [0x000000076b900000,0x0000000771c02298,0x0000000777480000)
  from space 12800K, 99% used [0x0000000778300000,0x0000000778f7c660,0x0000000778f80000)
  to   space 14848K, 0% used [0x0000000777480000,0x0000000777480000,0x0000000778300000)
 ParOldGen       total 176640K, used 18602K [0x00000006c2a00000, 0x00000006cd680000, 0x000000076b900000)
  object space 176640K, 10% used [0x00000006c2a00000,0x00000006c3c2a980,0x00000006cd680000)
 Metaspace       used 55639K, capacity 59133K, committed 59160K, reserved 1101824K
  class space    used 7125K, capacity 7821K, committed 7848K, reserved 1048576K
Event: 7.559 GC heap after
Heap after GC invocations=11 (full 2):
 PSYoungGen      total 206848K, used 14836K [0x000000076b900000, 0x000000077c600000, 0x00000007c0000000)
  eden space 192000K, 0% used [0x000000076b900000,0x000000076b900000,0x0000000777480000)
  from space 14848K, 99% used [0x0000000777480000,0x00000007782fd098,0x0000000778300000)
  to   space 17920K, 0% used [0x000000077b480000,0x000000077b480000,0x000000077c600000)
 ParOldGen       total 176640K, used 22399K [0x00000006c2a00000, 0x00000006cd680000, 0x000000076b900000)
  object space 176640K, 12% used [0x00000006c2a00000,0x00000006c3fdfe10,0x00000006cd680000)
 Metaspace       used 55639K, capacity 59133K, committed 59160K, reserved 1101824K
  class space    used 7125K, capacity 7821K, committed 7848K, reserved 1048576K
}
Event: 7.559 GC heap before
{Heap before GC invocations=12 (full 3):
 PSYoungGen      total 206848K, used 14836K [0x000000076b900000, 0x000000077c600000, 0x00000007c0000000)
  eden space 192000K, 0% used [0x000000076b900000,0x000000076b900000,0x0000000777480000)
  from space 14848K, 99% used [0x0000000777480000,0x00000007782fd098,0x0000000778300000)
  to   space 17920K, 0% used [0x000000077b480000,0x000000077b480000,0x000000077c600000)
 ParOldGen       total 176640K, used 22399K [0x00000006c2a00000, 0x00000006cd680000, 0x000000076b900000)
  object space 176640K, 12% used [0x00000006c2a00000,0x00000006c3fdfe10,0x00000006cd680000)
 Metaspace       used 55639K, capacity 59133K, committed 59160K, reserved 1101824K
  class space    used 7125K, capacity 7821K, committed 7848K, reserved 1048576K
Event: 7.683 GC heap after
Heap after GC invocations=12 (full 3):
 PSYoungGen      total 206848K, used 0K [0x000000076b900000, 0x000000077c600000, 0x00000007c0000000)
  eden space 192000K, 0% used [0x000000076b900000,0x000000076b900000,0x0000000777480000)
  from space 14848K, 0% used [0x0000000777480000,0x0000000777480000,0x0000000778300000)
  to   space 17920K, 0% used [0x000000077b480000,0x000000077b480000,0x000000077c600000)
 ParOldGen       total 256000K, used 30254K [0x00000006c2a00000, 0x00000006d2400000, 0x000000076b900000)
  object space 256000K, 11% used [0x00000006c2a00000,0x00000006c478bab8,0x00000006d2400000)
 Metaspace       used 55639K, capacity 59133K, committed 59160K, reserved 1101824K
  class space    used 7125K, capacity 7821K, committed 7848K, reserved 1048576K
}
Event: 8.627 GC heap before
{Heap before GC invocations=13 (full 3):
 PSYoungGen      total 206848K, used 192000K [0x000000076b900000, 0x000000077c600000, 0x00000007c0000000)
  eden space 192000K, 100% used [0x000000076b900000,0x0000000777480000,0x0000000777480000)
  from space 14848K, 0% used [0x0000000777480000,0x0000000777480000,0x0000000778300000)
  to   space 17920K, 0% used [0x000000077b480000,0x000000077b480000,0x000000077c600000)
 ParOldGen       total 256000K, used 30254K [0x00000006c2a00000, 0x00000006d2400000, 0x000000076b900000)
  object space 256000K, 11% used [0x00000006c2a00000,0x00000006c478bab8,0x00000006d2400000)
 Metaspace       used 58729K, capacity 62981K, committed 63272K, reserved 1103872K
  class space    used 7607K, capacity 8415K, committed 8488K, reserved 1048576K
Event: 8.636 GC heap after
Heap after GC invocations=13 (full 3):
 PSYoungGen      total 236544K, used 8085K [0x000000076b900000, 0x000000077bc80000, 0x00000007c0000000)
  eden space 228352K, 0% used [0x000000076b900000,0x000000076b900000,0x0000000779800000)
  from space 8192K, 98% used [0x000000077b480000,0x000000077bc65410,0x000000077bc80000)
  to   space 17408K, 0% used [0x0000000779a80000,0x0000000779a80000,0x000000077ab80000)
 ParOldGen       total 256000K, used 30262K [0x00000006c2a00000, 0x00000006d2400000, 0x000000076b900000)
  object space 256000K, 11% used [0x00000006c2a00000,0x00000006c478dab8,0x00000006d2400000)
 Metaspace       used 58729K, capacity 62981K, committed 63272K, reserved 1103872K
  class space    used 7607K, capacity 8415K, committed 8488K, reserved 1048576K
}

Deoptimization events (10 events):
Event: 9.078 Thread 0x000001e2eb829800 Uncommon trap: reason=class_check action=maybe_recompile pc=0x000001e2ed872d44 method=java.io.DataOutputStream.write(I)V @ 5
Event: 9.154 Thread 0x000001e2eb829800 Uncommon trap: reason=unstable_if action=reinterpret pc=0x000001e2ee0755f8 method=java.io.ByteArrayInputStream.read([BII)I @ 63
Event: 9.154 Thread 0x000001e2eb829800 Uncommon trap: reason=bimorphic action=maybe_recompile pc=0x000001e2ed887168 method=java.io.DataOutputStream.writeByte(I)V @ 5
Event: 9.154 Thread 0x000001e2eb829800 Uncommon trap: reason=bimorphic action=maybe_recompile pc=0x000001e2ed892984 method=java.io.DataOutputStream.writeShort(I)V @ 12
Event: 9.169 Thread 0x000001e2eb829800 Uncommon trap: reason=bimorphic action=maybe_recompile pc=0x000001e2ed887168 method=java.io.DataOutputStream.writeByte(I)V @ 5
Event: 9.169 Thread 0x000001e2eb829800 Uncommon trap: reason=bimorphic action=maybe_recompile pc=0x000001e2ed892984 method=java.io.DataOutputStream.writeShort(I)V @ 12
Event: 9.170 Thread 0x000001e2eb829800 Uncommon trap: reason=bimorphic action=maybe_recompile pc=0x000001e2ed887168 method=java.io.DataOutputStream.writeByte(I)V @ 5
Event: 9.170 Thread 0x000001e2eb829800 Uncommon trap: reason=bimorphic action=maybe_recompile pc=0x000001e2ed892984 method=java.io.DataOutputStream.writeShort(I)V @ 12
Event: 9.208 Thread 0x000001e2eb829800 Uncommon trap: reason=bimorphic action=maybe_recompile pc=0x000001e2ed887168 method=java.io.DataOutputStream.writeByte(I)V @ 5
Event: 9.208 Thread 0x000001e2eb829800 Uncommon trap: reason=bimorphic action=maybe_recompile pc=0x000001e2ed892984 method=java.io.DataOutputStream.writeShort(I)V @ 12

Classes redefined (0 events):
No events

Internal exceptions (10 events):
Event: 8.954 Thread 0x000001e2eb829800 Exception <a 'java/lang/ClassNotFoundException': org/springframework/beans/factory/AwareCustomizer> (0x000000076fbec188) thrown at [C:\wsjdk\Corretto8Src\installers\windows\zip\corretto-build\buildRoot\src\hotspot\src\share\vm\classfile\systemDictionary.c
Event: 8.954 Thread 0x000001e2eb829800 Exception <a 'java/lang/ClassNotFoundException': org/springframework/core/env/EnvironmentCapableCustomizer> (0x000000076fc1a1e0) thrown at [C:\wsjdk\Corretto8Src\installers\windows\zip\corretto-build\buildRoot\src\hotspot\src\share\vm\classfile\systemDict
Event: 8.955 Thread 0x000001e2eb829800 Exception <a 'java/lang/ClassNotFoundException': org/springframework/web/context/ServletContextAwareCustomizer> (0x000000076fc4c6e0) thrown at [C:\wsjdk\Corretto8Src\installers\windows\zip\corretto-build\buildRoot\src\hotspot\src\share\vm\classfile\system
Event: 8.955 Thread 0x000001e2eb829800 Exception <a 'java/lang/ClassNotFoundException': org/springframework/beans/factory/AwareCustomizer> (0x000000076fc77140) thrown at [C:\wsjdk\Corretto8Src\installers\windows\zip\corretto-build\buildRoot\src\hotspot\src\share\vm\classfile\systemDictionary.c
Event: 8.955 Thread 0x000001e2eb829800 Exception <a 'java/lang/ClassNotFoundException': org/springframework/beans/factory/InitializingBeanCustomizer> (0x000000076fca76e0) thrown at [C:\wsjdk\Corretto8Src\installers\windows\zip\corretto-build\buildRoot\src\hotspot\src\share\vm\classfile\systemD
Event: 8.956 Thread 0x000001e2eb829800 Exception <a 'java/lang/ClassNotFoundException': org/springframework/beans/factory/DisposableBeanCustomizer> (0x000000076fcd6110) thrown at [C:\wsjdk\Corretto8Src\installers\windows\zip\corretto-build\buildRoot\src\hotspot\src\share\vm\classfile\systemDic
Event: 8.959 Thread 0x000001e2eb829800 Exception <a 'java/lang/ClassNotFoundException': java/lang/ObjectCustomizer> (0x000000076fd40d70) thrown at [C:\wsjdk\Corretto8Src\installers\windows\zip\corretto-build\buildRoot\src\hotspot\src\share\vm\classfile\systemDictionary.cpp, line 217]
Event: 8.960 Thread 0x000001e2eb829800 Exception <a 'java/lang/ClassNotFoundException': org/springframework/web/multipart/support/StandardServletMultipartResolverCustomizer> (0x000000076fd82858) thrown at [C:\wsjdk\Corretto8Src\installers\windows\zip\corretto-build\buildRoot\src\hotspot\src\sh
Event: 8.961 Thread 0x000001e2eb829800 Exception <a 'java/lang/ClassNotFoundException': org/springframework/web/multipart/MultipartResolverCustomizer> (0x000000076fdba190) thrown at [C:\wsjdk\Corretto8Src\installers\windows\zip\corretto-build\buildRoot\src\hotspot\src\share\vm\classfile\system
Event: 8.995 Thread 0x000001e2eb829800 Exception <a 'java/lang/IncompatibleClassChangeError': Found class java.lang.Object, but interface was expected> (0x00000007700b4000) thrown at [C:\wsjdk\Corretto8Src\installers\windows\zip\corretto-build\buildRoot\src\hotspot\src\share\vm\interpreter\lin

Events (10 events):
Event: 9.394 Executing VM operation: RevokeBias
Event: 9.394 Executing VM operation: RevokeBias done
Event: 9.405 Executing VM operation: RevokeBias
Event: 9.405 Executing VM operation: RevokeBias done
Event: 9.417 Executing VM operation: RevokeBias
Event: 9.417 Executing VM operation: RevokeBias done
Event: 9.417 loading class com/rabbitmq/client/AMQP$Queue$Bind$Builder
Event: 9.417 loading class com/rabbitmq/client/AMQP$Queue$Bind$Builder done
Event: 9.418 Executing VM operation: BulkRevokeBias
Event: 9.418 Executing VM operation: BulkRevokeBias done


Dynamic libraries:
0x00007ff748540000 - 0x00007ff74857a000 	C:\Users\其然乐衣Letitbe\.jdks\corretto-1.8.0_312\bin\java.exe
0x00007ffc769d0000 - 0x00007ffc76bc8000 	C:\WINDOWS\SYSTEM32\ntdll.dll
0x00007ffc75f30000 - 0x00007ffc75fef000 	C:\WINDOWS\System32\KERNEL32.DLL
0x00007ffc740c0000 - 0x00007ffc74392000 	C:\WINDOWS\System32\KERNELBASE.dll
0x00007ffc76870000 - 0x00007ffc7691e000 	C:\WINDOWS\System32\ADVAPI32.dll
0x00007ffc75170000 - 0x00007ffc7520e000 	C:\WINDOWS\System32\msvcrt.dll
0x00007ffc76080000 - 0x00007ffc7611c000 	C:\WINDOWS\System32\sechost.dll
0x00007ffc75e00000 - 0x00007ffc75f25000 	C:\WINDOWS\System32\RPCRT4.dll
0x00007ffc757a0000 - 0x00007ffc75941000 	C:\WINDOWS\System32\USER32.dll
0x00007ffc74430000 - 0x00007ffc74452000 	C:\WINDOWS\System32\win32u.dll
0x00007ffc75630000 - 0x00007ffc7565b000 	C:\WINDOWS\System32\GDI32.dll
0x00007ffc74770000 - 0x00007ffc7487f000 	C:\WINDOWS\System32\gdi32full.dll
0x00007ffc748d0000 - 0x00007ffc7496d000 	C:\WINDOWS\System32\msvcp_win.dll
0x00007ffc74510000 - 0x00007ffc74610000 	C:\WINDOWS\System32\ucrtbase.dll
0x00007ffc618b0000 - 0x00007ffc61b4a000 	C:\WINDOWS\WinSxS\amd64_microsoft.windows.common-controls_6595b64144ccf1df_6.0.19041.1110_none_60b5254171f9507e\COMCTL32.dll
0x00007ffc75130000 - 0x00007ffc75162000 	C:\WINDOWS\System32\IMM32.DLL
0x00007ffc5c440000 - 0x00007ffc5c52f000 	C:\Users\其然乐衣Letitbe\.jdks\corretto-1.8.0_312\jre\bin\msvcr120.dll
0x00007ffc5b940000 - 0x00007ffc5b9e6000 	C:\Users\其然乐衣Letitbe\.jdks\corretto-1.8.0_312\jre\bin\msvcp120.dll
0x0000000070370000 - 0x0000000070be0000 	C:\Users\其然乐衣Letitbe\.jdks\corretto-1.8.0_312\jre\bin\server\jvm.dll
0x00007ffc76920000 - 0x00007ffc76928000 	C:\WINDOWS\System32\PSAPI.DLL
0x00007ffc713c0000 - 0x00007ffc713e7000 	C:\WINDOWS\SYSTEM32\WINMM.dll
0x00007ffc4aec0000 - 0x00007ffc4aec9000 	C:\WINDOWS\SYSTEM32\WSOCK32.dll
0x00007ffc6bf30000 - 0x00007ffc6bf3a000 	C:\WINDOWS\SYSTEM32\VERSION.dll
0x00007ffc752d0000 - 0x00007ffc7533b000 	C:\WINDOWS\System32\WS2_32.dll
0x00007ffc6dd20000 - 0x00007ffc6dd2f000 	C:\Users\其然乐衣Letitbe\.jdks\corretto-1.8.0_312\jre\bin\verify.dll
0x00007ffc5b910000 - 0x00007ffc5b939000 	C:\Users\其然乐衣Letitbe\.jdks\corretto-1.8.0_312\jre\bin\java.dll
0x00007ffc5b880000 - 0x00007ffc5b8aa000 	C:\Users\其然乐衣Letitbe\.jdks\corretto-1.8.0_312\jre\bin\instrument.dll
0x00007ffc5b8f0000 - 0x00007ffc5b906000 	C:\Users\其然乐衣Letitbe\.jdks\corretto-1.8.0_312\jre\bin\zip.dll
0x00007ffc76120000 - 0x00007ffc76864000 	C:\WINDOWS\System32\SHELL32.dll
0x00007ffc71dc0000 - 0x00007ffc72552000 	C:\WINDOWS\SYSTEM32\windows.storage.dll
0x00007ffc759d0000 - 0x00007ffc75d25000 	C:\WINDOWS\System32\combase.dll
0x00007ffc73b20000 - 0x00007ffc73b50000 	C:\WINDOWS\SYSTEM32\Wldp.dll
0x00007ffc753a0000 - 0x00007ffc7544d000 	C:\WINDOWS\System32\SHCORE.dll
0x00007ffc75210000 - 0x00007ffc75265000 	C:\WINDOWS\System32\shlwapi.dll
0x00007ffc74000000 - 0x00007ffc7401f000 	C:\WINDOWS\SYSTEM32\profapi.dll
0x00007ffc5b860000 - 0x00007ffc5b87a000 	D:\Program Files\JetBrains\IntelliJ IDEA 2021.3.3\bin\breakgen64.dll
0x00007ffc5b8d0000 - 0x00007ffc5b8ea000 	C:\Users\其然乐衣Letitbe\.jdks\corretto-1.8.0_312\jre\bin\net.dll
0x00007ffc73880000 - 0x00007ffc738ea000 	C:\WINDOWS\system32\mswsock.dll
0x00007ffc5b8b0000 - 0x00007ffc5b8c2000 	C:\Users\其然乐衣Letitbe\.jdks\corretto-1.8.0_312\jre\bin\nio.dll
0x00007ffc5cba0000 - 0x00007ffc5cbad000 	C:\Users\其然乐衣Letitbe\.jdks\corretto-1.8.0_312\jre\bin\management.dll
0x00007ffc3a040000 - 0x00007ffc3a057000 	C:\WINDOWS\system32\napinsp.dll
0x00007ffc3a020000 - 0x00007ffc3a03b000 	C:\WINDOWS\system32\pnrpnsp.dll
0x00007ffc6d570000 - 0x00007ffc6d585000 	C:\WINDOWS\system32\wshbth.dll
0x00007ffc6d6e0000 - 0x00007ffc6d6fd000 	C:\WINDOWS\system32\NLAapi.dll
0x00007ffc73520000 - 0x00007ffc7355b000 	C:\WINDOWS\SYSTEM32\IPHLPAPI.DLL
0x00007ffc73560000 - 0x00007ffc7362a000 	C:\WINDOWS\SYSTEM32\DNSAPI.dll
0x00007ffc75660000 - 0x00007ffc75668000 	C:\WINDOWS\System32\NSI.dll
0x00007ffc3a000000 - 0x00007ffc3a012000 	C:\WINDOWS\System32\winrnr.dll
0x0000000070ff0000 - 0x0000000071016000 	C:\Program Files\Bonjour\mdnsNSP.dll
0x00007ffc66510000 - 0x00007ffc6651a000 	C:\Windows\System32\rasadhlp.dll
0x00007ffc66430000 - 0x00007ffc664b0000 	C:\WINDOWS\System32\fwpuclnt.dll
0x00007ffc74970000 - 0x00007ffc74997000 	C:\WINDOWS\System32\bcrypt.dll
0x00007ffc5b830000 - 0x00007ffc5b853000 	C:\Users\其然乐衣Letitbe\.jdks\corretto-1.8.0_312\jre\bin\sunec.dll
0x00007ffc73a80000 - 0x00007ffc73a98000 	C:\WINDOWS\SYSTEM32\CRYPTSP.dll
0x00007ffc73130000 - 0x00007ffc73164000 	C:\WINDOWS\system32\rsaenh.dll
0x00007ffc73fc0000 - 0x00007ffc73fee000 	C:\WINDOWS\SYSTEM32\USERENV.dll
0x00007ffc743a0000 - 0x00007ffc74422000 	C:\WINDOWS\System32\bcryptprimitives.dll
0x00007ffc73a70000 - 0x00007ffc73a7c000 	C:\WINDOWS\SYSTEM32\CRYPTBASE.dll
0x00007ffc69ef0000 - 0x00007ffc69f07000 	C:\WINDOWS\SYSTEM32\dhcpcsvc6.DLL
0x00007ffc69ed0000 - 0x00007ffc69eed000 	C:\WINDOWS\SYSTEM32\dhcpcsvc.DLL
0x00007ffc5c900000 - 0x00007ffc5c90c000 	C:\Users\其然乐衣Letitbe\.jdks\corretto-1.8.0_312\jre\bin\sunmscapi.dll
0x00007ffc74610000 - 0x00007ffc74766000 	C:\WINDOWS\System32\CRYPT32.dll
0x00007ffc73b90000 - 0x00007ffc73bb7000 	C:\WINDOWS\SYSTEM32\ncrypt.dll
0x00007ffc73b50000 - 0x00007ffc73b8b000 	C:\WINDOWS\SYSTEM32\NTASN1.dll

VM Arguments:
jvm_args: -Dvisualvm.id=14386628869300 -ea -Didea.test.cyclic.buffer.size=1048576 -javaagent:D:\Program Files\JetBrains\IntelliJ IDEA 2021.3.3\lib\idea_rt.jar=63603:D:\Program Files\JetBrains\IntelliJ IDEA 2021.3.3\bin -Dfile.encoding=UTF-8 
java_command: com.intellij.rt.junit.JUnitStarter -ideVersion5 -junit5 com.weblog.esTest,testBulkRequest2
java_class_path (initial): C:\Users\其然乐衣Letitbe\.m2\repository\org\junit\platform\junit-platform-launcher\1.8.2\junit-platform-launcher-1.8.2.jar;D:\Program Files\JetBrains\IntelliJ IDEA 2021.3.3\lib\idea_rt.jar;D:\Program Files\JetBrains\IntelliJ IDEA 2021.3.3\plugins\junit\lib\junit5-rt.jar;D:\Program Files\JetBrains\IntelliJ IDEA 2021.3.3\plugins\junit\lib\junit-rt.jar;C:\Users\其然乐衣Letitbe\.jdks\corretto-1.8.0_312\jre\lib\charsets.jar;C:\Users\其然乐衣Letitbe\.jdks\corretto-1.8.0_312\jre\lib\ext\access-bridge-64.jar;C:\Users\其然乐衣Letitbe\.jdks\corretto-1.8.0_312\jre\lib\ext\cldrdata.jar;C:\Users\其然乐衣Letitbe\.jdks\corretto-1.8.0_312\jre\lib\ext\dnsns.jar;C:\Users\其然乐衣Letitbe\.jdks\corretto-1.8.0_312\jre\lib\ext\jaccess.jar;C:\Users\其然乐衣Letitbe\.jdks\corretto-1.8.0_312\jre\lib\ext\jfxrt.jar;C:\Users\其然乐衣Letitbe\.jdks\corretto-1.8.0_312\jre\lib\ext\localedata.jar;C:\Users\其然乐衣Letitbe\.jdks\corretto-1.8.0_312\jre\lib\ext\nashorn.jar;C:\Users\其然乐衣Letitbe\.jdks\corretto-1.8.0_312\jre\lib\ext\sunec.jar;C:\Users\其然乐衣Letitbe\.jdks\corretto-1.8.0_312\jre\lib\ext\sunjce_provider.jar;C:\Users\其然乐衣Letitbe\.jdks\corretto-1.8.0_312\jre\lib\ext\sunmscapi.jar;C:\Users\其然乐衣Letitbe\.jdks\corretto-1.8.0_312\jre\lib\ext\sunpkcs11.jar;C:\Users\其然乐衣Letitbe\.jdks\corretto-1.8.0_312\jre\lib\ext\zipfs.jar;C:\Users\其然乐衣Letitbe\.jdks\corretto-1.8.0_312\jre\lib\jce.jar;C:\Users\其然乐衣Letitbe\.jdks\corretto-1.8.0_312\jre\lib\jfr.jar;C:\Users\其然乐衣Letitbe\.jdks\corretto-1.8.0_312\jre\lib\jfxswt.jar;C:\Users\其然乐衣Letitbe\.jdks\corretto-1.8.0_312\jre\lib\jsse.jar;C:\Users\其然乐衣Letitbe\.jdks\corretto-1.8.0_312\jre\lib\management-agent.jar;C:\Users\其然乐衣Letitbe\.jdks\corretto-1.8.0_312\jre\lib\resources.jar;C:\Users\其然乐衣Letitbe\.jdks\corretto-1.8.0_312\jre\lib\rt.jar;D:\Java\idea\weblog\target\test-classes;D:\Java\idea\weblog\target\classes;C:\Users\其然乐衣Letitbe\.m2\repository\org\projectlombok\lombok\1.18.24\lombok-1.18
Launcher Type: SUN_STANDARD

Environment Variables:
JAVA_HOME=D:\Java
PATH=D:\Program Files (x86)\VMware\VMware Workstation\bin\;D:\Program Files\MySQL\MySQL Server 5.5\bin;C:\Program Files (x86)\Common Files\Oracle\Java\javapath;C:\Windows\system32;C:\Windows;C:\Windows\System32\Wbem;C:\Windows\System32\WindowsPowerShell\v1.0\;C:\Windows\System32\OpenSSH\;C:\Program Files (x86)\NVIDIA Corporation\PhysX\Common;C:\Program Files\NVIDIA Corporation\NVIDIA NvDLISR\;C:\Program Files (x86)\Yozosoft\Yozo_Office\Lib\xuggler\bin;D:\Java\bin;C:\WINDOWS\system32;C:\WINDOWS;C:\WINDOWS\System32\Wbem;C:\WINDOWS\System32\WindowsPowerShell\v1.0\;C:\WINDOWS\System32\OpenSSH\;D:\Users\其然乐衣Letitbe\Maven\apache-maven-3.6.0-bin\apache-maven-3.6.0\bin;C:\Program Files\PuTTY\;D:\texlive\texlive\2021\bin\win32;D:\Java\数据库MySQL\mysql-8.0.28-winx64\bin;C:\Program Files\MySQL\MySQL Server 8.0\bin;D:\Program Files\erl-24.2.1\bin;D:\Program Files (x86)\NetSarang\Xftp 7\;D:\Git\cmd;D:\Program Files (x86)\NetSarang\Xshell 7\;D:\nvm;D:\nodejs;"D:\nodejs;D:\nodejs\node_global;";C:\Program Files\MySQL\MySQL Shell 8.0\bin\;C:\Users\其然乐衣Letitbe\AppData\Local\Microsoft\WindowsApps;D:\Program Files\JetBrains\IntelliJ IDEA 2021.3.1\bin;;D:\altera\13.1\modelsim_ae\win32aloem;D:\altera\13.1\modelsim_ase\win32aloem;C:\Users\其然乐衣Letitbe\AppData\Local\GitHubDesktop\bin;D:\nodejs\node_global;D:\nvm;D:\nodejs;D:\APP\Vscode\Microsoft VS Code\bin;D:\nodejs\node_cache;
USERNAME=其然乐衣Letitbe
OS=Windows_NT
PROCESSOR_IDENTIFIER=Intel64 Family 6 Model 142 Stepping 12, GenuineIntel



---------------  S Y S T E M  ---------------

OS: Windows 10.0 , 64 bit Build 19041 (10.0.19041.2364)

CPU:total 8 (initial active 8) (4 cores per cpu, 2 threads per core) family 6 model 142 stepping 12, cmov, cx8, fxsr, mmx, sse, sse2, sse3, ssse3, sse4.1, sse4.2, popcnt, avx, avx2, aes, clmul, erms, 3dnowpref, lzcnt, ht, tsc, tscinvbit, bmi1, bmi2, adx

Memory: 4k page, physical 16601588k(3556320k free), swap 16601588k(5324k free)

vm_info: OpenJDK 64-Bit Server VM (25.312-b07) for windows-amd64 JRE (1.8.0_312-b07), built on Oct 14 2021 21:08:49 by "Administrator" with MS VC++ 12.0 (VS2013)

time: Thu Dec 22 13:12:30 2022
timezone: ?D1ú±ê×?ê±??
elapsed time: 9.429014 seconds (0d 0h 0m 9s)

