#
# There is insufficient memory for the Java Runtime Environment to continue.
# Native memory allocation (malloc) failed to allocate 32744 bytes for ChunkPool::allocate
# Possible reasons:
#   The system is out of physical RAM or swap space
#   The process is running with CompressedOops enabled, and the Java Heap may be blocking the growth of the native heap
# Possible solutions:
#   Reduce memory load on the system
#   Increase physical memory or swap space
#   Check if swap backing store is full
#   Decrease Java heap size (-Xmx/-Xms)
#   Decrease number of Java threads
#   Decrease Java thread stack sizes (-Xss)
#   Set larger code cache with -XX:ReservedCodeCacheSize=
#   JVM is running with Zero Based Compressed Oops mode in which the Java heap is
#     placed in the first 32GB address space. The Java Heap base address is the
#     maximum limit for the native heap growth. Please use -XX:HeapBaseMinAddress
#     to set the Java Heap base and to place the Java Heap above 32GB virtual address.
# This output file may be truncated or incomplete.
#
#  Out of Memory Error (allocation.cpp:272), pid=23712, tid=0x0000000000001260
#
# JRE version: OpenJDK Runtime Environment (8.0_312-b07) (build 1.8.0_312-b07)
# Java VM: OpenJDK 64-Bit Server VM (25.312-b07 mixed mode windows-amd64 compressed oops)
# Failed to write core dump. Minidumps are not enabled by default on client versions of Windows
#

---------------  T H R E A D  ---------------

Current thread (0x000002027907a000):  JavaThread "main" [_thread_in_vm, id=4704, stack(0x000000e0d1600000,0x000000e0d1700000)]

Stack: [0x000000e0d1600000,0x000000e0d1700000]
[error occurred during error reporting (printing stack bounds), id 0xc0000005]

Native frames: (J=compiled Java code, j=interpreted, Vv=VM code, C=native code)

Java frames: (J=compiled Java code, j=interpreted, Vv=VM code)
J 1022  java.lang.ClassLoader.defineClass1(Ljava/lang/String;[BIILjava/security/ProtectionDomain;Ljava/lang/String;)Ljava/lang/Class; (0 bytes) @ 0x00000202003b331f [0x00000202003b3280+0x9f]
J 4916 C2 java.lang.ClassLoader.defineClass(Ljava/lang/String;[BIILjava/security/ProtectionDomain;)Ljava/lang/Class; (43 bytes) @ 0x000002020100fef4 [0x000002020100f9e0+0x514]
J 2763 C1 java.security.SecureClassLoader.defineClass(Ljava/lang/String;[BIILjava/security/CodeSource;)Ljava/lang/Class; (16 bytes) @ 0x0000020200954214 [0x00000202009540c0+0x154]
J 2155 C2 java.net.URLClassLoader$1.run()Ljava/lang/Object; (5 bytes) @ 0x00000202008fe39c [0x00000202008fcd20+0x167c]
v  ~StubRoutines::call_stub
J 171  java.security.AccessController.doPrivileged(Ljava/security/PrivilegedExceptionAction;Ljava/security/AccessControlContext;)Ljava/lang/Object; (0 bytes) @ 0x00000202001765a6 [0x0000020200176540+0x66]
J 1858 C2 java.lang.ClassLoader.loadClass(Ljava/lang/String;Z)Ljava/lang/Class; (122 bytes) @ 0x0000020200697f68 [0x0000020200697360+0xc08]
J 3420 C2 java.lang.ClassLoader.loadClass(Ljava/lang/String;)Ljava/lang/Class; (7 bytes) @ 0x0000020200c0a4a0 [0x0000020200c0a300+0x1a0]
v  ~StubRoutines::call_stub
j  org.springframework.test.context.transaction.TransactionalTestExecutionListener.beforeTestMethod(Lorg/springframework/test/context/TestContext;)V+20
j  org.springframework.test.context.TestContextManager.beforeTestMethod(Ljava/lang/Object;Ljava/lang/reflect/Method;)V+49
j  org.springframework.test.context.junit.jupiter.SpringExtension.beforeEach(Lorg/junit/jupiter/api/extension/ExtensionContext;)V+20
j  org.junit.jupiter.engine.descriptor.TestMethodTestDescriptor.lambda$invokeBeforeEachCallbacks$2(Lorg/junit/jupiter/api/extension/BeforeEachCallback;Lorg/junit/jupiter/api/extension/ExtensionContext;)V+2
j  org.junit.jupiter.engine.descriptor.TestMethodTestDescriptor$$Lambda$1484.invoke(Lorg/junit/jupiter/api/extension/Extension;Lorg/junit/jupiter/api/extension/ExtensionContext;)V+5
j  org.junit.jupiter.engine.descriptor.TestMethodTestDescriptor.lambda$invokeBeforeMethodsOrCallbacksUntilExceptionOccurs$6(Lorg/junit/jupiter/engine/descriptor/TestMethodTestDescriptor$CallbackInvoker;Lorg/junit/jupiter/api/extension/Extension;Lorg/junit/jupiter/api/extension/ExtensionContext;)V+3
j  org.junit.jupiter.engine.descriptor.TestMethodTestDescriptor$$Lambda$1485.execute()V+12
j  org.junit.platform.engine.support.hierarchical.ThrowableCollector.execute(Lorg/junit/platform/engine/support/hierarchical/ThrowableCollector$Executable;)V+1
j  org.junit.jupiter.engine.descriptor.TestMethodTestDescriptor.invokeBeforeMethodsOrCallbacksUntilExceptionOccurs(Ljava/lang/Class;Lorg/junit/jupiter/engine/execution/JupiterEngineExecutionContext;Lorg/junit/jupiter/engine/descriptor/TestMethodTestDescriptor$CallbackInvoker;)V+67
j  org.junit.jupiter.engine.descriptor.TestMethodTestDescriptor.invokeBeforeEachCallbacks(Lorg/junit/jupiter/engine/execution/JupiterEngineExecutionContext;)V+9
j  org.junit.jupiter.engine.descriptor.TestMethodTestDescriptor.execute(Lorg/junit/jupiter/engine/execution/JupiterEngineExecutionContext;Lorg/junit/platform/engine/support/hierarchical/Node$DynamicTestExecutor;)Lorg/junit/jupiter/engine/execution/JupiterEngineExecutionContext;+7
j  org.junit.jupiter.engine.descriptor.TestMethodTestDescriptor.execute(Lorg/junit/platform/engine/support/hierarchical/EngineExecutionContext;Lorg/junit/platform/engine/support/hierarchical/Node$DynamicTestExecutor;)Lorg/junit/platform/engine/support/hierarchical/EngineExecutionContext;+6
j  org.junit.platform.engine.support.hierarchical.NodeTestTask.lambda$executeRecursively$6()V+79
j  org.junit.platform.engine.support.hierarchical.NodeTestTask$$Lambda$224.execute()V+4
j  org.junit.platform.engine.support.hierarchical.ThrowableCollector.execute(Lorg/junit/platform/engine/support/hierarchical/ThrowableCollector$Executable;)V+1
j  org.junit.platform.engine.support.hierarchical.NodeTestTask.lambda$executeRecursively$8(Lorg/junit/platform/engine/support/hierarchical/EngineExecutionContext;)V+15
j  org.junit.platform.engine.support.hierarchical.NodeTestTask$$Lambda$223.invoke(Lorg/junit/platform/engine/support/hierarchical/EngineExecutionContext;)V+5
j  org.junit.platform.engine.support.hierarchical.Node.around(Lorg/junit/platform/engine/support/hierarchical/EngineExecutionContext;Lorg/junit/platform/engine/support/hierarchical/Node$Invocation;)V+2
j  org.junit.platform.engine.support.hierarchical.NodeTestTask.lambda$executeRecursively$9()V+14
j  org.junit.platform.engine.support.hierarchical.NodeTestTask$$Lambda$222.execute()V+4
j  org.junit.platform.engine.support.hierarchical.ThrowableCollector.execute(Lorg/junit/platform/engine/support/hierarchical/ThrowableCollector$Executable;)V+1
j  org.junit.platform.engine.support.hierarchical.NodeTestTask.executeRecursively()V+31
j  org.junit.platform.engine.support.hierarchical.NodeTestTask.execute()V+55
j  org.junit.platform.engine.support.hierarchical.SameThreadHierarchicalTestExecutorService$$Lambda$228.accept(Ljava/lang/Object;)V+4
j  java.util.ArrayList.forEach(Ljava/util/function/Consumer;)V+47
j  org.junit.platform.engine.support.hierarchical.SameThreadHierarchicalTestExecutorService.invokeAll(Ljava/util/List;)V+6
j  org.junit.platform.engine.support.hierarchical.NodeTestTask.lambda$executeRecursively$6()V+116
j  org.junit.platform.engine.support.hierarchical.NodeTestTask$$Lambda$224.execute()V+4
j  org.junit.platform.engine.support.hierarchical.ThrowableCollector.execute(Lorg/junit/platform/engine/support/hierarchical/ThrowableCollector$Executable;)V+1
j  org.junit.platform.engine.support.hierarchical.NodeTestTask.lambda$executeRecursively$8(Lorg/junit/platform/engine/support/hierarchical/EngineExecutionContext;)V+15
j  org.junit.platform.engine.support.hierarchical.NodeTestTask$$Lambda$223.invoke(Lorg/junit/platform/engine/support/hierarchical/EngineExecutionContext;)V+5
j  org.junit.platform.engine.support.hierarchical.Node.around(Lorg/junit/platform/engine/support/hierarchical/EngineExecutionContext;Lorg/junit/platform/engine/support/hierarchical/Node$Invocation;)V+2
j  org.junit.platform.engine.support.hierarchical.NodeTestTask.lambda$executeRecursively$9()V+14
j  org.junit.platform.engine.support.hierarchical.NodeTestTask$$Lambda$222.execute()V+4
j  org.junit.platform.engine.support.hierarchical.ThrowableCollector.execute(Lorg/junit/platform/engine/support/hierarchical/ThrowableCollector$Executable;)V+1
j  org.junit.platform.engine.support.hierarchical.NodeTestTask.executeRecursively()V+31
j  org.junit.platform.engine.support.hierarchical.NodeTestTask.execute()V+55
j  org.junit.platform.engine.support.hierarchical.SameThreadHierarchicalTestExecutorService$$Lambda$228.accept(Ljava/lang/Object;)V+4
j  java.util.ArrayList.forEach(Ljava/util/function/Consumer;)V+47
j  org.junit.platform.engine.support.hierarchical.SameThreadHierarchicalTestExecutorService.invokeAll(Ljava/util/List;)V+6
j  org.junit.platform.engine.support.hierarchical.NodeTestTask.lambda$executeRecursively$6()V+116
j  org.junit.platform.engine.support.hierarchical.NodeTestTask$$Lambda$224.execute()V+4
j  org.junit.platform.engine.support.hierarchical.ThrowableCollector.execute(Lorg/junit/platform/engine/support/hierarchical/ThrowableCollector$Executable;)V+1
j  org.junit.platform.engine.support.hierarchical.NodeTestTask.lambda$executeRecursively$8(Lorg/junit/platform/engine/support/hierarchical/EngineExecutionContext;)V+15
j  org.junit.platform.engine.support.hierarchical.NodeTestTask$$Lambda$223.invoke(Lorg/junit/platform/engine/support/hierarchical/EngineExecutionContext;)V+5
j  org.junit.platform.engine.support.hierarchical.Node.around(Lorg/junit/platform/engine/support/hierarchical/EngineExecutionContext;Lorg/junit/platform/engine/support/hierarchical/Node$Invocation;)V+2
j  org.junit.platform.engine.support.hierarchical.NodeTestTask.lambda$executeRecursively$9()V+14
j  org.junit.platform.engine.support.hierarchical.NodeTestTask$$Lambda$222.execute()V+4
j  org.junit.platform.engine.support.hierarchical.ThrowableCollector.execute(Lorg/junit/platform/engine/support/hierarchical/ThrowableCollector$Executable;)V+1
j  org.junit.platform.engine.support.hierarchical.NodeTestTask.executeRecursively()V+31
j  org.junit.platform.engine.support.hierarchical.NodeTestTask.execute()V+55
j  org.junit.platform.engine.support.hierarchical.SameThreadHierarchicalTestExecutorService.submit(Lorg/junit/platform/engine/support/hierarchical/HierarchicalTestExecutorService$TestTask;)Ljava/util/concurrent/Future;+1
j  org.junit.platform.engine.support.hierarchical.HierarchicalTestExecutor.execute()Ljava/util/concurrent/Future;+74
j  org.junit.platform.engine.support.hierarchical.HierarchicalTestEngine.execute(Lorg/junit/platform/engine/ExecutionRequest;)V+31
j  org.junit.platform.launcher.core.EngineExecutionOrchestrator.execute(Lorg/junit/platform/engine/TestDescriptor;Lorg/junit/platform/engine/EngineExecutionListener;Lorg/junit/platform/engine/ConfigurationParameters;Lorg/junit/platform/engine/TestEngine;)V+24
j  org.junit.platform.launcher.core.EngineExecutionOrchestrator.execute(Lorg/junit/platform/launcher/core/LauncherDiscoveryResult;Lorg/junit/platform/engine/EngineExecutionListener;)V+86
j  org.junit.platform.launcher.core.EngineExecutionOrchestrator.lambda$execute$0(Lorg/junit/platform/launcher/core/InternalTestPlan;Lorg/junit/platform/launcher/core/LauncherDiscoveryResult;Lorg/junit/platform/launcher/TestExecutionListener;)V+18
j  org.junit.platform.launcher.core.EngineExecutionOrchestrator$$Lambda$166.accept(Ljava/lang/Object;)V+16
j  org.junit.platform.launcher.core.EngineExecutionOrchestrator.withInterceptedStreams(Lorg/junit/platform/engine/ConfigurationParameters;Lorg/junit/platform/launcher/core/ListenerRegistry;Ljava/util/function/Consumer;)V+51
j  org.junit.platform.launcher.core.EngineExecutionOrchestrator.execute(Lorg/junit/platform/launcher/core/InternalTestPlan;[Lorg/junit/platform/launcher/TestExecutionListener;)V+35
j  org.junit.platform.launcher.core.DefaultLauncher.execute(Lorg/junit/platform/launcher/core/InternalTestPlan;[Lorg/junit/platform/launcher/TestExecutionListener;)V+6
j  org.junit.platform.launcher.core.DefaultLauncher.execute(Lorg/junit/platform/launcher/LauncherDiscoveryRequest;[Lorg/junit/platform/launcher/TestExecutionListener;)V+34
j  org.junit.platform.launcher.core.DefaultLauncherSession$DelegatingLauncher.execute(Lorg/junit/platform/launcher/LauncherDiscoveryRequest;[Lorg/junit/platform/launcher/TestExecutionListener;)V+6
j  org.junit.platform.launcher.core.SessionPerRequestLauncher.execute(Lorg/junit/platform/launcher/LauncherDiscoveryRequest;[Lorg/junit/platform/launcher/TestExecutionListener;)V+13
j  com.intellij.junit5.JUnit5IdeaTestRunner.startRunnerWithArgs([Ljava/lang/String;Ljava/lang/String;IZ)I+202
j  com.intellij.rt.junit.IdeaTestRunner$Repeater$1.execute(Z)I+17
j  com.intellij.rt.execution.junit.TestsRepeater.repeat(IZLcom/intellij/rt/execution/junit/TestsRepeater$TestRun;)I+7
j  com.intellij.rt.junit.IdeaTestRunner$Repeater.startRunnerWithArgs(Lcom/intellij/rt/junit/IdeaTestRunner;[Ljava/lang/String;Ljava/util/ArrayList;Ljava/lang/String;IZ)I+25
j  com.intellij.rt.junit.JUnitStarter.prepareStreamsAndStart([Ljava/lang/String;Ljava/lang/String;Ljava/util/ArrayList;Ljava/lang/String;)I+116
j  com.intellij.rt.junit.JUnitStarter.main([Ljava/lang/String;)V+97
v  ~StubRoutines::call_stub

---------------  P R O C E S S  ---------------

Java Threads: ( => current thread )
  0x000002021c16f800 JavaThread "org.springframework.amqp.rabbit.RabbitListenerEndpointContainer#166-1" [_thread_blocked, id=20656, stack(0x000000e0e1000000,0x000000e0e1100000)]
  0x000002021c176800 JavaThread "org.springframework.amqp.rabbit.RabbitListenerEndpointContainer#167-1" [_thread_blocked, id=7080, stack(0x000000e0e0f00000,0x000000e0e1000000)]
  0x000002021c175800 JavaThread "org.springframework.amqp.rabbit.RabbitListenerEndpointContainer#168-1" [_thread_blocked, id=4276, stack(0x000000e0e0e00000,0x000000e0e0f00000)]
  0x000002021c16e000 JavaThread "org.springframework.amqp.rabbit.RabbitListenerEndpointContainer#169-1" [_thread_blocked, id=17580, stack(0x000000e0e0d00000,0x000000e0e0e00000)]
  0x000002021c170000 JavaThread "org.springframework.amqp.rabbit.RabbitListenerEndpointContainer#162-1" [_thread_blocked, id=21216, stack(0x000000e0e0c00000,0x000000e0e0d00000)]
  0x000002021c173800 JavaThread "org.springframework.amqp.rabbit.RabbitListenerEndpointContainer#163-1" [_thread_blocked, id=15144, stack(0x000000e0e0b00000,0x000000e0e0c00000)]
  0x000002021c171000 JavaThread "org.springframework.amqp.rabbit.RabbitListenerEndpointContainer#164-1" [_thread_blocked, id=25084, stack(0x000000e0e0a00000,0x000000e0e0b00000)]
  0x000002021c16e800 JavaThread "org.springframework.amqp.rabbit.RabbitListenerEndpointContainer#165-1" [_thread_blocked, id=23844, stack(0x000000e0e0900000,0x000000e0e0a00000)]
  0x000002021c174000 JavaThread "org.springframework.amqp.rabbit.RabbitListenerEndpointContainer#80-1" [_thread_blocked, id=20828, stack(0x000000e0e0800000,0x000000e0e0900000)]
  0x000002021c175000 JavaThread "org.springframework.amqp.rabbit.RabbitListenerEndpointContainer#82-1" [_thread_blocked, id=16436, stack(0x000000e0e0700000,0x000000e0e0800000)]
  0x000002021d8dd000 JavaThread "org.springframework.amqp.rabbit.RabbitListenerEndpointContainer#81-1" [_thread_blocked, id=4340, stack(0x000000e0e0600000,0x000000e0e0700000)]
  0x000002021d8dc000 JavaThread "org.springframework.amqp.rabbit.RabbitListenerEndpointContainer#84-1" [_thread_blocked, id=9256, stack(0x000000e0e0500000,0x000000e0e0600000)]
  0x000002021d8db800 JavaThread "org.springframework.amqp.rabbit.RabbitListenerEndpointContainer#83-1" [_thread_blocked, id=6108, stack(0x000000e0e0400000,0x000000e0e0500000)]
  0x000002021d8d3800 JavaThread "org.springframework.amqp.rabbit.RabbitListenerEndpointContainer#160-1" [_thread_blocked, id=13392, stack(0x000000e0e0300000,0x000000e0e0400000)]
  0x000002021d8d6800 JavaThread "org.springframework.amqp.rabbit.RabbitListenerEndpointContainer#86-1" [_thread_blocked, id=5792, stack(0x000000e0e0200000,0x000000e0e0300000)]
  0x000002021d8d9000 JavaThread "org.springframework.amqp.rabbit.RabbitListenerEndpointContainer#161-1" [_thread_blocked, id=20004, stack(0x000000e0e0100000,0x000000e0e0200000)]
  0x000002021d8da800 JavaThread "org.springframework.amqp.rabbit.RabbitListenerEndpointContainer#85-1" [_thread_blocked, id=23948, stack(0x000000e0e0000000,0x000000e0e0100000)]
  0x000002021d8d6000 JavaThread "org.springframework.amqp.rabbit.RabbitListenerEndpointContainer#88-1" [_thread_blocked, id=18076, stack(0x000000e0dff00000,0x000000e0e0000000)]
  0x000002021d8d5000 JavaThread "org.springframework.amqp.rabbit.RabbitListenerEndpointContainer#87-1" [_thread_blocked, id=2192, stack(0x000000e0dfe00000,0x000000e0dff00000)]
  0x000002021d8d8000 JavaThread "org.springframework.amqp.rabbit.RabbitListenerEndpointContainer#89-1" [_thread_blocked, id=25128, stack(0x000000e0dfd00000,0x000000e0dfe00000)]
  0x000002021d8d2800 JavaThread "org.springframework.amqp.rabbit.RabbitListenerEndpointContainer#155-1" [_thread_blocked, id=12044, stack(0x000000e0dfc00000,0x000000e0dfd00000)]
  0x000002021d8d4800 JavaThread "org.springframework.amqp.rabbit.RabbitListenerEndpointContainer#156-1" [_thread_blocked, id=20448, stack(0x000000e0dfb00000,0x000000e0dfc00000)]
  0x000002021d8da000 JavaThread "org.springframework.amqp.rabbit.RabbitListenerEndpointContainer#157-1" [_thread_blocked, id=2888, stack(0x000000e0dfa00000,0x000000e0dfb00000)]
  0x000002021d8d7800 JavaThread "org.springframework.amqp.rabbit.RabbitListenerEndpointContainer#158-1" [_thread_blocked, id=13672, stack(0x000000e0df900000,0x000000e0dfa00000)]
  0x000002021d8cb000 JavaThread "org.springframework.amqp.rabbit.RabbitListenerEndpointContainer#151-1" [_thread_blocked, id=25236, stack(0x000000e0df800000,0x000000e0df900000)]
  0x000002021d8d2000 JavaThread "org.springframework.amqp.rabbit.RabbitListenerEndpointContainer#152-1" [_thread_blocked, id=20560, stack(0x000000e0df700000,0x000000e0df800000)]
  0x000002021d8ca000 JavaThread "org.springframework.amqp.rabbit.RabbitListenerEndpointContainer#153-1" [_thread_blocked, id=13276, stack(0x000000e0df600000,0x000000e0df700000)]
  0x000002021d8d1000 JavaThread "org.springframework.amqp.rabbit.RabbitListenerEndpointContainer#154-1" [_thread_blocked, id=22576, stack(0x000000e0df500000,0x000000e0df600000)]
  0x000002021d8cb800 JavaThread "org.springframework.amqp.rabbit.RabbitListenerEndpointContainer#159-1" [_thread_blocked, id=16960, stack(0x000000e0df400000,0x000000e0df500000)]
  0x000002021d8d0800 JavaThread "org.springframework.amqp.rabbit.RabbitListenerEndpointContainer#91-1" [_thread_blocked, id=13880, stack(0x000000e0df300000,0x000000e0df400000)]
  0x000002021d8cf800 JavaThread "org.springframework.amqp.rabbit.RabbitListenerEndpointContainer#90-1" [_thread_blocked, id=132, stack(0x000000e0df200000,0x000000e0df300000)]
  0x000002021d8c7800 JavaThread "org.springframework.amqp.rabbit.RabbitListenerEndpointContainer#93-1" [_thread_blocked, id=18920, stack(0x000000e0df100000,0x000000e0df200000)]
  0x000002021d8c9800 JavaThread "org.springframework.amqp.rabbit.RabbitListenerEndpointContainer#92-1" [_thread_blocked, id=19728, stack(0x000000e0df000000,0x000000e0df100000)]
  0x000002021d8cf000 JavaThread "org.springframework.amqp.rabbit.RabbitListenerEndpointContainer#95-1" [_thread_blocked, id=21112, stack(0x000000e0def00000,0x000000e0df000000)]
  0x000002021d8cd000 JavaThread "org.springframework.amqp.rabbit.RabbitListenerEndpointContainer#94-1" [_thread_blocked, id=14316, stack(0x000000e0dee00000,0x000000e0def00000)]
  0x000002021d8c8800 JavaThread "org.springframework.amqp.rabbit.RabbitListenerEndpointContainer#97-1" [_thread_blocked, id=17916, stack(0x000000e0ded00000,0x000000e0dee00000)]
  0x000002021d8ce000 JavaThread "org.springframework.amqp.rabbit.RabbitListenerEndpointContainer#150-1" [_thread_blocked, id=1084, stack(0x000000e0dec00000,0x000000e0ded00000)]
  0x000002021d8cc800 JavaThread "org.springframework.amqp.rabbit.RabbitListenerEndpointContainer#96-1" [_thread_blocked, id=22012, stack(0x000000e0deb00000,0x000000e0dec00000)]
  0x000002021d8c0000 JavaThread "org.springframework.amqp.rabbit.RabbitListenerEndpointContainer#99-1" [_thread_blocked, id=11380, stack(0x000000e0dea00000,0x000000e0deb00000)]
  0x000002021d8c4800 JavaThread "org.springframework.amqp.rabbit.RabbitListenerEndpointContainer#11-1" [_thread_blocked, id=2184, stack(0x000000e0de900000,0x000000e0dea00000)]
  0x000002021d8c6000 JavaThread "org.springframework.amqp.rabbit.RabbitListenerEndpointContainer#98-1" [_thread_blocked, id=11764, stack(0x000000e0de800000,0x000000e0de900000)]
  0x000002021d8c7000 JavaThread "org.springframework.amqp.rabbit.RabbitListenerEndpointContainer#10-1" [_thread_blocked, id=7448, stack(0x000000e0de700000,0x000000e0de800000)]
  0x000002021d8c1800 JavaThread "org.springframework.amqp.rabbit.RabbitListenerEndpointContainer#13-1" [_thread_blocked, id=4980, stack(0x000000e0de600000,0x000000e0de700000)]
  0x000002021d8c5800 JavaThread "org.springframework.amqp.rabbit.RabbitListenerEndpointContainer#12-1" [_thread_blocked, id=22260, stack(0x000000e0de500000,0x000000e0de600000)]
  0x000002021d8bf000 JavaThread "org.springframework.amqp.rabbit.RabbitListenerEndpointContainer#144-1" [_thread_blocked, id=2628, stack(0x000000e0de400000,0x000000e0de500000)]
  0x000002021d8c4000 JavaThread "org.springframework.amqp.rabbit.RabbitListenerEndpointContainer#59-1" [_thread_blocked, id=13104, stack(0x000000e0de300000,0x000000e0de400000)]
  0x000002021d8c2000 JavaThread "org.springframework.amqp.rabbit.RabbitListenerEndpointContainer#145-1" [_thread_blocked, id=7924, stack(0x000000e0de200000,0x000000e0de300000)]
  0x000002021d8c3000 JavaThread "org.springframework.amqp.rabbit.RabbitListenerEndpointContainer#58-1" [_thread_blocked, id=7688, stack(0x000000e0de100000,0x000000e0de200000)]
  0x000002021d8c0800 JavaThread "org.springframework.amqp.rabbit.RabbitListenerEndpointContainer#146-1" [_thread_blocked, id=6036, stack(0x000000e0de000000,0x000000e0de100000)]
  0x000002021d8be800 JavaThread "org.springframework.amqp.rabbit.RabbitListenerEndpointContainer#147-1" [_thread_blocked, id=9404, stack(0x000000e0ddf00000,0x000000e0de000000)]
  0x00000202172a3800 JavaThread "org.springframework.amqp.rabbit.RabbitListenerEndpointContainer#140-1" [_thread_blocked, id=13796, stack(0x000000e0dde00000,0x000000e0ddf00000)]
  0x00000202172a3000 JavaThread "org.springframework.amqp.rabbit.RabbitListenerEndpointContainer#141-1" [_thread_blocked, id=21360, stack(0x000000e0ddd00000,0x000000e0dde00000)]
  0x000002021729f800 JavaThread "org.springframework.amqp.rabbit.RabbitListenerEndpointContainer#142-1" [_thread_blocked, id=2836, stack(0x000000e0ddc00000,0x000000e0ddd00000)]
  0x00000202172a2000 JavaThread "org.springframework.amqp.rabbit.RabbitListenerEndpointContainer#143-1" [_thread_blocked, id=22492, stack(0x000000e0ddb00000,0x000000e0ddc00000)]
  0x00000202172a0800 JavaThread "org.springframework.amqp.rabbit.RabbitListenerEndpointContainer#148-1" [_thread_blocked, id=9028, stack(0x000000e0dda00000,0x000000e0ddb00000)]
  0x00000202172a1800 JavaThread "org.springframework.amqp.rabbit.RabbitListenerEndpointContainer#149-1" [_thread_blocked, id=19248, stack(0x000000e0dd900000,0x000000e0dda00000)]
  0x0000020217298000 JavaThread "org.springframework.amqp.rabbit.RabbitListenerEndpointContainer#60-1" [_thread_blocked, id=11276, stack(0x000000e0dd800000,0x000000e0dd900000)]
  0x000002021729f000 JavaThread "org.springframework.amqp.rabbit.RabbitListenerEndpointContainer#62-1" [_thread_blocked, id=20940, stack(0x000000e0dd700000,0x000000e0dd800000)]
  0x000002021729e000 JavaThread "org.springframework.amqp.rabbit.RabbitListenerEndpointContainer#61-1" [_thread_blocked, id=19600, stack(0x000000e0dd600000,0x000000e0dd700000)]
  0x0000020217296800 JavaThread "org.springframework.amqp.rabbit.RabbitListenerEndpointContainer#64-1" [_thread_blocked, id=21480, stack(0x000000e0dd500000,0x000000e0dd600000)]
  0x0000020217297000 JavaThread "org.springframework.amqp.rabbit.RabbitListenerEndpointContainer#63-1" [_thread_blocked, id=1748, stack(0x000000e0dd400000,0x000000e0dd500000)]
  0x000002021729d800 JavaThread "org.springframework.amqp.rabbit.RabbitListenerEndpointContainer#66-1" [_thread_blocked, id=1968, stack(0x000000e0dd300000,0x000000e0dd400000)]
  0x0000020217295800 JavaThread "org.springframework.amqp.rabbit.RabbitListenerEndpointContainer#65-1" [_thread_blocked, id=7416, stack(0x000000e0dd200000,0x000000e0dd300000)]
  0x0000020217298800 JavaThread "org.springframework.amqp.rabbit.RabbitListenerEndpointContainer#68-1" [_thread_blocked, id=17600, stack(0x000000e0dd100000,0x000000e0dd200000)]
  0x000002021729c800 JavaThread "org.springframework.amqp.rabbit.RabbitListenerEndpointContainer#67-1" [_thread_blocked, id=23520, stack(0x000000e0dd000000,0x000000e0dd100000)]
  0x000002021729a000 JavaThread "org.springframework.amqp.rabbit.RabbitListenerEndpointContainer#133-1" [_thread_blocked, id=24888, stack(0x000000e0dcf00000,0x000000e0dd000000)]
  0x0000020217299800 JavaThread "org.springframework.amqp.rabbit.RabbitListenerEndpointContainer#134-1" [_thread_blocked, id=17976, stack(0x000000e0dce00000,0x000000e0dcf00000)]
  0x000002021729b000 JavaThread "org.springframework.amqp.rabbit.RabbitListenerEndpointContainer#69-1" [_thread_blocked, id=13644, stack(0x000000e0dcd00000,0x000000e0dce00000)]
  0x0000020217294800 JavaThread "org.springframework.amqp.rabbit.RabbitListenerEndpointContainer#135-1" [_thread_blocked, id=11272, stack(0x000000e0dcc00000,0x000000e0dcd00000)]
  0x000002021729c000 JavaThread "org.springframework.amqp.rabbit.RabbitListenerEndpointContainer#136-1" [_thread_blocked, id=23628, stack(0x000000e0dcb00000,0x000000e0dcc00000)]
  0x000002021797b800 JavaThread "org.springframework.amqp.rabbit.RabbitListenerEndpointContainer#130-1" [_thread_blocked, id=11368, stack(0x000000e0dca00000,0x000000e0dcb00000)]
  0x000002021797b000 JavaThread "org.springframework.amqp.rabbit.RabbitListenerEndpointContainer#131-1" [_thread_blocked, id=1888, stack(0x000000e0dc900000,0x000000e0dca00000)]
  0x000002021797a000 JavaThread "org.springframework.amqp.rabbit.RabbitListenerEndpointContainer#132-1" [_thread_blocked, id=2608, stack(0x000000e0dc800000,0x000000e0dc900000)]
  0x0000020217979000 JavaThread "org.springframework.amqp.rabbit.RabbitListenerEndpointContainer#137-1" [_thread_blocked, id=9764, stack(0x000000e0dc700000,0x000000e0dc800000)]
  0x0000020217978800 JavaThread "org.springframework.amqp.rabbit.RabbitListenerEndpointContainer#138-1" [_thread_blocked, id=1892, stack(0x000000e0dc600000,0x000000e0dc700000)]
  0x0000020217977800 JavaThread "org.springframework.amqp.rabbit.RabbitListenerEndpointContainer#139-1" [_thread_blocked, id=17552, stack(0x000000e0dc500000,0x000000e0dc600000)]
  0x0000020217970000 JavaThread "org.springframework.amqp.rabbit.RabbitListenerEndpointContainer#71-1" [_thread_blocked, id=9408, stack(0x000000e0dc400000,0x000000e0dc500000)]
  0x0000020217977000 JavaThread "org.springframework.amqp.rabbit.RabbitListenerEndpointContainer#70-1" [_thread_blocked, id=20912, stack(0x000000e0dc300000,0x000000e0dc400000)]
  0x000002021796f000 JavaThread "org.springframework.amqp.rabbit.RabbitListenerEndpointContainer#73-1" [_thread_blocked, id=5016, stack(0x000000e0dc200000,0x000000e0dc300000)]
  0x0000020217976000 JavaThread "org.springframework.amqp.rabbit.RabbitListenerEndpointContainer#72-1" [_thread_blocked, id=9456, stack(0x000000e0dc100000,0x000000e0dc200000)]
  0x0000020217975800 JavaThread "org.springframework.amqp.rabbit.RabbitListenerEndpointContainer#75-1" [_thread_blocked, id=13984, stack(0x000000e0dc000000,0x000000e0dc100000)]
  0x0000020217973000 JavaThread "org.springframework.amqp.rabbit.RabbitListenerEndpointContainer#74-1" [_thread_blocked, id=13588, stack(0x000000e0dbf00000,0x000000e0dc000000)]
  0x0000020217972000 JavaThread "org.springframework.amqp.rabbit.RabbitListenerEndpointContainer#77-1" [_thread_blocked, id=25440, stack(0x000000e0dbe00000,0x000000e0dbf00000)]
  0x000002021796d800 JavaThread "org.springframework.amqp.rabbit.RabbitListenerEndpointContainer#76-1" [_thread_blocked, id=22484, stack(0x000000e0dbd00000,0x000000e0dbe00000)]
  0x000002021796e000 JavaThread "org.springframework.amqp.rabbit.RabbitListenerEndpointContainer#79-1" [_thread_blocked, id=16484, stack(0x000000e0dbc00000,0x000000e0dbd00000)]
  0x0000020217973800 JavaThread "org.springframework.amqp.rabbit.RabbitListenerEndpointContainer#78-1" [_thread_blocked, id=20008, stack(0x000000e0dbb00000,0x000000e0dbc00000)]
  0x0000020217974800 JavaThread "org.springframework.amqp.rabbit.RabbitListenerEndpointContainer#122-1" [_thread_blocked, id=19336, stack(0x000000e0dba00000,0x000000e0dbb00000)]
  0x000002021796c800 JavaThread "org.springframework.amqp.rabbit.RabbitListenerEndpointContainer#37-1" [_thread_blocked, id=4244, stack(0x000000e0db900000,0x000000e0dba00000)]
  0x0000020217971800 JavaThread "org.springframework.amqp.rabbit.RabbitListenerEndpointContainer#123-1" [_thread_blocked, id=21772, stack(0x000000e0db800000,0x000000e0db900000)]
  0x0000020218fc8000 JavaThread "org.springframework.amqp.rabbit.RabbitListenerEndpointContainer#36-1" [_thread_blocked, id=8668, stack(0x000000e0db700000,0x000000e0db800000)]
  0x0000020218fc7800 JavaThread "org.springframework.amqp.rabbit.RabbitListenerEndpointContainer#124-1" [_thread_blocked, id=24104, stack(0x000000e0db600000,0x000000e0db700000)]
  0x0000020218fc6000 JavaThread "org.springframework.amqp.rabbit.RabbitListenerEndpointContainer#39-1" [_thread_blocked, id=8672, stack(0x000000e0db500000,0x000000e0db600000)]
  0x0000020218fc5000 JavaThread "org.springframework.amqp.rabbit.RabbitListenerEndpointContainer#125-1" [_thread_blocked, id=4604, stack(0x000000e0db400000,0x000000e0db500000)]
  0x0000020218fc6800 JavaThread "org.springframework.amqp.rabbit.RabbitListenerEndpointContainer#38-1" [_thread_blocked, id=5504, stack(0x000000e0db300000,0x000000e0db400000)]
  0x0000020218fc4000 JavaThread "org.springframework.amqp.rabbit.RabbitListenerEndpointContainer#120-1" [_thread_blocked, id=5248, stack(0x000000e0db200000,0x000000e0db300000)]
  0x0000020218fbc800 JavaThread "org.springframework.amqp.rabbit.RabbitListenerEndpointContainer#121-1" [_thread_blocked, id=22072, stack(0x000000e0db100000,0x000000e0db200000)]
  0x0000020218fbd000 JavaThread "org.springframework.amqp.rabbit.RabbitListenerEndpointContainer#126-1" [_thread_blocked, id=16076, stack(0x000000e0db000000,0x000000e0db100000)]
  0x0000020218fc3800 JavaThread "org.springframework.amqp.rabbit.RabbitListenerEndpointContainer#127-1" [_thread_blocked, id=24072, stack(0x000000e0daf00000,0x000000e0db000000)]
  0x0000020218fc2800 JavaThread "org.springframework.amqp.rabbit.RabbitListenerEndpointContainer#128-1" [_thread_blocked, id=5216, stack(0x000000e0dae00000,0x000000e0daf00000)]
  0x0000020218fbb000 JavaThread "org.springframework.amqp.rabbit.RabbitListenerEndpointContainer#129-1" [_thread_blocked, id=23740, stack(0x000000e0dad00000,0x000000e0dae00000)]
  0x0000020218fbb800 JavaThread "org.springframework.amqp.rabbit.RabbitListenerEndpointContainer#40-1" [_thread_blocked, id=22904, stack(0x000000e0dac00000,0x000000e0dad00000)]
  0x0000020218fc2000 JavaThread "org.springframework.amqp.rabbit.RabbitListenerEndpointContainer#42-1" [_thread_blocked, id=15400, stack(0x000000e0dab00000,0x000000e0dac00000)]
  0x0000020218fba000 JavaThread "org.springframework.amqp.rabbit.RabbitListenerEndpointContainer#41-1" [_thread_blocked, id=7604, stack(0x000000e0daa00000,0x000000e0dab00000)]
  0x0000020218fc1000 JavaThread "org.springframework.amqp.rabbit.RabbitListenerEndpointContainer#44-1" [_thread_blocked, id=5288, stack(0x000000e0da900000,0x000000e0daa00000)]
  0x0000020218fb9000 JavaThread "org.springframework.amqp.rabbit.RabbitListenerEndpointContainer#43-1" [_thread_blocked, id=24932, stack(0x000000e0da800000,0x000000e0da900000)]
  0x0000020218fc0800 JavaThread "org.springframework.amqp.rabbit.RabbitListenerEndpointContainer#46-1" [_thread_blocked, id=11836, stack(0x000000e0da700000,0x000000e0da800000)]
  0x0000020218fbe000 JavaThread "org.springframework.amqp.rabbit.RabbitListenerEndpointContainer#45-1" [_thread_blocked, id=22796, stack(0x000000e0da600000,0x000000e0da700000)]
  0x0000020218fbf800 JavaThread "org.springframework.amqp.rabbit.RabbitListenerEndpointContainer#111-1" [_thread_blocked, id=23540, stack(0x000000e0da500000,0x000000e0da600000)]
  0x0000020218fbe800 JavaThread "org.springframework.amqp.rabbit.RabbitListenerEndpointContainer#48-1" [_thread_blocked, id=15720, stack(0x000000e0da400000,0x000000e0da500000)]
  0x000002021def5800 JavaThread "org.springframework.amqp.rabbit.RabbitListenerEndpointContainer#112-1" [_thread_blocked, id=16368, stack(0x000000e0da300000,0x000000e0da400000)]
  0x000002021def6800 JavaThread "org.springframework.amqp.rabbit.RabbitListenerEndpointContainer#47-1" [_thread_blocked, id=24996, stack(0x000000e0da200000,0x000000e0da300000)]
  0x000002021def4000 JavaThread "org.springframework.amqp.rabbit.RabbitListenerEndpointContainer#113-1" [_thread_blocked, id=9084, stack(0x000000e0da100000,0x000000e0da200000)]
  0x000002021def8000 JavaThread "org.springframework.amqp.rabbit.RabbitListenerEndpointContainer#114-1" [_thread_blocked, id=23708, stack(0x000000e0da000000,0x000000e0da100000)]
  0x000002021def7000 JavaThread "org.springframework.amqp.rabbit.RabbitListenerEndpointContainer#49-1" [_thread_blocked, id=11344, stack(0x000000e0d9f00000,0x000000e0da000000)]
  0x000002021def4800 JavaThread "org.springframework.amqp.rabbit.RabbitListenerEndpointContainer#9-1" [_thread_blocked, id=5992, stack(0x000000e0d9e00000,0x000000e0d9f00000)]
  0x000002021deec000 JavaThread "org.springframework.amqp.rabbit.RabbitListenerEndpointContainer#8-1" [_thread_blocked, id=21804, stack(0x000000e0d9d00000,0x000000e0d9e00000)]
  0x000002021def3000 JavaThread "org.springframework.amqp.rabbit.RabbitListenerEndpointContainer#7-1" [_thread_blocked, id=15956, stack(0x000000e0d9c00000,0x000000e0d9d00000)]
  0x000002021deee800 JavaThread "org.springframework.amqp.rabbit.RabbitListenerEndpointContainer#6-1" [_thread_blocked, id=2368, stack(0x000000e0d9b00000,0x000000e0d9c00000)]
  0x000002021def2800 JavaThread "org.springframework.amqp.rabbit.RabbitListenerEndpointContainer#110-1" [_thread_blocked, id=4008, stack(0x000000e0d9a00000,0x000000e0d9b00000)]
  0x000002021deea800 JavaThread "org.springframework.amqp.rabbit.RabbitListenerEndpointContainer#5-1" [_thread_blocked, id=23332, stack(0x000000e0d9900000,0x000000e0d9a00000)]
  0x000002021def1800 JavaThread "org.springframework.amqp.rabbit.RabbitListenerEndpointContainer#119-1" [_thread_blocked, id=20848, stack(0x000000e0d9800000,0x000000e0d9900000)]
  0x000002021dee9800 JavaThread "org.springframework.amqp.rabbit.RabbitListenerEndpointContainer#4-1" [_thread_blocked, id=24276, stack(0x000000e0d9700000,0x000000e0d9800000)]
  0x000002021def1000 JavaThread "org.springframework.amqp.rabbit.RabbitListenerEndpointContainer#3-1" [_thread_blocked, id=21364, stack(0x000000e0d9600000,0x000000e0d9700000)]
  0x000002021def0000 JavaThread "org.springframework.amqp.rabbit.RabbitListenerEndpointContainer#2-1" [_thread_blocked, id=1832, stack(0x000000e0d9500000,0x000000e0d9600000)]
  0x000002021deeb800 JavaThread "org.springframework.amqp.rabbit.RabbitListenerEndpointContainer#1-1" [_thread_blocked, id=19940, stack(0x000000e0d9400000,0x000000e0d9500000)]
  0x000002021deed000 JavaThread "org.springframework.amqp.rabbit.RabbitListenerEndpointContainer#115-1" [_thread_blocked, id=19980, stack(0x000000e0d9300000,0x000000e0d9400000)]
  0x000002021dee9000 JavaThread "org.springframework.amqp.rabbit.RabbitListenerEndpointContainer#0-1" [_thread_blocked, id=2652, stack(0x000000e0d9200000,0x000000e0d9300000)]
  0x000002021deef000 JavaThread "org.springframework.amqp.rabbit.RabbitListenerEndpointContainer#116-1" [_thread_blocked, id=11960, stack(0x000000e0d9100000,0x000000e0d9200000)]
  0x000002021deed800 JavaThread "org.springframework.amqp.rabbit.RabbitListenerEndpointContainer#117-1" [_thread_blocked, id=18364, stack(0x000000e0d9000000,0x000000e0d9100000)]
  0x000002021a24f800 JavaThread "org.springframework.amqp.rabbit.RabbitListenerEndpointContainer#118-1" [_thread_blocked, id=4596, stack(0x000000e0d8f00000,0x000000e0d9000000)]
  0x000002021a24f000 JavaThread "org.springframework.amqp.rabbit.RabbitListenerEndpointContainer#51-1" [_thread_blocked, id=18288, stack(0x000000e0d8e00000,0x000000e0d8f00000)]
  0x000002021a24d000 JavaThread "org.springframework.amqp.rabbit.RabbitListenerEndpointContainer#50-1" [_thread_blocked, id=16512, stack(0x000000e0d8d00000,0x000000e0d8e00000)]
  0x000002021a24b800 JavaThread "org.springframework.amqp.rabbit.RabbitListenerEndpointContainer#53-1" [_thread_blocked, id=21620, stack(0x000000e0d8c00000,0x000000e0d8d00000)]
  0x000002021a24e000 JavaThread "org.springframework.amqp.rabbit.RabbitListenerEndpointContainer#52-1" [_thread_blocked, id=9932, stack(0x000000e0d8b00000,0x000000e0d8c00000)]
  0x000002021a24b000 JavaThread "org.springframework.amqp.rabbit.RabbitListenerEndpointContainer#55-1" [_thread_blocked, id=14248, stack(0x000000e0d8a00000,0x000000e0d8b00000)]
  0x000002021a251000 JavaThread "org.springframework.amqp.rabbit.RabbitListenerEndpointContainer#54-1" [_thread_blocked, id=16380, stack(0x000000e0d8900000,0x000000e0d8a00000)]
  0x000002021a249800 JavaThread "org.springframework.amqp.rabbit.RabbitListenerEndpointContainer#57-1" [_thread_blocked, id=2108, stack(0x000000e0d8800000,0x000000e0d8900000)]
  0x000002021a24c800 JavaThread "org.springframework.amqp.rabbit.RabbitListenerEndpointContainer#56-1" [_thread_blocked, id=23776, stack(0x000000e0d8700000,0x000000e0d8800000)]
  0x000002021a250800 JavaThread "org.springframework.amqp.rabbit.RabbitListenerEndpointContainer#100-1" [_thread_blocked, id=10016, stack(0x000000e0d8600000,0x000000e0d8700000)]
  0x000002021a243000 JavaThread "org.springframework.amqp.rabbit.RabbitListenerEndpointContainer#15-1" [_thread_blocked, id=19756, stack(0x000000e0d8500000,0x000000e0d8600000)]
  0x000002021a248800 JavaThread "org.springframework.amqp.rabbit.RabbitListenerEndpointContainer#101-1" [_thread_blocked, id=7784, stack(0x000000e0d8400000,0x000000e0d8500000)]
  0x000002021a246000 JavaThread "org.springframework.amqp.rabbit.RabbitListenerEndpointContainer#14-1" [_thread_blocked, id=3504, stack(0x000000e0d8300000,0x000000e0d8400000)]
  0x000002021a247000 JavaThread "org.springframework.amqp.rabbit.RabbitListenerEndpointContainer#102-1" [_thread_blocked, id=13792, stack(0x000000e0d8200000,0x000000e0d8300000)]
  0x000002021a244800 JavaThread "org.springframework.amqp.rabbit.RabbitListenerEndpointContainer#17-1" [_thread_blocked, id=19220, stack(0x000000e0d8100000,0x000000e0d8200000)]
  0x000002021a24a000 JavaThread "org.springframework.amqp.rabbit.RabbitListenerEndpointContainer#103-1" [_thread_blocked, id=5336, stack(0x000000e0d8000000,0x000000e0d8100000)]
  0x000002021a247800 JavaThread "org.springframework.amqp.rabbit.RabbitListenerEndpointContainer#16-1" [_thread_blocked, id=9224, stack(0x000000e0d7f00000,0x000000e0d8000000)]
  0x000002021a244000 JavaThread "org.springframework.amqp.rabbit.RabbitListenerEndpointContainer#19-1" [_thread_blocked, id=3528, stack(0x000000e0d7e00000,0x000000e0d7f00000)]
  0x000002021a242000 JavaThread "org.springframework.amqp.rabbit.RabbitListenerEndpointContainer#18-1" [_thread_blocked, id=20936, stack(0x000000e0d7d00000,0x000000e0d7e00000)]
  0x000002021a245800 JavaThread "org.springframework.amqp.rabbit.RabbitListenerEndpointContainer#108-1" [_thread_blocked, id=5396, stack(0x000000e0d7c00000,0x000000e0d7d00000)]
  0x000002021d909000 JavaThread "org.springframework.amqp.rabbit.RabbitListenerEndpointContainer#109-1" [_thread_blocked, id=5768, stack(0x000000e0d7b00000,0x000000e0d7c00000)]
  0x000002021d906800 JavaThread "org.springframework.amqp.rabbit.RabbitListenerEndpointContainer#104-1" [_thread_blocked, id=20032, stack(0x000000e0d7a00000,0x000000e0d7b00000)]
  0x000002021d90b000 JavaThread "org.springframework.amqp.rabbit.RabbitListenerEndpointContainer#105-1" [_thread_blocked, id=22460, stack(0x000000e0d7900000,0x000000e0d7a00000)]
  0x000002021d908000 JavaThread "org.springframework.amqp.rabbit.RabbitListenerEndpointContainer#106-1" [_thread_blocked, id=13536, stack(0x000000e0d7800000,0x000000e0d7900000)]
  0x000002021d905800 JavaThread "org.springframework.amqp.rabbit.RabbitListenerEndpointContainer#107-1" [_thread_blocked, id=12876, stack(0x000000e0d7700000,0x000000e0d7800000)]
  0x000002021d905000 JavaThread "org.springframework.amqp.rabbit.RabbitListenerEndpointContainer#20-1" [_thread_blocked, id=25572, stack(0x000000e0d7600000,0x000000e0d7700000)]
  0x000002021d90a800 JavaThread "org.springframework.amqp.rabbit.RabbitListenerEndpointContainer#22-1" [_thread_blocked, id=14208, stack(0x000000e0d7500000,0x000000e0d7600000)]
  0x000002021d907000 JavaThread "org.springframework.amqp.rabbit.RabbitListenerEndpointContainer#21-1" [_thread_blocked, id=16396, stack(0x000000e0d7400000,0x000000e0d7500000)]
  0x000002021d90c000 JavaThread "org.springframework.amqp.rabbit.RabbitListenerEndpointContainer#24-1" [_thread_blocked, id=20884, stack(0x000000e0d7300000,0x000000e0d7400000)]
  0x000002021d909800 JavaThread "org.springframework.amqp.rabbit.RabbitListenerEndpointContainer#23-1" [_thread_blocked, id=21428, stack(0x000000e0d7200000,0x000000e0d7300000)]
  0x000002021d8fd000 JavaThread "org.springframework.amqp.rabbit.RabbitListenerEndpointContainer#177-1" [_thread_blocked, id=16528, stack(0x000000e0d7100000,0x000000e0d7200000)]
  0x000002021d901000 JavaThread "org.springframework.amqp.rabbit.RabbitListenerEndpointContainer#26-1" [_thread_blocked, id=22184, stack(0x000000e0d7000000,0x000000e0d7100000)]
  0x000002021d900000 JavaThread "org.springframework.amqp.rabbit.RabbitListenerEndpointContainer#25-1" [_thread_blocked, id=20608, stack(0x000000e0d6f00000,0x000000e0d7000000)]
  0x000002021d8ff800 JavaThread "pool-2-thread-18" [_thread_blocked, id=19568, stack(0x000000e0d6e00000,0x000000e0d6f00000)]
  0x000002021d902000 JavaThread "org.springframework.amqp.rabbit.RabbitListenerEndpointContainer#28-1" [_thread_blocked, id=8856, stack(0x000000e0d6d00000,0x000000e0d6e00000)]
  0x000002021d904000 JavaThread "pool-2-thread-17" [_thread_blocked, id=2380, stack(0x000000e0d6c00000,0x000000e0d6d00000)]
  0x000002021d8fe800 JavaThread "org.springframework.amqp.rabbit.RabbitListenerEndpointContainer#27-1" [_thread_blocked, id=20924, stack(0x000000e0d6b00000,0x000000e0d6c00000)]
  0x000002021d8fe000 JavaThread "pool-2-thread-16" [_thread_blocked, id=22820, stack(0x000000e0d6a00000,0x000000e0d6b00000)]
  0x000002021d903800 JavaThread "org.springframework.amqp.rabbit.RabbitListenerEndpointContainer#173-1" [_thread_blocked, id=6252, stack(0x000000e0d6900000,0x000000e0d6a00000)]
  0x000002021d902800 JavaThread "pool-2-thread-15" [_thread_blocked, id=924, stack(0x000000e0d6800000,0x000000e0d6900000)]
  0x000002021ba58000 JavaThread "org.springframework.amqp.rabbit.RabbitListenerEndpointContainer#174-1" [_thread_blocked, id=14548, stack(0x000000e0d6700000,0x000000e0d6800000)]
  0x000002021ba55800 JavaThread "pool-2-thread-14" [_thread_blocked, id=4584, stack(0x000000e0d6600000,0x000000e0d6700000)]
  0x000002021ba58800 JavaThread "org.springframework.amqp.rabbit.RabbitListenerEndpointContainer#29-1" [_thread_blocked, id=4040, stack(0x000000e0d6500000,0x000000e0d6600000)]
  0x000002021ba54000 JavaThread "pool-2-thread-13" [_thread_blocked, id=24896, stack(0x000000e0d6400000,0x000000e0d6500000)]
  0x000002021ba57000 JavaThread "org.springframework.amqp.rabbit.RabbitListenerEndpointContainer#175-1" [_thread_blocked, id=8316, stack(0x000000e0d6300000,0x000000e0d6400000)]
  0x000002021ba5a000 JavaThread "pool-2-thread-12" [_thread_blocked, id=17612, stack(0x000000e0d6200000,0x000000e0d6300000)]
  0x000002021ba54800 JavaThread "org.springframework.amqp.rabbit.RabbitListenerEndpointContainer#176-1" [_thread_blocked, id=19280, stack(0x000000e0d6100000,0x000000e0d6200000)]
  0x000002021ba59800 JavaThread "pool-2-thread-11" [_thread_blocked, id=19572, stack(0x000000e0d6000000,0x000000e0d6100000)]
  0x000002021ba56800 JavaThread "org.springframework.amqp.rabbit.RabbitListenerEndpointContainer#170-1" [_thread_blocked, id=12428, stack(0x000000e0d5f00000,0x000000e0d6000000)]
  0x000002021ba4c000 JavaThread "pool-2-thread-10" [_thread_blocked, id=2312, stack(0x000000e0d5e00000,0x000000e0d5f00000)]
  0x000002021ba4e800 JavaThread "org.springframework.amqp.rabbit.RabbitListenerEndpointContainer#171-1" [_thread_blocked, id=9252, stack(0x000000e0d5d00000,0x000000e0d5e00000)]
  0x000002021ba53000 JavaThread "pool-2-thread-9" [_thread_blocked, id=22852, stack(0x000000e0d5c00000,0x000000e0d5d00000)]
  0x000002021ba4f000 JavaThread "org.springframework.amqp.rabbit.RabbitListenerEndpointContainer#31-1" [_thread_blocked, id=24284, stack(0x000000e0d5b00000,0x000000e0d5c00000)]
  0x000002021ba4d000 JavaThread "pool-2-thread-8" [_thread_blocked, id=9940, stack(0x000000e0d5a00000,0x000000e0d5b00000)]
  0x000002021ba4b800 JavaThread "org.springframework.amqp.rabbit.RabbitListenerEndpointContainer#172-1" [_thread_blocked, id=20312, stack(0x000000e0d5900000,0x000000e0d5a00000)]
  0x000002021ba51800 JavaThread "pool-2-thread-7" [_thread_blocked, id=10960, stack(0x000000e0d5800000,0x000000e0d5900000)]
  0x000002021ba52800 JavaThread "org.springframework.amqp.rabbit.RabbitListenerEndpointContainer#30-1" [_thread_blocked, id=8320, stack(0x000000e0d5700000,0x000000e0d5800000)]
  0x000002021ba50000 JavaThread "pool-2-thread-6" [_thread_blocked, id=9852, stack(0x000000e0d5600000,0x000000e0d5700000)]
  0x000002021ba51000 JavaThread "org.springframework.amqp.rabbit.RabbitListenerEndpointContainer#33-1" [_thread_blocked, id=11228, stack(0x000000e0d5500000,0x000000e0d5600000)]
  0x000002021ba4d800 JavaThread "pool-2-thread-5" [_thread_blocked, id=10192, stack(0x000000e0d5400000,0x000000e0d5500000)]
  0x0000020217373800 JavaThread "org.springframework.amqp.rabbit.RabbitListenerEndpointContainer#32-1" [_thread_blocked, id=17176, stack(0x000000e0d5300000,0x000000e0d5400000)]
  0x0000020217373000 JavaThread "pool-2-thread-4" [_thread_blocked, id=15112, stack(0x000000e0d5200000,0x000000e0d5300000)]
  0x0000020217376800 JavaThread "org.springframework.amqp.rabbit.RabbitListenerEndpointContainer#35-1" [_thread_blocked, id=25580, stack(0x000000e0d5100000,0x000000e0d5200000)]
  0x0000020217372000 JavaThread "pool-2-thread-3" [_thread_blocked, id=9772, stack(0x000000e0d5000000,0x000000e0d5100000)]
  0x0000020217371000 JavaThread "org.springframework.amqp.rabbit.RabbitListenerEndpointContainer#34-1" [_thread_blocked, id=23340, stack(0x000000e0d4f00000,0x000000e0d5000000)]
  0x0000020217375000 JavaThread "pool-2-thread-2" [_thread_blocked, id=7792, stack(0x000000e0d4e00000,0x000000e0d4f00000)]
  0x0000020217376000 JavaThread "AMQP Connection 175.178.37.103:5672" [_thread_in_native, id=820, stack(0x000000e0d4d00000,0x000000e0d4e00000)]
  0x0000020217374800 JavaThread "quartzScheduler_QuartzSchedulerThread" [_thread_blocked, id=3196, stack(0x000000e0d4b00000,0x000000e0d4c00000)]
  0x0000020217369800 JavaThread "quartzScheduler_Worker-10" [_thread_blocked, id=20272, stack(0x000000e0d4a00000,0x000000e0d4b00000)]
  0x000002021736a000 JavaThread "quartzScheduler_Worker-9" [_thread_blocked, id=3120, stack(0x000000e0d4900000,0x000000e0d4a00000)]
  0x0000020217370800 JavaThread "quartzScheduler_Worker-8" [_thread_blocked, id=20256, stack(0x000000e0d4800000,0x000000e0d4900000)]
  0x0000020217368800 JavaThread "quartzScheduler_Worker-7" [_thread_blocked, id=15092, stack(0x000000e0d4700000,0x000000e0d4800000)]
  0x000002021736f800 JavaThread "quartzScheduler_Worker-6" [_thread_blocked, id=6080, stack(0x000000e0d4600000,0x000000e0d4700000)]
  0x000002021736e000 JavaThread "quartzScheduler_Worker-5" [_thread_blocked, id=24424, stack(0x000000e0d4500000,0x000000e0d4600000)]
  0x000002021736f000 JavaThread "quartzScheduler_Worker-4" [_thread_blocked, id=16464, stack(0x000000e0d4400000,0x000000e0d4500000)]
  0x000002021736d800 JavaThread "quartzScheduler_Worker-3" [_thread_blocked, id=9656, stack(0x000000e0d4300000,0x000000e0d4400000)]
  0x000002021736c800 JavaThread "quartzScheduler_Worker-2" [_thread_blocked, id=22084, stack(0x000000e0d4200000,0x000000e0d4300000)]
  0x000002021736b000 JavaThread "quartzScheduler_Worker-1" [_thread_blocked, id=12816, stack(0x000000e0d4100000,0x000000e0d4200000)]
  0x0000020217368000 JavaThread "lettuce-timer-3-1" daemon [_thread_blocked, id=11392, stack(0x000000e0d4000000,0x000000e0d4100000)]
  0x000002021d671000 JavaThread "DefaultQuartzScheduler_QuartzSchedulerThread" [_thread_blocked, id=22284, stack(0x000000e0d3f00000,0x000000e0d4000000)]
  0x000002021d670000 JavaThread "DefaultQuartzScheduler_Worker-10" [_thread_blocked, id=2540, stack(0x000000e0d3e00000,0x000000e0d3f00000)]
  0x000002021d66c000 JavaThread "DefaultQuartzScheduler_Worker-9" [_thread_blocked, id=13828, stack(0x000000e0d3d00000,0x000000e0d3e00000)]
  0x000002021d66a000 JavaThread "DefaultQuartzScheduler_Worker-8" [_thread_blocked, id=16740, stack(0x000000e0d3c00000,0x000000e0d3d00000)]
  0x000002021d66b800 JavaThread "DefaultQuartzScheduler_Worker-7" [_thread_blocked, id=16440, stack(0x000000e0d3b00000,0x000000e0d3c00000)]
  0x000002021d66e800 JavaThread "DefaultQuartzScheduler_Worker-6" [_thread_blocked, id=15876, stack(0x000000e0d3a00000,0x000000e0d3b00000)]
  0x000002021d66d000 JavaThread "DefaultQuartzScheduler_Worker-5" [_thread_blocked, id=21160, stack(0x000000e0d3900000,0x000000e0d3a00000)]
  0x000002021d66a800 JavaThread "DefaultQuartzScheduler_Worker-4" [_thread_blocked, id=16668, stack(0x000000e0d3800000,0x000000e0d3900000)]
  0x000002021d66e000 JavaThread "DefaultQuartzScheduler_Worker-3" [_thread_blocked, id=6564, stack(0x000000e0d3700000,0x000000e0d3800000)]
  0x000002021d66f800 JavaThread "DefaultQuartzScheduler_Worker-2" [_thread_blocked, id=15672, stack(0x000000e0d3600000,0x000000e0d3700000)]
  0x000002021b556000 JavaThread "DefaultQuartzScheduler_Worker-1" [_thread_blocked, id=24752, stack(0x000000e0d3500000,0x000000e0d3600000)]
  0x0000020219ccf800 JavaThread "mysql-cj-abandoned-connection-cleanup" daemon [_thread_blocked, id=20180, stack(0x000000e0d3400000,0x000000e0d3500000)]
  0x000002027f7d7800 JavaThread "I/O dispatcher 8" [_thread_in_native, id=11616, stack(0x000000e0d3300000,0x000000e0d3400000)]
  0x000002027f44d800 JavaThread "I/O dispatcher 7" [_thread_in_native, id=16572, stack(0x000000e0d3200000,0x000000e0d3300000)]
  0x000002027f4ef000 JavaThread "I/O dispatcher 6" [_thread_in_native, id=20000, stack(0x000000e0d3100000,0x000000e0d3200000)]
  0x000002027fbc3000 JavaThread "I/O dispatcher 5" [_thread_in_native, id=20108, stack(0x000000e0d3000000,0x000000e0d3100000)]
  0x000002027fbc2000 JavaThread "I/O dispatcher 4" [_thread_in_native, id=16576, stack(0x000000e0d2f00000,0x000000e0d3000000)]
  0x000002027fbc1800 JavaThread "I/O dispatcher 3" [_thread_in_native, id=2912, stack(0x000000e0d2e00000,0x000000e0d2f00000)]
  0x000002027fbc0800 JavaThread "I/O dispatcher 2" [_thread_in_native, id=20872, stack(0x000000e0d2d00000,0x000000e0d2e00000)]
  0x000002027fbc0000 JavaThread "I/O dispatcher 1" [_thread_in_native, id=1244, stack(0x000000e0d2c00000,0x000000e0d2d00000)]
  0x000002027f5f5000 JavaThread "pool-1-thread-1" [_thread_in_native, id=2244, stack(0x000000e0d2b00000,0x000000e0d2c00000)]
  0x000002027f164800 JavaThread "Service Thread" daemon [_thread_blocked, id=13632, stack(0x000000e0d2900000,0x000000e0d2a00000)]
  0x000002027f0c3800 JavaThread "C1 CompilerThread3" daemon [_thread_blocked, id=21720, stack(0x000000e0d2800000,0x000000e0d2900000)]
  0x000002027f0b8800 JavaThread "C2 CompilerThread2" daemon [_thread_in_native, id=11904, stack(0x000000e0d2700000,0x000000e0d2800000)]
  0x000002027f0b6800 JavaThread "C2 CompilerThread1" daemon [_thread_in_native, id=21628, stack(0x000000e0d2600000,0x000000e0d2700000)]
  0x000002027f0b3800 JavaThread "C2 CompilerThread0" daemon [_thread_in_native, id=19856, stack(0x000000e0d2500000,0x000000e0d2600000)]
  0x000002027f0ae800 JavaThread "Monitor Ctrl-Break" daemon [_thread_in_native, id=23204, stack(0x000000e0d2400000,0x000000e0d2500000)]
  0x000002027f073800 JavaThread "Attach Listener" daemon [_thread_blocked, id=23564, stack(0x000000e0d2300000,0x000000e0d2400000)]
  0x000002027d457000 JavaThread "Signal Dispatcher" daemon [_thread_blocked, id=3044, stack(0x000000e0d2200000,0x000000e0d2300000)]
  0x000002027d0ab000 JavaThread "Finalizer" daemon [_thread_blocked, id=8236, stack(0x000000e0d2100000,0x000000e0d2200000)]
  0x000002027d427000 JavaThread "Reference Handler" daemon [_thread_blocked, id=22332, stack(0x000000e0d2000000,0x000000e0d2100000)]
=>0x000002027907a000 JavaThread "main" [_thread_in_vm, id=4704, stack(0x000000e0d1600000,0x000000e0d1700000)]

Other Threads:
  0x000002027d099800 VMThread [stack: 0x000000e0d1f00000,0x000000e0d2000000] [id=13180]
  0x000002027f16f800 WatcherThread [stack: 0x000000e0d2a00000,0x000000e0d2b00000] [id=6980]

VM state:not at safepoint (normal execution)

VM Mutex/Monitor currently owned by a thread: None

heap address: 0x00000006c2a00000, size: 4054 MB, Compressed Oops mode: Zero based, Oop shift amount: 3
Narrow klass base: 0x0000000000000000, Narrow klass shift: 3
Compressed class space size: 1073741824 Address: 0x00000007c0000000

Heap:
 PSYoungGen      total 190976K, used 100377K [0x000000076b900000, 0x0000000778480000, 0x00000007c0000000)
  eden space 176640K, 50% used [0x000000076b900000,0x000000077109c1b8,0x0000000776580000)
  from space 14336K, 74% used [0x0000000777680000,0x00000007780ea508,0x0000000778480000)
  to   space 15872K, 0% used [0x0000000776580000,0x0000000776580000,0x0000000777500000)
 ParOldGen       total 237568K, used 26741K [0x00000006c2a00000, 0x00000006d1200000, 0x000000076b900000)
  object space 237568K, 11% used [0x00000006c2a00000,0x00000006c441d550,0x00000006d1200000)
 Metaspace       used 61857K, capacity 66458K, committed 66728K, reserved 1107968K
  class space    used 7996K, capacity 8855K, committed 8872K, reserved 1048576K

Card table byte_map: [0x000002027b280000,0x000002027ba70000] byte_map_base: 0x0000020277c6b000

Marking Bits: (ParMarkBitMap*) 0x0000000070b61860
 Begin Bits: [0x000002020f000000, 0x0000020212f58000)
 End Bits:   [0x0000020212f58000, 0x0000020216eb0000)

Polling page: 0x0000020279290000

CodeCache: size=245760Kb used=21190Kb max_used=21190Kb free=224569Kb
 bounds [0x0000020200000000, 0x00000202014d0000, 0x000002020f000000]
 total_blobs=5990 nmethods=5429 adapters=473
 compilation: enabled

Compilation events (10 events):
Event: 23.081 Thread 0x000002027f0c3800 6083       3       java.util.Collections$UnmodifiableMap::isEmpty (10 bytes)
Event: 23.081 Thread 0x000002027f0c3800 nmethod 6083 0x00000202014bc490 code [0x00000202014bc600, 0x00000202014bc830]
Event: 23.083 Thread 0x000002027f0c3800 6084       3       org.springframework.beans.factory.annotation.QualifierAnnotationAutowireCandidateResolver::isQualifier (52 bytes)
Event: 23.084 Thread 0x000002027f0c3800 nmethod 6084 0x00000202014bb050 code [0x00000202014bb280, 0x00000202014bbee0]
Event: 23.087 Thread 0x000002027f0c3800 6085       3       org.junit.platform.commons.util.AnnotationUtils::findAnnotation (193 bytes)
Event: 23.088 Thread 0x000002027f0c3800 nmethod 6085 0x00000202014c0510 code [0x00000202014c07e0, 0x00000202014c1cb0]
Event: 23.088 Thread 0x000002027f0c3800 6086       3       java.util.stream.StreamSpliterators$AbstractWrappingSpliterator::fillBuffer (64 bytes)
Event: 23.089 Thread 0x000002027f0c3800 nmethod 6086 0x00000202014ba510 code [0x00000202014ba6e0, 0x00000202014badf0]
Event: 23.091 Thread 0x000002027f0c3800 6087       3       java.lang.Class::getDeclaredFields (18 bytes)
Event: 23.091 Thread 0x000002027f0c3800 nmethod 6087 0x00000202014ba050 code [0x00000202014ba1e0, 0x00000202014ba420]

GC Heap History (10 events):
Event: 7.731 GC heap before
{Heap before GC invocations=13 (full 2):
 PSYoungGen      total 118784K, used 118775K [0x000000076b900000, 0x0000000773d80000, 0x00000007c0000000)
  eden space 108032K, 100% used [0x000000076b900000,0x0000000772280000,0x0000000772280000)
  from space 10752K, 99% used [0x0000000772e80000,0x00000007738fdd28,0x0000000773900000)
  to   space 12288K, 0% used [0x0000000772280000,0x0000000772280000,0x0000000772e80000)
 ParOldGen       total 183808K, used 16984K [0x00000006c2a00000, 0x00000006cdd80000, 0x000000076b900000)
  object space 183808K, 9% used [0x00000006c2a00000,0x00000006c3a961a8,0x00000006cdd80000)
 Metaspace       used 55528K, capacity 58960K, committed 59048K, reserved 1099776K
  class space    used 7104K, capacity 7774K, committed 7848K, reserved 1048576K
Event: 7.746 GC heap after
Heap after GC invocations=13 (full 2):
 PSYoungGen      total 120320K, used 12280K [0x000000076b900000, 0x0000000775a80000, 0x00000007c0000000)
  eden space 108032K, 0% used [0x000000076b900000,0x000000076b900000,0x0000000772280000)
  from space 12288K, 99% used [0x0000000772280000,0x0000000772e7e050,0x0000000772e80000)
  to   space 15872K, 0% used [0x0000000774b00000,0x0000000774b00000,0x0000000775a80000)
 ParOldGen       total 183808K, used 23760K [0x00000006c2a00000, 0x00000006cdd80000, 0x000000076b900000)
  object space 183808K, 12% used [0x00000006c2a00000,0x00000006c4134030,0x00000006cdd80000)
 Metaspace       used 55528K, capacity 58960K, committed 59048K, reserved 1099776K
  class space    used 7104K, capacity 7774K, committed 7848K, reserved 1048576K
}
Event: 7.811 GC heap before
{Heap before GC invocations=14 (full 2):
 PSYoungGen      total 120320K, used 22689K [0x000000076b900000, 0x0000000775a80000, 0x00000007c0000000)
  eden space 108032K, 9% used [0x000000076b900000,0x000000076c32a728,0x0000000772280000)
  from space 12288K, 99% used [0x0000000772280000,0x0000000772e7e050,0x0000000772e80000)
  to   space 15872K, 0% used [0x0000000774b00000,0x0000000774b00000,0x0000000775a80000)
 ParOldGen       total 183808K, used 23760K [0x00000006c2a00000, 0x00000006cdd80000, 0x000000076b900000)
  object space 183808K, 12% used [0x00000006c2a00000,0x00000006c4134030,0x00000006cdd80000)
 Metaspace       used 55625K, capacity 59076K, committed 59160K, reserved 1101824K
  class space    used 7119K, capacity 7810K, committed 7848K, reserved 1048576K
Event: 7.822 GC heap after
Heap after GC invocations=14 (full 2):
 PSYoungGen      total 148992K, used 12648K [0x000000076b900000, 0x0000000777080000, 0x00000007c0000000)
  eden space 133120K, 0% used [0x000000076b900000,0x000000076b900000,0x0000000773b00000)
  from space 15872K, 79% used [0x0000000774b00000,0x000000077575a060,0x0000000775a80000)
  to   space 16384K, 0% used [0x0000000773b00000,0x0000000773b00000,0x0000000774b00000)
 ParOldGen       total 183808K, used 23768K [0x00000006c2a00000, 0x00000006cdd80000, 0x000000076b900000)
  object space 183808K, 12% used [0x00000006c2a00000,0x00000006c4136030,0x00000006cdd80000)
 Metaspace       used 55625K, capacity 59076K, committed 59160K, reserved 1101824K
  class space    used 7119K, capacity 7810K, committed 7848K, reserved 1048576K
}
Event: 7.822 GC heap before
{Heap before GC invocations=15 (full 3):
 PSYoungGen      total 148992K, used 12648K [0x000000076b900000, 0x0000000777080000, 0x00000007c0000000)
  eden space 133120K, 0% used [0x000000076b900000,0x000000076b900000,0x0000000773b00000)
  from space 15872K, 79% used [0x0000000774b00000,0x000000077575a060,0x0000000775a80000)
  to   space 16384K, 0% used [0x0000000773b00000,0x0000000773b00000,0x0000000774b00000)
 ParOldGen       total 183808K, used 23768K [0x00000006c2a00000, 0x00000006cdd80000, 0x000000076b900000)
  object space 183808K, 12% used [0x00000006c2a00000,0x00000006c4136030,0x00000006cdd80000)
 Metaspace       used 55625K, capacity 59076K, committed 59160K, reserved 1101824K
  class space    used 7119K, capacity 7810K, committed 7848K, reserved 1048576K
Event: 8.020 GC heap after
Heap after GC invocations=15 (full 3):
 PSYoungGen      total 148992K, used 0K [0x000000076b900000, 0x0000000777080000, 0x00000007c0000000)
  eden space 133120K, 0% used [0x000000076b900000,0x000000076b900000,0x0000000773b00000)
  from space 15872K, 0% used [0x0000000774b00000,0x0000000774b00000,0x0000000775a80000)
  to   space 16384K, 0% used [0x0000000773b00000,0x0000000773b00000,0x0000000774b00000)
 ParOldGen       total 237568K, used 26725K [0x00000006c2a00000, 0x00000006d1200000, 0x000000076b900000)
  object space 237568K, 11% used [0x00000006c2a00000,0x00000006c4419550,0x00000006d1200000)
 Metaspace       used 55625K, capacity 59076K, committed 59160K, reserved 1101824K
  class space    used 7119K, capacity 7810K, committed 7848K, reserved 1048576K
}
Event: 9.044 GC heap before
{Heap before GC invocations=16 (full 3):
 PSYoungGen      total 148992K, used 133120K [0x000000076b900000, 0x0000000777080000, 0x00000007c0000000)
  eden space 133120K, 100% used [0x000000076b900000,0x0000000773b00000,0x0000000773b00000)
  from space 15872K, 0% used [0x0000000774b00000,0x0000000774b00000,0x0000000775a80000)
  to   space 16384K, 0% used [0x0000000773b00000,0x0000000773b00000,0x0000000774b00000)
 ParOldGen       total 237568K, used 26725K [0x00000006c2a00000, 0x00000006d1200000, 0x000000076b900000)
  object space 237568K, 11% used [0x00000006c2a00000,0x00000006c4419550,0x00000006d1200000)
 Metaspace       used 58296K, capacity 62494K, committed 62632K, reserved 1103872K
  class space    used 7543K, capacity 8331K, committed 8360K, reserved 1048576K
Event: 9.051 GC heap after
Heap after GC invocations=16 (full 3):
 PSYoungGen      total 149504K, used 6297K [0x000000076b900000, 0x0000000778680000, 0x00000007c0000000)
  eden space 133120K, 0% used [0x000000076b900000,0x000000076b900000,0x0000000773b00000)
  from space 16384K, 38% used [0x0000000773b00000,0x00000007741266f8,0x0000000774b00000)
  to   space 16384K, 0% used [0x0000000777680000,0x0000000777680000,0x0000000778680000)
 ParOldGen       total 237568K, used 26733K [0x00000006c2a00000, 0x00000006d1200000, 0x000000076b900000)
  object space 237568K, 11% used [0x00000006c2a00000,0x00000006c441b550,0x00000006d1200000)
 Metaspace       used 58296K, capacity 62494K, committed 62632K, reserved 1103872K
  class space    used 7543K, capacity 8331K, committed 8360K, reserved 1048576K
}
Event: 9.942 GC heap before
{Heap before GC invocations=17 (full 3):
 PSYoungGen      total 149504K, used 139417K [0x000000076b900000, 0x0000000778680000, 0x00000007c0000000)
  eden space 133120K, 100% used [0x000000076b900000,0x0000000773b00000,0x0000000773b00000)
  from space 16384K, 38% used [0x0000000773b00000,0x00000007741266f8,0x0000000774b00000)
  to   space 16384K, 0% used [0x0000000777680000,0x0000000777680000,0x0000000778680000)
 ParOldGen       total 237568K, used 26733K [0x00000006c2a00000, 0x00000006d1200000, 0x000000076b900000)
  object space 237568K, 11% used [0x00000006c2a00000,0x00000006c441b550,0x00000006d1200000)
 Metaspace       used 60443K, capacity 64970K, committed 65064K, reserved 1105920K
  class space    used 7842K, capacity 8661K, committed 8744K, reserved 1048576K
Event: 9.965 GC heap after
Heap after GC invocations=17 (full 3):
 PSYoungGen      total 190976K, used 10665K [0x000000076b900000, 0x0000000778480000, 0x00000007c0000000)
  eden space 176640K, 0% used [0x000000076b900000,0x000000076b900000,0x0000000776580000)
  from space 14336K, 74% used [0x0000000777680000,0x00000007780ea508,0x0000000778480000)
  to   space 15872K, 0% used [0x0000000776580000,0x0000000776580000,0x0000000777500000)
 ParOldGen       total 237568K, used 26741K [0x00000006c2a00000, 0x00000006d1200000, 0x000000076b900000)
  object space 237568K, 11% used [0x00000006c2a00000,0x00000006c441d550,0x00000006d1200000)
 Metaspace       used 60443K, capacity 64970K, committed 65064K, reserved 1105920K
  class space    used 7842K, capacity 8661K, committed 8744K, reserved 1048576K
}

Deoptimization events (10 events):
Event: 10.518 Thread 0x000002027907a000 Uncommon trap: reason=bimorphic action=maybe_recompile pc=0x000002020135cb48 method=org.springframework.beans.factory.support.AbstractBeanFactory.isSingleton(Ljava/lang/String;)Z @ 35
Event: 10.590 Thread 0x000002027907a000 Uncommon trap: reason=bimorphic action=maybe_recompile pc=0x000002020135cb48 method=org.springframework.beans.factory.support.AbstractBeanFactory.isSingleton(Ljava/lang/String;)Z @ 35
Event: 10.666 Thread 0x000002027907a000 Uncommon trap: reason=bimorphic action=maybe_recompile pc=0x000002020135cb48 method=org.springframework.beans.factory.support.AbstractBeanFactory.isSingleton(Ljava/lang/String;)Z @ 35
Event: 10.741 Thread 0x000002027907a000 Uncommon trap: reason=bimorphic action=maybe_recompile pc=0x000002020135cb48 method=org.springframework.beans.factory.support.AbstractBeanFactory.isSingleton(Ljava/lang/String;)Z @ 35
Event: 10.824 Thread 0x000002027907a000 Uncommon trap: reason=bimorphic action=maybe_recompile pc=0x000002020125618c method=org.springframework.beans.factory.support.AbstractBeanFactory.isSingleton(Ljava/lang/String;)Z @ 35
Event: 23.012 Thread 0x000002027907a000 Uncommon trap: reason=unstable_if action=reinterpret pc=0x00000202004e7458 method=org.springframework.util.ConcurrentReferenceHashMap$Segment.clear()V @ 7
Event: 23.088 Thread 0x000002027907a000 Uncommon trap: reason=bimorphic action=maybe_recompile pc=0x000002020110468c method=java.util.regex.Pattern$Curly.match(Ljava/util/regex/Matcher;ILjava/lang/CharSequence;)Z @ 19
Event: 23.088 Thread 0x000002027907a000 Uncommon trap: reason=bimorphic action=maybe_recompile pc=0x000002020110468c method=java.util.regex.Pattern$Curly.match(Ljava/util/regex/Matcher;ILjava/lang/CharSequence;)Z @ 19
Event: 23.088 Thread 0x000002027907a000 Uncommon trap: reason=bimorphic action=maybe_recompile pc=0x000002020110468c method=java.util.regex.Pattern$Curly.match(Ljava/util/regex/Matcher;ILjava/lang/CharSequence;)Z @ 19
Event: 23.088 Thread 0x000002027907a000 Uncommon trap: reason=bimorphic action=maybe_recompile pc=0x000002020110468c method=java.util.regex.Pattern$Curly.match(Ljava/util/regex/Matcher;ILjava/lang/CharSequence;)Z @ 19

Classes redefined (0 events):
No events

Internal exceptions (10 events):
Event: 9.750 Thread 0x000002027907a000 Exception <a 'java/lang/ClassNotFoundException': org/springframework/web/context/ServletContextAwareCustomizer> (0x0000000772e038d8) thrown at [C:\wsjdk\Corretto8Src\installers\windows\zip\corretto-build\buildRoot\src\hotspot\src\share\vm\classfile\system
Event: 9.751 Thread 0x000002027907a000 Exception <a 'java/lang/ClassNotFoundException': org/springframework/beans/factory/AwareCustomizer> (0x0000000772e2e218) thrown at [C:\wsjdk\Corretto8Src\installers\windows\zip\corretto-build\buildRoot\src\hotspot\src\share\vm\classfile\systemDictionary.c
Event: 9.752 Thread 0x000002027907a000 Exception <a 'java/lang/ClassNotFoundException': org/springframework/beans/factory/InitializingBeanCustomizer> (0x0000000772e5e7f8) thrown at [C:\wsjdk\Corretto8Src\installers\windows\zip\corretto-build\buildRoot\src\hotspot\src\share\vm\classfile\systemD
Event: 9.752 Thread 0x000002027907a000 Exception <a 'java/lang/ClassNotFoundException': org/springframework/beans/factory/DisposableBeanCustomizer> (0x0000000772e8d228) thrown at [C:\wsjdk\Corretto8Src\installers\windows\zip\corretto-build\buildRoot\src\hotspot\src\share\vm\classfile\systemDic
Event: 9.755 Thread 0x000002027907a000 Exception <a 'java/lang/ClassNotFoundException': java/lang/ObjectCustomizer> (0x0000000772ef7488) thrown at [C:\wsjdk\Corretto8Src\installers\windows\zip\corretto-build\buildRoot\src\hotspot\src\share\vm\classfile\systemDictionary.cpp, line 217]
Event: 9.756 Thread 0x000002027907a000 Exception <a 'java/lang/ClassNotFoundException': org/springframework/web/multipart/support/StandardServletMultipartResolverCustomizer> (0x0000000772f38f70) thrown at [C:\wsjdk\Corretto8Src\installers\windows\zip\corretto-build\buildRoot\src\hotspot\src\sh
Event: 9.757 Thread 0x000002027907a000 Exception <a 'java/lang/ClassNotFoundException': org/springframework/web/multipart/MultipartResolverCustomizer> (0x0000000772f708a8) thrown at [C:\wsjdk\Corretto8Src\installers\windows\zip\corretto-build\buildRoot\src\hotspot\src\share\vm\classfile\system
Event: 9.790 Thread 0x000002027907a000 Exception <a 'java/lang/IncompatibleClassChangeError': Found class java.lang.Object, but interface was expected> (0x000000077326a640) thrown at [C:\wsjdk\Corretto8Src\installers\windows\zip\corretto-build\buildRoot\src\hotspot\src\share\vm\interpreter\lin
Event: 23.082 Thread 0x000002027907a000 Exception <a 'java/lang/ClassNotFoundException': java/lang/ObjectCustomizer> (0x0000000770cb7660) thrown at [C:\wsjdk\Corretto8Src\installers\windows\zip\corretto-build\buildRoot\src\hotspot\src\share\vm\classfile\systemDictionary.cpp, line 217]
Event: 23.083 Thread 0x000002027907a000 Exception <a 'java/lang/ClassNotFoundException': com/weblog/esTestCustomizer> (0x0000000770cd8da8) thrown at [C:\wsjdk\Corretto8Src\installers\windows\zip\corretto-build\buildRoot\src\hotspot\src\share\vm\classfile\systemDictionary.cpp, line 217]

Events (10 events):
Event: 23.090 loading class org/junit/jupiter/api/extension/ExtensionContext
Event: 23.090 loading class org/junit/jupiter/api/extension/ExtensionContext done
Event: 23.090 loading class org/junit/jupiter/engine/extension/TempDirectory
Event: 23.090 loading class org/junit/jupiter/engine/extension/TempDirectory done
Event: 23.091 loading class org/junit/jupiter/api/extension/TestInstances
Event: 23.091 loading class org/junit/jupiter/api/extension/TestInstances done
Event: 23.092 loading class org/springframework/test/annotation/DirtiesContext$MethodMode
Event: 23.092 loading class org/springframework/test/annotation/DirtiesContext$MethodMode done
Event: 23.094 loading class org/springframework/test/context/transaction/TransactionContextHolder
Event: 23.094 loading class org/springframework/test/context/transaction/TransactionContextHolder done


Dynamic libraries:
0x00007ff748540000 - 0x00007ff74857a000 	C:\Users\Letitbe\.jdks\corretto-1.8.0_312\bin\java.exe
0x00007ffc769d0000 - 0x00007ffc76bc8000 	C:\WINDOWS\SYSTEM32\ntdll.dll
0x00007ffc75f30000 - 0x00007ffc75fef000 	C:\WINDOWS\System32\KERNEL32.DLL
0x00007ffc740c0000 - 0x00007ffc74392000 	C:\WINDOWS\System32\KERNELBASE.dll
0x00007ffc76870000 - 0x00007ffc7691e000 	C:\WINDOWS\System32\ADVAPI32.dll
0x00007ffc75170000 - 0x00007ffc7520e000 	C:\WINDOWS\System32\msvcrt.dll
0x00007ffc76080000 - 0x00007ffc7611c000 	C:\WINDOWS\System32\sechost.dll
0x00007ffc75e00000 - 0x00007ffc75f25000 	C:\WINDOWS\System32\RPCRT4.dll
0x00007ffc757a0000 - 0x00007ffc75941000 	C:\WINDOWS\System32\USER32.dll
0x00007ffc74430000 - 0x00007ffc74452000 	C:\WINDOWS\System32\win32u.dll
0x00007ffc75630000 - 0x00007ffc7565b000 	C:\WINDOWS\System32\GDI32.dll
0x00007ffc74770000 - 0x00007ffc7487f000 	C:\WINDOWS\System32\gdi32full.dll
0x00007ffc748d0000 - 0x00007ffc7496d000 	C:\WINDOWS\System32\msvcp_win.dll
0x00007ffc74510000 - 0x00007ffc74610000 	C:\WINDOWS\System32\ucrtbase.dll
0x00007ffc618b0000 - 0x00007ffc61b4a000 	C:\WINDOWS\WinSxS\amd64_microsoft.windows.common-controls_6595b64144ccf1df_6.0.19041.1110_none_60b5254171f9507e\COMCTL32.dll
0x00007ffc75130000 - 0x00007ffc75162000 	C:\WINDOWS\System32\IMM32.DLL
0x00007ffc57f10000 - 0x00007ffc57fff000 	C:\Users\Letitbe\.jdks\corretto-1.8.0_312\jre\bin\msvcr120.dll
0x00007ffc5beb0000 - 0x00007ffc5bf56000 	C:\Users\Letitbe\.jdks\corretto-1.8.0_312\jre\bin\msvcp120.dll
0x0000000070370000 - 0x0000000070be0000 	C:\Users\Letitbe\.jdks\corretto-1.8.0_312\jre\bin\server\jvm.dll
0x00007ffc76920000 - 0x00007ffc76928000 	C:\WINDOWS\System32\PSAPI.DLL
0x00007ffc4aec0000 - 0x00007ffc4aec9000 	C:\WINDOWS\SYSTEM32\WSOCK32.dll
0x00007ffc713c0000 - 0x00007ffc713e7000 	C:\WINDOWS\SYSTEM32\WINMM.dll
0x00007ffc752d0000 - 0x00007ffc7533b000 	C:\WINDOWS\System32\WS2_32.dll
0x00007ffc6bf30000 - 0x00007ffc6bf3a000 	C:\WINDOWS\SYSTEM32\VERSION.dll
0x00007ffc6cd80000 - 0x00007ffc6cd8f000 	C:\Users\Letitbe\.jdks\corretto-1.8.0_312\jre\bin\verify.dll
0x00007ffc6cd50000 - 0x00007ffc6cd79000 	C:\Users\Letitbe\.jdks\corretto-1.8.0_312\jre\bin\java.dll
0x00007ffc5c500000 - 0x00007ffc5c52a000 	C:\Users\Letitbe\.jdks\corretto-1.8.0_312\jre\bin\instrument.dll
0x00007ffc69640000 - 0x00007ffc69656000 	C:\Users\Letitbe\.jdks\corretto-1.8.0_312\jre\bin\zip.dll
0x00007ffc76120000 - 0x00007ffc76864000 	C:\WINDOWS\System32\SHELL32.dll
0x00007ffc71dc0000 - 0x00007ffc72552000 	C:\WINDOWS\SYSTEM32\windows.storage.dll
0x00007ffc759d0000 - 0x00007ffc75d25000 	C:\WINDOWS\System32\combase.dll
0x00007ffc73b20000 - 0x00007ffc73b50000 	C:\WINDOWS\SYSTEM32\Wldp.dll
0x00007ffc753a0000 - 0x00007ffc7544d000 	C:\WINDOWS\System32\SHCORE.dll
0x00007ffc75210000 - 0x00007ffc75265000 	C:\WINDOWS\System32\shlwapi.dll
0x00007ffc74000000 - 0x00007ffc7401f000 	C:\WINDOWS\SYSTEM32\profapi.dll
0x00007ffc5c780000 - 0x00007ffc5c79a000 	D:\Program Files\JetBrains\IntelliJ IDEA 2021.3.3\bin\breakgen64.dll
0x00007ffc69620000 - 0x00007ffc6963a000 	C:\Users\Letitbe\.jdks\corretto-1.8.0_312\jre\bin\net.dll
0x00007ffc73880000 - 0x00007ffc738ea000 	C:\WINDOWS\system32\mswsock.dll
0x00007ffc5c820000 - 0x00007ffc5c832000 	C:\Users\Letitbe\.jdks\corretto-1.8.0_312\jre\bin\nio.dll
0x00007ffc6dd20000 - 0x00007ffc6dd2d000 	C:\Users\Letitbe\.jdks\corretto-1.8.0_312\jre\bin\management.dll
0x00007ffc3a040000 - 0x00007ffc3a057000 	C:\WINDOWS\system32\napinsp.dll
0x00007ffc3a020000 - 0x00007ffc3a03b000 	C:\WINDOWS\system32\pnrpnsp.dll
0x00007ffc6d570000 - 0x00007ffc6d585000 	C:\WINDOWS\system32\wshbth.dll
0x00007ffc6d6e0000 - 0x00007ffc6d6fd000 	C:\WINDOWS\system32\NLAapi.dll
0x00007ffc73520000 - 0x00007ffc7355b000 	C:\WINDOWS\SYSTEM32\IPHLPAPI.DLL
0x00007ffc73560000 - 0x00007ffc7362a000 	C:\WINDOWS\SYSTEM32\DNSAPI.dll
0x00007ffc75660000 - 0x00007ffc75668000 	C:\WINDOWS\System32\NSI.dll
0x00007ffc3a000000 - 0x00007ffc3a012000 	C:\WINDOWS\System32\winrnr.dll
0x0000000070ff0000 - 0x0000000071016000 	C:\Program Files\Bonjour\mdnsNSP.dll
0x00007ffc66510000 - 0x00007ffc6651a000 	C:\Windows\System32\rasadhlp.dll
0x00007ffc66430000 - 0x00007ffc664b0000 	C:\WINDOWS\System32\fwpuclnt.dll
0x00007ffc74970000 - 0x00007ffc74997000 	C:\WINDOWS\System32\bcrypt.dll
0x00007ffc5c4d0000 - 0x00007ffc5c4f3000 	C:\Users\Letitbe\.jdks\corretto-1.8.0_312\jre\bin\sunec.dll
0x00007ffc73a80000 - 0x00007ffc73a98000 	C:\WINDOWS\SYSTEM32\CRYPTSP.dll
0x00007ffc73130000 - 0x00007ffc73164000 	C:\WINDOWS\system32\rsaenh.dll
0x00007ffc73fc0000 - 0x00007ffc73fee000 	C:\WINDOWS\SYSTEM32\USERENV.dll
0x00007ffc743a0000 - 0x00007ffc74422000 	C:\WINDOWS\System32\bcryptprimitives.dll
0x00007ffc73a70000 - 0x00007ffc73a7c000 	C:\WINDOWS\SYSTEM32\CRYPTBASE.dll
0x00007ffc69ef0000 - 0x00007ffc69f07000 	C:\WINDOWS\SYSTEM32\dhcpcsvc6.DLL
0x00007ffc69ed0000 - 0x00007ffc69eed000 	C:\WINDOWS\SYSTEM32\dhcpcsvc.DLL
0x00007ffc6d240000 - 0x00007ffc6d24c000 	C:\Users\Letitbe\.jdks\corretto-1.8.0_312\jre\bin\sunmscapi.dll
0x00007ffc74610000 - 0x00007ffc74766000 	C:\WINDOWS\System32\CRYPT32.dll
0x00007ffc73b90000 - 0x00007ffc73bb7000 	C:\WINDOWS\SYSTEM32\ncrypt.dll
0x00007ffc73b50000 - 0x00007ffc73b8b000 	C:\WINDOWS\SYSTEM32\NTASN1.dll

VM Arguments:
jvm_args: -Dvisualvm.id=14753056862000 -ea -Didea.test.cyclic.buffer.size=1048576 -javaagent:D:\Program Files\JetBrains\IntelliJ IDEA 2021.3.3\lib\idea_rt.jar=56385:D:\Program Files\JetBrains\IntelliJ IDEA 2021.3.3\bin -Dfile.encoding=UTF-8 
java_command: com.intellij.rt.junit.JUnitStarter -ideVersion5 -junit5 com.weblog.esTest,testBulkRequest2
java_class_path (initial): C:\Users\Letitbe\.m2\repository\org\junit\platform\junit-platform-launcher\1.8.2\junit-platform-launcher-1.8.2.jar;D:\Program Files\JetBrains\IntelliJ IDEA 2021.3.3\lib\idea_rt.jar;D:\Program Files\JetBrains\IntelliJ IDEA 2021.3.3\plugins\junit\lib\junit5-rt.jar;D:\Program Files\JetBrains\IntelliJ IDEA 2021.3.3\plugins\junit\lib\junit-rt.jar;C:\Users\Letitbe\.jdks\corretto-1.8.0_312\jre\lib\charsets.jar;C:\Users\Letitbe\.jdks\corretto-1.8.0_312\jre\lib\ext\access-bridge-64.jar;C:\Users\Letitbe\.jdks\corretto-1.8.0_312\jre\lib\ext\cldrdata.jar;C:\Users\Letitbe\.jdks\corretto-1.8.0_312\jre\lib\ext\dnsns.jar;C:\Users\Letitbe\.jdks\corretto-1.8.0_312\jre\lib\ext\jaccess.jar;C:\Users\Letitbe\.jdks\corretto-1.8.0_312\jre\lib\ext\jfxrt.jar;C:\Users\Letitbe\.jdks\corretto-1.8.0_312\jre\lib\ext\localedata.jar;C:\Users\Letitbe\.jdks\corretto-1.8.0_312\jre\lib\ext\nashorn.jar;C:\Users\Letitbe\.jdks\corretto-1.8.0_312\jre\lib\ext\sunec.jar;C:\Users\Letitbe\.jdks\corretto-1.8.0_312\jre\lib\ext\sunjce_provider.jar;C:\Users\Letitbe\.jdks\corretto-1.8.0_312\jre\lib\ext\sunmscapi.jar;C:\Users\Letitbe\.jdks\corretto-1.8.0_312\jre\lib\ext\sunpkcs11.jar;C:\Users\Letitbe\.jdks\corretto-1.8.0_312\jre\lib\ext\zipfs.jar;C:\Users\Letitbe\.jdks\corretto-1.8.0_312\jre\lib\jce.jar;C:\Users\Letitbe\.jdks\corretto-1.8.0_312\jre\lib\jfr.jar;C:\Users\Letitbe\.jdks\corretto-1.8.0_312\jre\lib\jfxswt.jar;C:\Users\Letitbe\.jdks\corretto-1.8.0_312\jre\lib\jsse.jar;C:\Users\Letitbe\.jdks\corretto-1.8.0_312\jre\lib\management-agent.jar;C:\Users\Letitbe\.jdks\corretto-1.8.0_312\jre\lib\resources.jar;C:\Users\Letitbe\.jdks\corretto-1.8.0_312\jre\lib\rt.jar;D:\Java\idea\weblog\target\test-classes;D:\Java\idea\weblog\target\classes;C:\Users\Letitbe\.m2\repository\org\projectlombok\lombok\1.18.24\lombok-1.18
Launcher Type: SUN_STANDARD

Environment Variables:
JAVA_HOME=D:\Java
PATH=D:\Program Files (x86)\VMware\VMware Workstation\bin\;D:\Program Files\MySQL\MySQL Server 5.5\bin;C:\Program Files (x86)\Common Files\Oracle\Java\javapath;C:\Windows\system32;C:\Windows;C:\Windows\System32\Wbem;C:\Windows\System32\WindowsPowerShell\v1.0\;C:\Windows\System32\OpenSSH\;C:\Program Files (x86)\NVIDIA Corporation\PhysX\Common;C:\Program Files\NVIDIA Corporation\NVIDIA NvDLISR\;C:\Program Files (x86)\Yozosoft\Yozo_Office\Lib\xuggler\bin;D:\Java\bin;C:\WINDOWS\system32;C:\WINDOWS;C:\WINDOWS\System32\Wbem;C:\WINDOWS\System32\WindowsPowerShell\v1.0\;C:\WINDOWS\System32\OpenSSH\;D:\Users\Letitbe\Maven\apache-maven-3.6.0-bin\apache-maven-3.6.0\bin;C:\Program Files\PuTTY\;D:\texlive\texlive\2021\bin\win32;D:\Java\MySQL\mysql-8.0.28-winx64\bin;C:\Program Files\MySQL\MySQL Server 8.0\bin;D:\Program Files\erl-24.2.1\bin;D:\Program Files (x86)\NetSarang\Xftp 7\;D:\Git\cmd;D:\Program Files (x86)\NetSarang\Xshell 7\;D:\nvm;D:\nodejs;"D:\nodejs;D:\nodejs\node_global;";C:\Program Files\MySQL\MySQL Shell 8.0\bin\;C:\Users\Letitbe\AppData\Local\Microsoft\WindowsApps;D:\Program Files\JetBrains\IntelliJ IDEA 2021.3.1\bin;;D:\altera\13.1\modelsim_ae\win32aloem;D:\altera\13.1\modelsim_ase\win32aloem;C:\Users\Letitbe\AppData\Local\GitHubDesktop\bin;D:\nodejs\node_global;D:\nvm;D:\nodejs;D:\APP\Vscode\Microsoft VS Code\bin;D:\nodejs\node_cache;
USERNAME=Letitbe
OS=Windows_NT
PROCESSOR_IDENTIFIER=Intel64 Family 6 Model 142 Stepping 12, GenuineIntel



---------------  S Y S T E M  ---------------

OS: Windows 10.0 , 64 bit Build 19041 (10.0.19041.2364)

CPU:total 8 (initial active 8) (4 cores per cpu, 2 threads per core) family 6 model 142 stepping 12, cmov, cx8, fxsr, mmx, sse, sse2, sse3, ssse3, sse4.1, sse4.2, popcnt, avx, avx2, aes, clmul, erms, 3dnowpref, lzcnt, ht, tsc, tscinvbit, bmi1, bmi2, adx

Memory: 4k page, physical 16601588k(3307208k free), swap 16601588k(7400k free)

vm_info: OpenJDK 64-Bit Server VM (25.312-b07) for windows-amd64 JRE (1.8.0_312-b07), built on Oct 14 2021 21:08:49 by "Administrator" with MS VC++ 12.0 (VS2013)

time: Thu Dec 22 13:18:51 2022
timezone: ?D1???
elapsed time: 23.115477 seconds (0d 0h 0m 23s)

